[0.010s] Invoking command in '/home/vincent/ros2_ws/src/build/my_control_package': CMAKE_PREFIX_PATH=${CMAKE_PREFIX_PATH}:/home/vincent/ros2_ws/install/crazyflie_py:/opt/ros/humble /usr/bin/cmake /home/vincent/ros2_ws/src/my_control_package -DAMENT_CMAKE_SYMLINK_INSTALL=1 -DCMAKE_INSTALL_PREFIX=/home/vincent/ros2_ws/src/install/my_control_package
[0.772s] -- The C compiler identification is GNU 11.4.0
[1.246s] -- The CXX compiler identification is GNU 11.4.0
[1.271s] -- Detecting C compiler ABI info
[1.410s] -- Detecting C compiler ABI info - done
[1.425s] -- Check for working C compiler: /usr/bin/cc - skipped
[1.425s] -- Detecting C compile features
[1.441s] -- Detecting C compile features - done
[1.451s] -- Detecting CXX compiler ABI info
[1.553s] -- Detecting CXX compiler ABI info - done
[1.560s] -- Check for working CXX compiler: /usr/bin/c++ - skipped
[1.561s] -- Detecting CXX compile features
[1.561s] -- Detecting CXX compile features - done
[1.588s] -- Found ament_cmake: 1.3.10 (/opt/ros/humble/share/ament_cmake/cmake)
[1.800s] -- Found Python3: /usr/bin/python3 (found version "3.10.12") found components: Interpreter 
[1.922s] -- Override CMake install command with custom implementation using symlinks instead of copying resources
[2.099s] -- Found rclcpp: 16.0.10 (/opt/ros/humble/share/rclcpp/cmake)
[2.417s] -- Found rosidl_generator_c: 3.1.5 (/opt/ros/humble/share/rosidl_generator_c/cmake)
[2.435s] -- Found rosidl_adapter: 3.1.5 (/opt/ros/humble/share/rosidl_adapter/cmake)
[2.448s] -- Found rosidl_generator_cpp: 3.1.5 (/opt/ros/humble/share/rosidl_generator_cpp/cmake)
[2.465s] -- Using all available rosidl_typesupport_c: rosidl_typesupport_fastrtps_c;rosidl_typesupport_introspection_c
[2.498s] -- Using all available rosidl_typesupport_cpp: rosidl_typesupport_fastrtps_cpp;rosidl_typesupport_introspection_cpp
[2.668s] -- Found rmw_implementation_cmake: 6.1.2 (/opt/ros/humble/share/rmw_implementation_cmake/cmake)
[2.674s] -- Found rmw_fastrtps_cpp: 6.2.7 (/opt/ros/humble/share/rmw_fastrtps_cpp/cmake)
[3.033s] -- Found OpenSSL: /usr/lib/x86_64-linux-gnu/libcrypto.so (found version "3.0.2")  
[3.057s] -- Found FastRTPS: /opt/ros/humble/include  
[3.110s] -- Using RMW implementation 'rmw_fastrtps_cpp' as default
[3.157s] -- Looking for pthread.h
[3.327s] -- Looking for pthread.h - found
[3.327s] -- Performing Test CMAKE_HAVE_LIBC_PTHREAD
[3.409s] -- Performing Test CMAKE_HAVE_LIBC_PTHREAD - Success
[3.410s] -- Found Threads: TRUE  
[3.529s] -- Found ament_lint_auto: 0.12.11 (/opt/ros/humble/share/ament_lint_auto/cmake)
[3.669s] -- Added test 'lint_cmake' to check CMake code style
[3.671s] -- Added test 'xmllint' to check XML markup files
[3.673s] -- Configuring done
[3.676s] -- Generating done
[3.678s] -- Build files have been written to: /home/vincent/ros2_ws/src/build/my_control_package
[3.687s] Invoked command in '/home/vincent/ros2_ws/src/build/my_control_package' returned '0': CMAKE_PREFIX_PATH=${CMAKE_PREFIX_PATH}:/home/vincent/ros2_ws/install/crazyflie_py:/opt/ros/humble /usr/bin/cmake /home/vincent/ros2_ws/src/my_control_package -DAMENT_CMAKE_SYMLINK_INSTALL=1 -DCMAKE_INSTALL_PREFIX=/home/vincent/ros2_ws/src/install/my_control_package
[3.689s] Invoking command in '/home/vincent/ros2_ws/src/build/my_control_package': CMAKE_PREFIX_PATH=${CMAKE_PREFIX_PATH}:/home/vincent/ros2_ws/install/crazyflie_py:/opt/ros/humble /usr/bin/cmake --build /home/vincent/ros2_ws/src/build/my_control_package -- -j8 -l8
[3.726s] Invoked command in '/home/vincent/ros2_ws/src/build/my_control_package' returned '0': CMAKE_PREFIX_PATH=${CMAKE_PREFIX_PATH}:/home/vincent/ros2_ws/install/crazyflie_py:/opt/ros/humble /usr/bin/cmake --build /home/vincent/ros2_ws/src/build/my_control_package -- -j8 -l8
[3.753s] Invoking command in '/home/vincent/ros2_ws/src/build/my_control_package': CMAKE_PREFIX_PATH=${CMAKE_PREFIX_PATH}:/home/vincent/ros2_ws/install/crazyflie_py:/opt/ros/humble /usr/bin/cmake --install /home/vincent/ros2_ws/src/build/my_control_package
[3.759s] -- Install configuration: ""
[3.760s] -- Execute custom install script
[3.760s] -- Symlinking: /home/vincent/ros2_ws/src/install/my_control_package/share/ament_index/resource_index/package_run_dependencies/my_control_package
[3.768s] -- Symlinking: /home/vincent/ros2_ws/src/install/my_control_package/share/ament_index/resource_index/parent_prefix_path/my_control_package
[3.775s] -- Symlinking: /home/vincent/ros2_ws/src/install/my_control_package/share/my_control_package/environment/ament_prefix_path.sh
[3.783s] -- Symlinking: /home/vincent/ros2_ws/src/install/my_control_package/share/my_control_package/environment/ament_prefix_path.dsv
[3.792s] -- Symlinking: /home/vincent/ros2_ws/src/install/my_control_package/share/my_control_package/environment/path.sh
[3.799s] -- Symlinking: /home/vincent/ros2_ws/src/install/my_control_package/share/my_control_package/environment/path.dsv
[3.808s] -- Symlinking: /home/vincent/ros2_ws/src/install/my_control_package/share/my_control_package/local_setup.bash
[3.816s] -- Symlinking: /home/vincent/ros2_ws/src/install/my_control_package/share/my_control_package/local_setup.sh
[3.824s] -- Symlinking: /home/vincent/ros2_ws/src/install/my_control_package/share/my_control_package/local_setup.zsh
[3.833s] -- Symlinking: /home/vincent/ros2_ws/src/install/my_control_package/share/my_control_package/local_setup.dsv
[3.841s] -- Symlinking: /home/vincent/ros2_ws/src/install/my_control_package/share/my_control_package/package.dsv
[3.849s] -- Symlinking: /home/vincent/ros2_ws/src/install/my_control_package/share/ament_index/resource_index/packages/my_control_package
[3.856s] -- Symlinking: /home/vincent/ros2_ws/src/install/my_control_package/share/my_control_package/cmake/my_control_packageConfig.cmake
[3.864s] -- Symlinking: /home/vincent/ros2_ws/src/install/my_control_package/share/my_control_package/cmake/my_control_packageConfig-version.cmake
[3.872s] -- Symlinking: /home/vincent/ros2_ws/src/install/my_control_package/share/my_control_package/package.xml
[3.882s] Invoked command in '/home/vincent/ros2_ws/src/build/my_control_package' returned '0': CMAKE_PREFIX_PATH=${CMAKE_PREFIX_PATH}:/home/vincent/ros2_ws/install/crazyflie_py:/opt/ros/humble /usr/bin/cmake --install /home/vincent/ros2_ws/src/build/my_control_package
