[0.528s] Invoking command in '/home/vincent/ros2_ws/src/build/crazyflie_sim': AMENT_PREFIX_PATH=/home/vincent/ros2_ws/src/install/crazyflie_interfaces:${AMENT_PREFIX_PATH} CMAKE_PREFIX_PATH=/home/vincent/ros2_ws/src/install/crazyflie_interfaces:/home/vincent/ros2_ws/install/my_control_package:/home/vincent/ros2_ws/install/crazyflie_sim:/home/vincent/ros2_ws/install/crazyflie_examples:/home/vincent/ros2_ws/install/crazyflie:/home/vincent/ros2_ws/install/crazyflie_interfaces:/home/vincent/ros2_ws/install/crazyflie_py:/opt/ros/humble LD_LIBRARY_PATH=/home/vincent/ros2_ws/src/install/crazyflie_interfaces/lib:${LD_LIBRARY_PATH} PYTHONPATH=/home/vincent/ros2_ws/src/install/crazyflie_interfaces/local/lib/python3.10/dist-packages:${PYTHONPATH} /usr/bin/cmake --build /home/vincent/ros2_ws/src/build/crazyflie_sim -- -j8 -l8
[0.608s] Built target ament_cmake_python_symlink_crazyflie_sim_setup
[0.631s] Built target ament_cmake_python_symlink_crazyflie_sim
[1.008s] running egg_info
[1.008s] writing crazyflie_sim.egg-info/PKG-INFO
[1.009s] writing dependency_links to crazyflie_sim.egg-info/dependency_links.txt
[1.009s] writing entry points to crazyflie_sim.egg-info/entry_points.txt
[1.009s] writing top-level names to crazyflie_sim.egg-info/top_level.txt
[1.012s] reading manifest file 'crazyflie_sim.egg-info/SOURCES.txt'
[1.013s] writing manifest file 'crazyflie_sim.egg-info/SOURCES.txt'
[1.052s] Built target ament_cmake_python_build_crazyflie_sim_egg
[1.083s] running install_scripts
[1.103s] /usr/lib/python3/dist-packages/setuptools/command/install.py:34: SetuptoolsDeprecationWarning: setup.py install is deprecated. Use build and pip and other standards-based tools.
[1.103s]   warnings.warn(
[1.138s] running egg_info
[1.140s] writing crazyflie_sim.egg-info/PKG-INFO
[1.140s] writing dependency_links to crazyflie_sim.egg-info/dependency_links.txt
[1.140s] writing entry points to crazyflie_sim.egg-info/entry_points.txt
[1.140s] writing top-level names to crazyflie_sim.egg-info/top_level.txt
[1.143s] reading manifest file 'crazyflie_sim.egg-info/SOURCES.txt'
[1.144s] writing manifest file 'crazyflie_sim.egg-info/SOURCES.txt'
[1.146s] Installing crazyflie_server script to scripts
[1.180s] Built target ament_cmake_python_build_crazyflie_sim_scripts
[1.191s] Invoked command in '/home/vincent/ros2_ws/src/build/crazyflie_sim' returned '0': AMENT_PREFIX_PATH=/home/vincent/ros2_ws/src/install/crazyflie_interfaces:${AMENT_PREFIX_PATH} CMAKE_PREFIX_PATH=/home/vincent/ros2_ws/src/install/crazyflie_interfaces:/home/vincent/ros2_ws/install/my_control_package:/home/vincent/ros2_ws/install/crazyflie_sim:/home/vincent/ros2_ws/install/crazyflie_examples:/home/vincent/ros2_ws/install/crazyflie:/home/vincent/ros2_ws/install/crazyflie_interfaces:/home/vincent/ros2_ws/install/crazyflie_py:/opt/ros/humble LD_LIBRARY_PATH=/home/vincent/ros2_ws/src/install/crazyflie_interfaces/lib:${LD_LIBRARY_PATH} PYTHONPATH=/home/vincent/ros2_ws/src/install/crazyflie_interfaces/local/lib/python3.10/dist-packages:${PYTHONPATH} /usr/bin/cmake --build /home/vincent/ros2_ws/src/build/crazyflie_sim -- -j8 -l8
[1.214s] Invoking command in '/home/vincent/ros2_ws/src/build/crazyflie_sim': AMENT_PREFIX_PATH=/home/vincent/ros2_ws/src/install/crazyflie_interfaces:${AMENT_PREFIX_PATH} CMAKE_PREFIX_PATH=/home/vincent/ros2_ws/src/install/crazyflie_interfaces:/home/vincent/ros2_ws/install/my_control_package:/home/vincent/ros2_ws/install/crazyflie_sim:/home/vincent/ros2_ws/install/crazyflie_examples:/home/vincent/ros2_ws/install/crazyflie:/home/vincent/ros2_ws/install/crazyflie_interfaces:/home/vincent/ros2_ws/install/crazyflie_py:/opt/ros/humble LD_LIBRARY_PATH=/home/vincent/ros2_ws/src/install/crazyflie_interfaces/lib:${LD_LIBRARY_PATH} PYTHONPATH=/home/vincent/ros2_ws/src/install/crazyflie_interfaces/local/lib/python3.10/dist-packages:${PYTHONPATH} /usr/bin/cmake --install /home/vincent/ros2_ws/src/build/crazyflie_sim
[1.222s] -- Install configuration: ""
[1.222s] -- Execute custom install script
[1.223s] -- Up-to-date symlink: /home/vincent/ros2_ws/src/install/crazyflie_sim/share/crazyflie_sim/environment/pythonpath.sh
[1.223s] -- Up-to-date symlink: /home/vincent/ros2_ws/src/install/crazyflie_sim/share/crazyflie_sim/environment/pythonpath.dsv
[1.223s] -- Up-to-date symlink: /home/vincent/ros2_ws/src/install/crazyflie_sim/local/lib/python3.10/dist-packages/crazyflie_sim-2.0.0-py3.10.egg-info/PKG-INFO
[1.224s] -- Up-to-date symlink: /home/vincent/ros2_ws/src/install/crazyflie_sim/local/lib/python3.10/dist-packages/crazyflie_sim-2.0.0-py3.10.egg-info/SOURCES.txt
[1.224s] -- Up-to-date symlink: /home/vincent/ros2_ws/src/install/crazyflie_sim/local/lib/python3.10/dist-packages/crazyflie_sim-2.0.0-py3.10.egg-info/dependency_links.txt
[1.224s] -- Up-to-date symlink: /home/vincent/ros2_ws/src/install/crazyflie_sim/local/lib/python3.10/dist-packages/crazyflie_sim-2.0.0-py3.10.egg-info/entry_points.txt
[1.224s] -- Up-to-date symlink: /home/vincent/ros2_ws/src/install/crazyflie_sim/local/lib/python3.10/dist-packages/crazyflie_sim-2.0.0-py3.10.egg-info/top_level.txt
[1.224s] -- Up-to-date symlink: /home/vincent/ros2_ws/src/install/crazyflie_sim/lib/crazyflie_sim//crazyflie_server
[1.226s] -- Up-to-date symlink: /home/vincent/ros2_ws/src/install/crazyflie_sim/local/lib/python3.10/dist-packages/crazyflie_sim/__init__.py
[1.226s] -- Up-to-date symlink: /home/vincent/ros2_ws/src/install/crazyflie_sim/local/lib/python3.10/dist-packages/crazyflie_sim/backend/data/dynobench/crazyflie2.yaml
[1.226s] -- Up-to-date symlink: /home/vincent/ros2_ws/src/install/crazyflie_sim/local/lib/python3.10/dist-packages/crazyflie_sim/backend/data/neuralswarm2/phi_G.pth
[1.227s] -- Up-to-date symlink: /home/vincent/ros2_ws/src/install/crazyflie_sim/local/lib/python3.10/dist-packages/crazyflie_sim/backend/data/neuralswarm2/phi_L.pth
[1.227s] -- Up-to-date symlink: /home/vincent/ros2_ws/src/install/crazyflie_sim/local/lib/python3.10/dist-packages/crazyflie_sim/backend/data/neuralswarm2/phi_S.pth
[1.227s] -- Up-to-date symlink: /home/vincent/ros2_ws/src/install/crazyflie_sim/local/lib/python3.10/dist-packages/crazyflie_sim/backend/data/neuralswarm2/rho_L.pth
[1.227s] -- Up-to-date symlink: /home/vincent/ros2_ws/src/install/crazyflie_sim/local/lib/python3.10/dist-packages/crazyflie_sim/backend/data/neuralswarm2/rho_S.pth
[1.227s] -- Up-to-date symlink: /home/vincent/ros2_ws/src/install/crazyflie_sim/local/lib/python3.10/dist-packages/crazyflie_sim/backend/data/pinocchio/crazyflie2.urdf
[1.227s] -- Up-to-date symlink: /home/vincent/ros2_ws/src/install/crazyflie_sim/local/lib/python3.10/dist-packages/crazyflie_sim/backend/dynobench.py
[1.227s] -- Up-to-date symlink: /home/vincent/ros2_ws/src/install/crazyflie_sim/local/lib/python3.10/dist-packages/crazyflie_sim/backend/neuralswarm.py
[1.227s] -- Up-to-date symlink: /home/vincent/ros2_ws/src/install/crazyflie_sim/local/lib/python3.10/dist-packages/crazyflie_sim/backend/none.py
[1.228s] -- Up-to-date symlink: /home/vincent/ros2_ws/src/install/crazyflie_sim/local/lib/python3.10/dist-packages/crazyflie_sim/backend/np.py
[1.228s] -- Up-to-date symlink: /home/vincent/ros2_ws/src/install/crazyflie_sim/local/lib/python3.10/dist-packages/crazyflie_sim/backend/pinocchio.py
[1.228s] -- Up-to-date symlink: /home/vincent/ros2_ws/src/install/crazyflie_sim/local/lib/python3.10/dist-packages/crazyflie_sim/crazyflie_server.py
[1.228s] -- Up-to-date symlink: /home/vincent/ros2_ws/src/install/crazyflie_sim/local/lib/python3.10/dist-packages/crazyflie_sim/crazyflie_sil.py
[1.228s] -- Up-to-date symlink: /home/vincent/ros2_ws/src/install/crazyflie_sim/local/lib/python3.10/dist-packages/crazyflie_sim/sim_data_types.py
[1.228s] -- Up-to-date symlink: /home/vincent/ros2_ws/src/install/crazyflie_sim/local/lib/python3.10/dist-packages/crazyflie_sim/visualization/README.md
[1.228s] -- Up-to-date symlink: /home/vincent/ros2_ws/src/install/crazyflie_sim/local/lib/python3.10/dist-packages/crazyflie_sim/visualization/blender.py
[1.229s] -- Up-to-date symlink: /home/vincent/ros2_ws/src/install/crazyflie_sim/local/lib/python3.10/dist-packages/crazyflie_sim/visualization/data/README.md
[1.229s] -- Up-to-date symlink: /home/vincent/ros2_ws/src/install/crazyflie_sim/local/lib/python3.10/dist-packages/crazyflie_sim/visualization/data/env/abandoned_greenhouse.jpg
[1.229s] -- Up-to-date symlink: /home/vincent/ros2_ws/src/install/crazyflie_sim/local/lib/python3.10/dist-packages/crazyflie_sim/visualization/data/env/aerodynamics_workshop.jpg
[1.229s] -- Up-to-date symlink: /home/vincent/ros2_ws/src/install/crazyflie_sim/local/lib/python3.10/dist-packages/crazyflie_sim/visualization/data/env/aviation_museum.jpg
[1.229s] -- Up-to-date symlink: /home/vincent/ros2_ws/src/install/crazyflie_sim/local/lib/python3.10/dist-packages/crazyflie_sim/visualization/data/env/crosswalk.jpg
[1.230s] -- Up-to-date symlink: /home/vincent/ros2_ws/src/install/crazyflie_sim/local/lib/python3.10/dist-packages/crazyflie_sim/visualization/data/env/derelict_overpass.jpg
[1.230s] -- Up-to-date symlink: /home/vincent/ros2_ws/src/install/crazyflie_sim/local/lib/python3.10/dist-packages/crazyflie_sim/visualization/data/env/env.jpg
[1.230s] -- Up-to-date symlink: /home/vincent/ros2_ws/src/install/crazyflie_sim/local/lib/python3.10/dist-packages/crazyflie_sim/visualization/data/env/lago_disola.jpg
[1.230s] -- Up-to-date symlink: /home/vincent/ros2_ws/src/install/crazyflie_sim/local/lib/python3.10/dist-packages/crazyflie_sim/visualization/data/env/lake_pier.jpg
[1.230s] -- Up-to-date symlink: /home/vincent/ros2_ws/src/install/crazyflie_sim/local/lib/python3.10/dist-packages/crazyflie_sim/visualization/data/env/machine_shop.jpg
[1.231s] -- Up-to-date symlink: /home/vincent/ros2_ws/src/install/crazyflie_sim/local/lib/python3.10/dist-packages/crazyflie_sim/visualization/data/env/museumplein.jpg
[1.231s] -- Up-to-date symlink: /home/vincent/ros2_ws/src/install/crazyflie_sim/local/lib/python3.10/dist-packages/crazyflie_sim/visualization/data/env/peppermint_powerplant.jpg
[1.231s] -- Up-to-date symlink: /home/vincent/ros2_ws/src/install/crazyflie_sim/local/lib/python3.10/dist-packages/crazyflie_sim/visualization/data/env/studio_garden.jpg
[1.231s] -- Up-to-date symlink: /home/vincent/ros2_ws/src/install/crazyflie_sim/local/lib/python3.10/dist-packages/crazyflie_sim/visualization/data/model/cf.mtl
[1.231s] -- Up-to-date symlink: /home/vincent/ros2_ws/src/install/crazyflie_sim/local/lib/python3.10/dist-packages/crazyflie_sim/visualization/data/model/cf.obj
[1.232s] -- Up-to-date symlink: /home/vincent/ros2_ws/src/install/crazyflie_sim/local/lib/python3.10/dist-packages/crazyflie_sim/visualization/pdf.py
[1.232s] -- Up-to-date symlink: /home/vincent/ros2_ws/src/install/crazyflie_sim/local/lib/python3.10/dist-packages/crazyflie_sim/visualization/record_states.py
[1.232s] -- Up-to-date symlink: /home/vincent/ros2_ws/src/install/crazyflie_sim/local/lib/python3.10/dist-packages/crazyflie_sim/visualization/rviz.py
[1.232s] -- Up-to-date symlink: /home/vincent/ros2_ws/src/install/crazyflie_sim/share/ament_index/resource_index/package_run_dependencies/crazyflie_sim
[1.233s] -- Up-to-date symlink: /home/vincent/ros2_ws/src/install/crazyflie_sim/share/ament_index/resource_index/parent_prefix_path/crazyflie_sim
[1.233s] -- Up-to-date symlink: /home/vincent/ros2_ws/src/install/crazyflie_sim/share/crazyflie_sim/environment/ament_prefix_path.sh
[1.233s] -- Up-to-date symlink: /home/vincent/ros2_ws/src/install/crazyflie_sim/share/crazyflie_sim/environment/ament_prefix_path.dsv
[1.233s] -- Up-to-date symlink: /home/vincent/ros2_ws/src/install/crazyflie_sim/share/crazyflie_sim/environment/path.sh
[1.233s] -- Up-to-date symlink: /home/vincent/ros2_ws/src/install/crazyflie_sim/share/crazyflie_sim/environment/path.dsv
[1.234s] -- Up-to-date symlink: /home/vincent/ros2_ws/src/install/crazyflie_sim/share/crazyflie_sim/local_setup.bash
[1.234s] -- Up-to-date symlink: /home/vincent/ros2_ws/src/install/crazyflie_sim/share/crazyflie_sim/local_setup.sh
[1.234s] -- Up-to-date symlink: /home/vincent/ros2_ws/src/install/crazyflie_sim/share/crazyflie_sim/local_setup.zsh
[1.234s] -- Up-to-date symlink: /home/vincent/ros2_ws/src/install/crazyflie_sim/share/crazyflie_sim/local_setup.dsv
[1.235s] -- Symlinking: /home/vincent/ros2_ws/src/install/crazyflie_sim/share/crazyflie_sim/package.dsv
[1.244s] -- Up-to-date symlink: /home/vincent/ros2_ws/src/install/crazyflie_sim/share/ament_index/resource_index/packages/crazyflie_sim
[1.244s] -- Up-to-date symlink: /home/vincent/ros2_ws/src/install/crazyflie_sim/share/crazyflie_sim/cmake/crazyflie_simConfig.cmake
[1.244s] -- Up-to-date symlink: /home/vincent/ros2_ws/src/install/crazyflie_sim/share/crazyflie_sim/cmake/crazyflie_simConfig-version.cmake
[1.244s] -- Up-to-date symlink: /home/vincent/ros2_ws/src/install/crazyflie_sim/share/crazyflie_sim/package.xml
[1.355s] Listing '/home/vincent/ros2_ws/src/install/crazyflie_sim/local/lib/python3.10/dist-packages/crazyflie_sim'...
[1.355s] Listing '/home/vincent/ros2_ws/src/install/crazyflie_sim/local/lib/python3.10/dist-packages/crazyflie_sim/backend'...
[1.355s] Listing '/home/vincent/ros2_ws/src/install/crazyflie_sim/local/lib/python3.10/dist-packages/crazyflie_sim/backend/data'...
[1.355s] Listing '/home/vincent/ros2_ws/src/install/crazyflie_sim/local/lib/python3.10/dist-packages/crazyflie_sim/backend/data/dynobench'...
[1.355s] Listing '/home/vincent/ros2_ws/src/install/crazyflie_sim/local/lib/python3.10/dist-packages/crazyflie_sim/backend/data/neuralswarm2'...
[1.355s] Listing '/home/vincent/ros2_ws/src/install/crazyflie_sim/local/lib/python3.10/dist-packages/crazyflie_sim/backend/data/pinocchio'...
[1.355s] Compiling '/home/vincent/ros2_ws/src/install/crazyflie_sim/local/lib/python3.10/dist-packages/crazyflie_sim/crazyflie_sil.py'...
[1.356s] Listing '/home/vincent/ros2_ws/src/install/crazyflie_sim/local/lib/python3.10/dist-packages/crazyflie_sim/visualization'...
[1.356s] Listing '/home/vincent/ros2_ws/src/install/crazyflie_sim/local/lib/python3.10/dist-packages/crazyflie_sim/visualization/data'...
[1.356s] Listing '/home/vincent/ros2_ws/src/install/crazyflie_sim/local/lib/python3.10/dist-packages/crazyflie_sim/visualization/data/env'...
[1.356s] Listing '/home/vincent/ros2_ws/src/install/crazyflie_sim/local/lib/python3.10/dist-packages/crazyflie_sim/visualization/data/model'...
[1.363s] Invoked command in '/home/vincent/ros2_ws/src/build/crazyflie_sim' returned '0': AMENT_PREFIX_PATH=/home/vincent/ros2_ws/src/install/crazyflie_interfaces:${AMENT_PREFIX_PATH} CMAKE_PREFIX_PATH=/home/vincent/ros2_ws/src/install/crazyflie_interfaces:/home/vincent/ros2_ws/install/my_control_package:/home/vincent/ros2_ws/install/crazyflie_sim:/home/vincent/ros2_ws/install/crazyflie_examples:/home/vincent/ros2_ws/install/crazyflie:/home/vincent/ros2_ws/install/crazyflie_interfaces:/home/vincent/ros2_ws/install/crazyflie_py:/opt/ros/humble LD_LIBRARY_PATH=/home/vincent/ros2_ws/src/install/crazyflie_interfaces/lib:${LD_LIBRARY_PATH} PYTHONPATH=/home/vincent/ros2_ws/src/install/crazyflie_interfaces/local/lib/python3.10/dist-packages:${PYTHONPATH} /usr/bin/cmake --install /home/vincent/ros2_ws/src/build/crazyflie_sim
