-- Found ament_cmake: 1.3.10 (/opt/ros/humble/share/ament_cmake/cmake)
-- Override CMake install command with custom implementation using symlinks instead of copying resources
-- Found std_msgs: 4.2.4 (/opt/ros/humble/share/std_msgs/cmake)
-- Found rosidl_generator_c: 3.1.5 (/opt/ros/humble/share/rosidl_generator_c/cmake)
-- Found rosidl_adapter: 3.1.5 (/opt/ros/humble/share/rosidl_adapter/cmake)
-- Found rosidl_generator_cpp: 3.1.5 (/opt/ros/humble/share/rosidl_generator_cpp/cmake)
-- Using all available rosidl_typesupport_c: rosidl_typesupport_fastrtps_c;rosidl_typesupport_introspection_c
-- Using all available rosidl_typesupport_cpp: rosidl_typesupport_fastrtps_cpp;rosidl_typesupport_introspection_cpp
-- Found std_srvs: 4.2.4 (/opt/ros/humble/share/std_srvs/cmake)
-- Found rclpy: 3.3.14 (/opt/ros/humble/share/rclpy/cmake)
-- Found crazyflie_interfaces: 2.0.0 (/home/vincent/ros2_ws/src/install/crazyflie_interfaces/share/crazyflie_interfaces/cmake)
-- Found crazyflie: 2.0.0 (/home/vincent/ros2_ws/src/install/crazyflie/share/crazyflie/cmake)
-- Found ament_lint_auto: 0.12.11 (/opt/ros/humble/share/ament_lint_auto/cmake)
-- Added test 'flake8' to check Python code syntax and style conventions
-- Added test 'lint_cmake' to check CMake code style
-- Added test 'pep257' to check Python code against some of the docstring style conventions in PEP 257
-- Added test 'xmllint' to check XML markup files
-- Configuring done
-- Generating done
-- Build files have been written to: /home/vincent/ros2_ws/src/build/my_control_package
Built target ament_cmake_python_symlink_my_control_package_setup
Built target ament_cmake_python_symlink_my_control_package
running egg_info
writing my_control_package.egg-info/PKG-INFO
writing dependency_links to my_control_package.egg-info/dependency_links.txt
writing entry points to my_control_package.egg-info/entry_points.txt
writing requirements to my_control_package.egg-info/requires.txt
writing top-level names to my_control_package.egg-info/top_level.txt
reading manifest file 'my_control_package.egg-info/SOURCES.txt'
writing manifest file 'my_control_package.egg-info/SOURCES.txt'
Built target ament_cmake_python_build_my_control_package_egg
-- Install configuration: ""
-- Execute custom install script
-- Up-to-date symlink: /home/vincent/ros2_ws/src/install/my_control_package/share/my_control_package/environment/pythonpath.sh
-- Up-to-date symlink: /home/vincent/ros2_ws/src/install/my_control_package/share/my_control_package/environment/pythonpath.dsv
-- Up-to-date symlink: /home/vincent/ros2_ws/src/install/my_control_package/local/lib/python3.10/dist-packages/my_control_package-0.1.0-py3.10.egg-info/PKG-INFO
-- Up-to-date symlink: /home/vincent/ros2_ws/src/install/my_control_package/local/lib/python3.10/dist-packages/my_control_package-0.1.0-py3.10.egg-info/SOURCES.txt
-- Up-to-date symlink: /home/vincent/ros2_ws/src/install/my_control_package/local/lib/python3.10/dist-packages/my_control_package-0.1.0-py3.10.egg-info/dependency_links.txt
-- Up-to-date symlink: /home/vincent/ros2_ws/src/install/my_control_package/local/lib/python3.10/dist-packages/my_control_package-0.1.0-py3.10.egg-info/entry_points.txt
-- Up-to-date symlink: /home/vincent/ros2_ws/src/install/my_control_package/local/lib/python3.10/dist-packages/my_control_package-0.1.0-py3.10.egg-info/requires.txt
-- Up-to-date symlink: /home/vincent/ros2_ws/src/install/my_control_package/local/lib/python3.10/dist-packages/my_control_package-0.1.0-py3.10.egg-info/top_level.txt
-- Up-to-date symlink: /home/vincent/ros2_ws/src/install/my_control_package/local/lib/python3.10/dist-packages/my_control_package/__init__.py
-- Symlinking: /home/vincent/ros2_ws/src/install/my_control_package/local/lib/python3.10/dist-packages/my_control_package/battery_reader.py
-- Up-to-date symlink: /home/vincent/ros2_ws/src/install/my_control_package/local/lib/python3.10/dist-packages/my_control_package/emergency_node.py
-- Up-to-date symlink: /home/vincent/ros2_ws/src/install/my_control_package/local/lib/python3.10/dist-packages/my_control_package/hello_world.py
-- Up-to-date symlink: /home/vincent/ros2_ws/src/install/my_control_package/share/my_control_package//launch/launch.py
-- Up-to-date symlink: /home/vincent/ros2_ws/src/install/my_control_package/share/ament_index/resource_index/package_run_dependencies/my_control_package
-- Up-to-date symlink: /home/vincent/ros2_ws/src/install/my_control_package/share/ament_index/resource_index/parent_prefix_path/my_control_package
-- Up-to-date symlink: /home/vincent/ros2_ws/src/install/my_control_package/share/my_control_package/environment/ament_prefix_path.sh
-- Up-to-date symlink: /home/vincent/ros2_ws/src/install/my_control_package/share/my_control_package/environment/ament_prefix_path.dsv
-- Up-to-date symlink: /home/vincent/ros2_ws/src/install/my_control_package/share/my_control_package/environment/path.sh
-- Up-to-date symlink: /home/vincent/ros2_ws/src/install/my_control_package/share/my_control_package/environment/path.dsv
-- Up-to-date symlink: /home/vincent/ros2_ws/src/install/my_control_package/share/my_control_package/local_setup.bash
-- Up-to-date symlink: /home/vincent/ros2_ws/src/install/my_control_package/share/my_control_package/local_setup.sh
-- Up-to-date symlink: /home/vincent/ros2_ws/src/install/my_control_package/share/my_control_package/local_setup.zsh
-- Up-to-date symlink: /home/vincent/ros2_ws/src/install/my_control_package/share/my_control_package/local_setup.dsv
-- Symlinking: /home/vincent/ros2_ws/src/install/my_control_package/share/my_control_package/package.dsv
-- Up-to-date symlink: /home/vincent/ros2_ws/src/install/my_control_package/share/ament_index/resource_index/packages/my_control_package
-- Up-to-date symlink: /home/vincent/ros2_ws/src/install/my_control_package/share/my_control_package/cmake/my_control_packageConfig.cmake
-- Up-to-date symlink: /home/vincent/ros2_ws/src/install/my_control_package/share/my_control_package/cmake/my_control_packageConfig-version.cmake
-- Up-to-date symlink: /home/vincent/ros2_ws/src/install/my_control_package/share/my_control_package/package.xml
Listing '/home/vincent/ros2_ws/src/install/my_control_package/local/lib/python3.10/dist-packages/my_control_package'...
Compiling '/home/vincent/ros2_ws/src/install/my_control_package/local/lib/python3.10/dist-packages/my_control_package/battery_reader.py'...
Compiling '/home/vincent/ros2_ws/src/install/my_control_package/local/lib/python3.10/dist-packages/my_control_package/hello_world.py'...
-- Up-to-date: /home/vincent/ros2_ws/src/install/my_control_package/lib/my_control_package/emergency_node
-- Installing: /home/vincent/ros2_ws/src/install/my_control_package/lib/my_control_package/hello_world
-- Installing: /home/vincent/ros2_ws/src/install/my_control_package/lib/my_control_package/battery_reader
