[0.013s] Invoking command in '/home/vincent/ros2_ws/src/build/my_control_package': AMENT_PREFIX_PATH=/home/vincent/ros2_ws/src/install/crazyflie:/home/vincent/ros2_ws/src/install/crazyflie_interfaces:${AMENT_PREFIX_PATH} CMAKE_PREFIX_PATH=/home/vincent/ros2_ws/src/install/crazyflie:/home/vincent/ros2_ws/src/install/crazyflie_interfaces:/home/vincent/ros2_ws/install/my_control_package:/home/vincent/ros2_ws/install/crazyflie_sim:/home/vincent/ros2_ws/install/crazyflie_examples:/home/vincent/ros2_ws/install/crazyflie:/home/vincent/ros2_ws/install/crazyflie_interfaces:/home/vincent/ros2_ws/install/crazyflie_py:/opt/ros/humble LD_LIBRARY_PATH=/home/vincent/ros2_ws/src/install/crazyflie_interfaces/lib:${LD_LIBRARY_PATH} PYTHONPATH=/home/vincent/ros2_ws/src/install/crazyflie_interfaces/local/lib/python3.10/dist-packages:${PYTHONPATH} /usr/bin/cmake --build /home/vincent/ros2_ws/src/build/my_control_package -- -j8 -l8
[0.075s] -- Found ament_cmake: 1.3.10 (/opt/ros/humble/share/ament_cmake/cmake)
[0.233s] -- Override CMake install command with custom implementation using symlinks instead of copying resources
[0.241s] -- Found std_msgs: 4.2.4 (/opt/ros/humble/share/std_msgs/cmake)
[0.269s] -- Found rosidl_generator_c: 3.1.5 (/opt/ros/humble/share/rosidl_generator_c/cmake)
[0.272s] -- Found rosidl_adapter: 3.1.5 (/opt/ros/humble/share/rosidl_adapter/cmake)
[0.279s] -- Found rosidl_generator_cpp: 3.1.5 (/opt/ros/humble/share/rosidl_generator_cpp/cmake)
[0.295s] -- Using all available rosidl_typesupport_c: rosidl_typesupport_fastrtps_c;rosidl_typesupport_introspection_c
[0.316s] -- Using all available rosidl_typesupport_cpp: rosidl_typesupport_fastrtps_cpp;rosidl_typesupport_introspection_cpp
[0.345s] -- Found std_srvs: 4.2.4 (/opt/ros/humble/share/std_srvs/cmake)
[0.355s] -- Found rclpy: 3.3.14 (/opt/ros/humble/share/rclpy/cmake)
[0.356s] -- Found crazyflie_interfaces: 2.0.0 (/home/vincent/ros2_ws/src/install/crazyflie_interfaces/share/crazyflie_interfaces/cmake)
[0.398s] -- Found crazyflie: 2.0.0 (/home/vincent/ros2_ws/src/install/crazyflie/share/crazyflie/cmake)
[0.493s] -- Found ament_lint_auto: 0.12.11 (/opt/ros/humble/share/ament_lint_auto/cmake)
[0.608s] -- Added test 'flake8' to check Python code syntax and style conventions
[0.608s] -- Added test 'lint_cmake' to check CMake code style
[0.609s] -- Added test 'pep257' to check Python code against some of the docstring style conventions in PEP 257
[0.610s] -- Added test 'xmllint' to check XML markup files
[0.611s] -- Configuring done
[0.620s] -- Generating done
[0.623s] -- Build files have been written to: /home/vincent/ros2_ws/src/build/my_control_package
[0.672s] Built target ament_cmake_python_symlink_my_control_package_setup
[0.672s] Built target ament_cmake_python_symlink_my_control_package
[0.998s] running egg_info
[0.999s] writing my_control_package.egg-info/PKG-INFO
[0.999s] writing dependency_links to my_control_package.egg-info/dependency_links.txt
[1.000s] writing entry points to my_control_package.egg-info/entry_points.txt
[1.000s] writing requirements to my_control_package.egg-info/requires.txt
[1.000s] writing top-level names to my_control_package.egg-info/top_level.txt
[1.003s] reading manifest file 'my_control_package.egg-info/SOURCES.txt'
[1.004s] writing manifest file 'my_control_package.egg-info/SOURCES.txt'
[1.045s] Built target ament_cmake_python_build_my_control_package_egg
[1.055s] Invoked command in '/home/vincent/ros2_ws/src/build/my_control_package' returned '0': AMENT_PREFIX_PATH=/home/vincent/ros2_ws/src/install/crazyflie:/home/vincent/ros2_ws/src/install/crazyflie_interfaces:${AMENT_PREFIX_PATH} CMAKE_PREFIX_PATH=/home/vincent/ros2_ws/src/install/crazyflie:/home/vincent/ros2_ws/src/install/crazyflie_interfaces:/home/vincent/ros2_ws/install/my_control_package:/home/vincent/ros2_ws/install/crazyflie_sim:/home/vincent/ros2_ws/install/crazyflie_examples:/home/vincent/ros2_ws/install/crazyflie:/home/vincent/ros2_ws/install/crazyflie_interfaces:/home/vincent/ros2_ws/install/crazyflie_py:/opt/ros/humble LD_LIBRARY_PATH=/home/vincent/ros2_ws/src/install/crazyflie_interfaces/lib:${LD_LIBRARY_PATH} PYTHONPATH=/home/vincent/ros2_ws/src/install/crazyflie_interfaces/local/lib/python3.10/dist-packages:${PYTHONPATH} /usr/bin/cmake --build /home/vincent/ros2_ws/src/build/my_control_package -- -j8 -l8
[1.085s] Invoking command in '/home/vincent/ros2_ws/src/build/my_control_package': AMENT_PREFIX_PATH=/home/vincent/ros2_ws/src/install/crazyflie:/home/vincent/ros2_ws/src/install/crazyflie_interfaces:${AMENT_PREFIX_PATH} CMAKE_PREFIX_PATH=/home/vincent/ros2_ws/src/install/crazyflie:/home/vincent/ros2_ws/src/install/crazyflie_interfaces:/home/vincent/ros2_ws/install/my_control_package:/home/vincent/ros2_ws/install/crazyflie_sim:/home/vincent/ros2_ws/install/crazyflie_examples:/home/vincent/ros2_ws/install/crazyflie:/home/vincent/ros2_ws/install/crazyflie_interfaces:/home/vincent/ros2_ws/install/crazyflie_py:/opt/ros/humble LD_LIBRARY_PATH=/home/vincent/ros2_ws/src/install/crazyflie_interfaces/lib:${LD_LIBRARY_PATH} PYTHONPATH=/home/vincent/ros2_ws/src/install/crazyflie_interfaces/local/lib/python3.10/dist-packages:${PYTHONPATH} /usr/bin/cmake --install /home/vincent/ros2_ws/src/build/my_control_package
[1.094s] -- Install configuration: ""
[1.094s] -- Execute custom install script
[1.095s] -- Up-to-date symlink: /home/vincent/ros2_ws/src/install/my_control_package/share/my_control_package/environment/pythonpath.sh
[1.095s] -- Up-to-date symlink: /home/vincent/ros2_ws/src/install/my_control_package/share/my_control_package/environment/pythonpath.dsv
[1.095s] -- Up-to-date symlink: /home/vincent/ros2_ws/src/install/my_control_package/local/lib/python3.10/dist-packages/my_control_package-0.1.0-py3.10.egg-info/PKG-INFO
[1.095s] -- Up-to-date symlink: /home/vincent/ros2_ws/src/install/my_control_package/local/lib/python3.10/dist-packages/my_control_package-0.1.0-py3.10.egg-info/SOURCES.txt
[1.095s] -- Up-to-date symlink: /home/vincent/ros2_ws/src/install/my_control_package/local/lib/python3.10/dist-packages/my_control_package-0.1.0-py3.10.egg-info/dependency_links.txt
[1.095s] -- Up-to-date symlink: /home/vincent/ros2_ws/src/install/my_control_package/local/lib/python3.10/dist-packages/my_control_package-0.1.0-py3.10.egg-info/entry_points.txt
[1.096s] -- Up-to-date symlink: /home/vincent/ros2_ws/src/install/my_control_package/local/lib/python3.10/dist-packages/my_control_package-0.1.0-py3.10.egg-info/requires.txt
[1.096s] -- Up-to-date symlink: /home/vincent/ros2_ws/src/install/my_control_package/local/lib/python3.10/dist-packages/my_control_package-0.1.0-py3.10.egg-info/top_level.txt
[1.096s] -- Up-to-date symlink: /home/vincent/ros2_ws/src/install/my_control_package/local/lib/python3.10/dist-packages/my_control_package/__init__.py
[1.097s] -- Symlinking: /home/vincent/ros2_ws/src/install/my_control_package/local/lib/python3.10/dist-packages/my_control_package/battery_reader.py
[1.106s] -- Up-to-date symlink: /home/vincent/ros2_ws/src/install/my_control_package/local/lib/python3.10/dist-packages/my_control_package/emergency_node.py
[1.107s] -- Up-to-date symlink: /home/vincent/ros2_ws/src/install/my_control_package/local/lib/python3.10/dist-packages/my_control_package/hello_world.py
[1.107s] -- Up-to-date symlink: /home/vincent/ros2_ws/src/install/my_control_package/share/my_control_package//launch/launch.py
[1.107s] -- Up-to-date symlink: /home/vincent/ros2_ws/src/install/my_control_package/share/ament_index/resource_index/package_run_dependencies/my_control_package
[1.107s] -- Up-to-date symlink: /home/vincent/ros2_ws/src/install/my_control_package/share/ament_index/resource_index/parent_prefix_path/my_control_package
[1.108s] -- Up-to-date symlink: /home/vincent/ros2_ws/src/install/my_control_package/share/my_control_package/environment/ament_prefix_path.sh
[1.108s] -- Up-to-date symlink: /home/vincent/ros2_ws/src/install/my_control_package/share/my_control_package/environment/ament_prefix_path.dsv
[1.108s] -- Up-to-date symlink: /home/vincent/ros2_ws/src/install/my_control_package/share/my_control_package/environment/path.sh
[1.108s] -- Up-to-date symlink: /home/vincent/ros2_ws/src/install/my_control_package/share/my_control_package/environment/path.dsv
[1.109s] -- Up-to-date symlink: /home/vincent/ros2_ws/src/install/my_control_package/share/my_control_package/local_setup.bash
[1.109s] -- Up-to-date symlink: /home/vincent/ros2_ws/src/install/my_control_package/share/my_control_package/local_setup.sh
[1.109s] -- Up-to-date symlink: /home/vincent/ros2_ws/src/install/my_control_package/share/my_control_package/local_setup.zsh
[1.109s] -- Up-to-date symlink: /home/vincent/ros2_ws/src/install/my_control_package/share/my_control_package/local_setup.dsv
[1.110s] -- Symlinking: /home/vincent/ros2_ws/src/install/my_control_package/share/my_control_package/package.dsv
[1.120s] -- Up-to-date symlink: /home/vincent/ros2_ws/src/install/my_control_package/share/ament_index/resource_index/packages/my_control_package
[1.121s] -- Up-to-date symlink: /home/vincent/ros2_ws/src/install/my_control_package/share/my_control_package/cmake/my_control_packageConfig.cmake
[1.121s] -- Up-to-date symlink: /home/vincent/ros2_ws/src/install/my_control_package/share/my_control_package/cmake/my_control_packageConfig-version.cmake
[1.121s] -- Up-to-date symlink: /home/vincent/ros2_ws/src/install/my_control_package/share/my_control_package/package.xml
[1.183s] Listing '/home/vincent/ros2_ws/src/install/my_control_package/local/lib/python3.10/dist-packages/my_control_package'...
[1.183s] Compiling '/home/vincent/ros2_ws/src/install/my_control_package/local/lib/python3.10/dist-packages/my_control_package/battery_reader.py'...
[1.183s] Compiling '/home/vincent/ros2_ws/src/install/my_control_package/local/lib/python3.10/dist-packages/my_control_package/hello_world.py'...
[1.188s] -- Up-to-date: /home/vincent/ros2_ws/src/install/my_control_package/lib/my_control_package/emergency_node
[1.188s] -- Installing: /home/vincent/ros2_ws/src/install/my_control_package/lib/my_control_package/hello_world
[1.188s] -- Installing: /home/vincent/ros2_ws/src/install/my_control_package/lib/my_control_package/battery_reader
[1.193s] Invoked command in '/home/vincent/ros2_ws/src/build/my_control_package' returned '0': AMENT_PREFIX_PATH=/home/vincent/ros2_ws/src/install/crazyflie:/home/vincent/ros2_ws/src/install/crazyflie_interfaces:${AMENT_PREFIX_PATH} CMAKE_PREFIX_PATH=/home/vincent/ros2_ws/src/install/crazyflie:/home/vincent/ros2_ws/src/install/crazyflie_interfaces:/home/vincent/ros2_ws/install/my_control_package:/home/vincent/ros2_ws/install/crazyflie_sim:/home/vincent/ros2_ws/install/crazyflie_examples:/home/vincent/ros2_ws/install/crazyflie:/home/vincent/ros2_ws/install/crazyflie_interfaces:/home/vincent/ros2_ws/install/crazyflie_py:/opt/ros/humble LD_LIBRARY_PATH=/home/vincent/ros2_ws/src/install/crazyflie_interfaces/lib:${LD_LIBRARY_PATH} PYTHONPATH=/home/vincent/ros2_ws/src/install/crazyflie_interfaces/local/lib/python3.10/dist-packages:${PYTHONPATH} /usr/bin/cmake --install /home/vincent/ros2_ws/src/build/my_control_package
