[0.016s] Invoking command in '/home/vincent/ros2_ws/src/build/crazyflie_sim': AMENT_PREFIX_PATH=/home/vincent/ros2_ws/src/install/crazyflie_interfaces:${AMENT_PREFIX_PATH} CMAKE_PREFIX_PATH=/home/vincent/ros2_ws/src/install/crazyflie_interfaces:/home/vincent/ros2_ws/install/my_control_package:/home/vincent/ros2_ws/install/crazyflie_sim:/home/vincent/ros2_ws/install/crazyflie_examples:/home/vincent/ros2_ws/install/crazyflie:/home/vincent/ros2_ws/install/crazyflie_interfaces:/home/vincent/ros2_ws/install/crazyflie_py:/opt/ros/humble LD_LIBRARY_PATH=/home/vincent/ros2_ws/src/install/crazyflie_interfaces/lib:${LD_LIBRARY_PATH} PYTHONPATH=/home/vincent/ros2_ws/src/install/crazyflie_interfaces/local/lib/python3.10/dist-packages:${PYTHONPATH} /usr/bin/cmake --build /home/vincent/ros2_ws/src/build/crazyflie_sim -- -j8 -l8
[0.320s] Built target ament_cmake_python_symlink_crazyflie_sim
[0.320s] Built target ament_cmake_python_symlink_crazyflie_sim_setup
[0.345s] running install_scripts
[0.347s] running egg_info
[0.348s] /usr/lib/python3/dist-packages/setuptools/command/install.py:34: SetuptoolsDeprecationWarning: setup.py install is deprecated. Use build and pip and other standards-based tools.
[0.348s]   warnings.warn(
[0.348s] writing crazyflie_sim.egg-info/PKG-INFO
[0.348s] writing dependency_links to crazyflie_sim.egg-info/dependency_links.txt
[0.349s] writing entry points to crazyflie_sim.egg-info/entry_points.txt
[0.349s] writing top-level names to crazyflie_sim.egg-info/top_level.txt
[0.351s] reading manifest file 'crazyflie_sim.egg-info/SOURCES.txt'
[0.352s] writing manifest file 'crazyflie_sim.egg-info/SOURCES.txt'
[0.371s] running egg_info
[0.372s] writing crazyflie_sim.egg-info/PKG-INFO
[0.373s] writing dependency_links to crazyflie_sim.egg-info/dependency_links.txt
[0.373s] writing entry points to crazyflie_sim.egg-info/entry_points.txt
[0.373s] writing top-level names to crazyflie_sim.egg-info/top_level.txt
[0.375s] reading manifest file 'crazyflie_sim.egg-info/SOURCES.txt'
[0.375s] writing manifest file 'crazyflie_sim.egg-info/SOURCES.txt'
[0.377s] Installing crazyflie_server script to scripts
[0.385s] Built target ament_cmake_python_build_crazyflie_sim_egg
[0.410s] Built target ament_cmake_python_build_crazyflie_sim_scripts
[0.422s] Invoked command in '/home/vincent/ros2_ws/src/build/crazyflie_sim' returned '0': AMENT_PREFIX_PATH=/home/vincent/ros2_ws/src/install/crazyflie_interfaces:${AMENT_PREFIX_PATH} CMAKE_PREFIX_PATH=/home/vincent/ros2_ws/src/install/crazyflie_interfaces:/home/vincent/ros2_ws/install/my_control_package:/home/vincent/ros2_ws/install/crazyflie_sim:/home/vincent/ros2_ws/install/crazyflie_examples:/home/vincent/ros2_ws/install/crazyflie:/home/vincent/ros2_ws/install/crazyflie_interfaces:/home/vincent/ros2_ws/install/crazyflie_py:/opt/ros/humble LD_LIBRARY_PATH=/home/vincent/ros2_ws/src/install/crazyflie_interfaces/lib:${LD_LIBRARY_PATH} PYTHONPATH=/home/vincent/ros2_ws/src/install/crazyflie_interfaces/local/lib/python3.10/dist-packages:${PYTHONPATH} /usr/bin/cmake --build /home/vincent/ros2_ws/src/build/crazyflie_sim -- -j8 -l8
[0.446s] Invoking command in '/home/vincent/ros2_ws/src/build/crazyflie_sim': AMENT_PREFIX_PATH=/home/vincent/ros2_ws/src/install/crazyflie_interfaces:${AMENT_PREFIX_PATH} CMAKE_PREFIX_PATH=/home/vincent/ros2_ws/src/install/crazyflie_interfaces:/home/vincent/ros2_ws/install/my_control_package:/home/vincent/ros2_ws/install/crazyflie_sim:/home/vincent/ros2_ws/install/crazyflie_examples:/home/vincent/ros2_ws/install/crazyflie:/home/vincent/ros2_ws/install/crazyflie_interfaces:/home/vincent/ros2_ws/install/crazyflie_py:/opt/ros/humble LD_LIBRARY_PATH=/home/vincent/ros2_ws/src/install/crazyflie_interfaces/lib:${LD_LIBRARY_PATH} PYTHONPATH=/home/vincent/ros2_ws/src/install/crazyflie_interfaces/local/lib/python3.10/dist-packages:${PYTHONPATH} /usr/bin/cmake --install /home/vincent/ros2_ws/src/build/crazyflie_sim
[0.454s] -- Install configuration: ""
[0.454s] -- Execute custom install script
[0.454s] -- Up-to-date symlink: /home/vincent/ros2_ws/src/install/crazyflie_sim/share/crazyflie_sim/environment/pythonpath.sh
[0.454s] -- Up-to-date symlink: /home/vincent/ros2_ws/src/install/crazyflie_sim/share/crazyflie_sim/environment/pythonpath.dsv
[0.455s] -- Up-to-date symlink: /home/vincent/ros2_ws/src/install/crazyflie_sim/local/lib/python3.10/dist-packages/crazyflie_sim-2.0.0-py3.10.egg-info/PKG-INFO
[0.455s] -- Up-to-date symlink: /home/vincent/ros2_ws/src/install/crazyflie_sim/local/lib/python3.10/dist-packages/crazyflie_sim-2.0.0-py3.10.egg-info/SOURCES.txt
[0.455s] -- Up-to-date symlink: /home/vincent/ros2_ws/src/install/crazyflie_sim/local/lib/python3.10/dist-packages/crazyflie_sim-2.0.0-py3.10.egg-info/dependency_links.txt
[0.455s] -- Up-to-date symlink: /home/vincent/ros2_ws/src/install/crazyflie_sim/local/lib/python3.10/dist-packages/crazyflie_sim-2.0.0-py3.10.egg-info/entry_points.txt
[0.455s] -- Up-to-date symlink: /home/vincent/ros2_ws/src/install/crazyflie_sim/local/lib/python3.10/dist-packages/crazyflie_sim-2.0.0-py3.10.egg-info/top_level.txt
[0.455s] -- Up-to-date symlink: /home/vincent/ros2_ws/src/install/crazyflie_sim/lib/crazyflie_sim//crazyflie_server
[0.457s] -- Up-to-date symlink: /home/vincent/ros2_ws/src/install/crazyflie_sim/local/lib/python3.10/dist-packages/crazyflie_sim/__init__.py
[0.457s] -- Up-to-date symlink: /home/vincent/ros2_ws/src/install/crazyflie_sim/local/lib/python3.10/dist-packages/crazyflie_sim/backend/data/dynobench/crazyflie2.yaml
[0.457s] -- Up-to-date symlink: /home/vincent/ros2_ws/src/install/crazyflie_sim/local/lib/python3.10/dist-packages/crazyflie_sim/backend/data/neuralswarm2/phi_G.pth
[0.457s] -- Up-to-date symlink: /home/vincent/ros2_ws/src/install/crazyflie_sim/local/lib/python3.10/dist-packages/crazyflie_sim/backend/data/neuralswarm2/phi_L.pth
[0.457s] -- Up-to-date symlink: /home/vincent/ros2_ws/src/install/crazyflie_sim/local/lib/python3.10/dist-packages/crazyflie_sim/backend/data/neuralswarm2/phi_S.pth
[0.457s] -- Up-to-date symlink: /home/vincent/ros2_ws/src/install/crazyflie_sim/local/lib/python3.10/dist-packages/crazyflie_sim/backend/data/neuralswarm2/rho_L.pth
[0.457s] -- Up-to-date symlink: /home/vincent/ros2_ws/src/install/crazyflie_sim/local/lib/python3.10/dist-packages/crazyflie_sim/backend/data/neuralswarm2/rho_S.pth
[0.458s] -- Up-to-date symlink: /home/vincent/ros2_ws/src/install/crazyflie_sim/local/lib/python3.10/dist-packages/crazyflie_sim/backend/data/pinocchio/crazyflie2.urdf
[0.458s] -- Up-to-date symlink: /home/vincent/ros2_ws/src/install/crazyflie_sim/local/lib/python3.10/dist-packages/crazyflie_sim/backend/dynobench.py
[0.458s] -- Up-to-date symlink: /home/vincent/ros2_ws/src/install/crazyflie_sim/local/lib/python3.10/dist-packages/crazyflie_sim/backend/neuralswarm.py
[0.458s] -- Up-to-date symlink: /home/vincent/ros2_ws/src/install/crazyflie_sim/local/lib/python3.10/dist-packages/crazyflie_sim/backend/none.py
[0.458s] -- Up-to-date symlink: /home/vincent/ros2_ws/src/install/crazyflie_sim/local/lib/python3.10/dist-packages/crazyflie_sim/backend/np.py
[0.458s] -- Up-to-date symlink: /home/vincent/ros2_ws/src/install/crazyflie_sim/local/lib/python3.10/dist-packages/crazyflie_sim/backend/pinocchio.py
[0.459s] -- Up-to-date symlink: /home/vincent/ros2_ws/src/install/crazyflie_sim/local/lib/python3.10/dist-packages/crazyflie_sim/crazyflie_server.py
[0.459s] -- Up-to-date symlink: /home/vincent/ros2_ws/src/install/crazyflie_sim/local/lib/python3.10/dist-packages/crazyflie_sim/crazyflie_sil.py
[0.459s] -- Up-to-date symlink: /home/vincent/ros2_ws/src/install/crazyflie_sim/local/lib/python3.10/dist-packages/crazyflie_sim/sim_data_types.py
[0.459s] -- Up-to-date symlink: /home/vincent/ros2_ws/src/install/crazyflie_sim/local/lib/python3.10/dist-packages/crazyflie_sim/visualization/README.md
[0.459s] -- Up-to-date symlink: /home/vincent/ros2_ws/src/install/crazyflie_sim/local/lib/python3.10/dist-packages/crazyflie_sim/visualization/blender.py
[0.459s] -- Up-to-date symlink: /home/vincent/ros2_ws/src/install/crazyflie_sim/local/lib/python3.10/dist-packages/crazyflie_sim/visualization/data/README.md
[0.460s] -- Up-to-date symlink: /home/vincent/ros2_ws/src/install/crazyflie_sim/local/lib/python3.10/dist-packages/crazyflie_sim/visualization/data/env/abandoned_greenhouse.jpg
[0.460s] -- Up-to-date symlink: /home/vincent/ros2_ws/src/install/crazyflie_sim/local/lib/python3.10/dist-packages/crazyflie_sim/visualization/data/env/aerodynamics_workshop.jpg
[0.460s] -- Up-to-date symlink: /home/vincent/ros2_ws/src/install/crazyflie_sim/local/lib/python3.10/dist-packages/crazyflie_sim/visualization/data/env/aviation_museum.jpg
[0.460s] -- Up-to-date symlink: /home/vincent/ros2_ws/src/install/crazyflie_sim/local/lib/python3.10/dist-packages/crazyflie_sim/visualization/data/env/crosswalk.jpg
[0.460s] -- Up-to-date symlink: /home/vincent/ros2_ws/src/install/crazyflie_sim/local/lib/python3.10/dist-packages/crazyflie_sim/visualization/data/env/derelict_overpass.jpg
[0.460s] -- Up-to-date symlink: /home/vincent/ros2_ws/src/install/crazyflie_sim/local/lib/python3.10/dist-packages/crazyflie_sim/visualization/data/env/env.jpg
[0.460s] -- Up-to-date symlink: /home/vincent/ros2_ws/src/install/crazyflie_sim/local/lib/python3.10/dist-packages/crazyflie_sim/visualization/data/env/lago_disola.jpg
[0.460s] -- Up-to-date symlink: /home/vincent/ros2_ws/src/install/crazyflie_sim/local/lib/python3.10/dist-packages/crazyflie_sim/visualization/data/env/lake_pier.jpg
[0.461s] -- Up-to-date symlink: /home/vincent/ros2_ws/src/install/crazyflie_sim/local/lib/python3.10/dist-packages/crazyflie_sim/visualization/data/env/machine_shop.jpg
[0.461s] -- Up-to-date symlink: /home/vincent/ros2_ws/src/install/crazyflie_sim/local/lib/python3.10/dist-packages/crazyflie_sim/visualization/data/env/museumplein.jpg
[0.461s] -- Up-to-date symlink: /home/vincent/ros2_ws/src/install/crazyflie_sim/local/lib/python3.10/dist-packages/crazyflie_sim/visualization/data/env/peppermint_powerplant.jpg
[0.461s] -- Up-to-date symlink: /home/vincent/ros2_ws/src/install/crazyflie_sim/local/lib/python3.10/dist-packages/crazyflie_sim/visualization/data/env/studio_garden.jpg
[0.461s] -- Up-to-date symlink: /home/vincent/ros2_ws/src/install/crazyflie_sim/local/lib/python3.10/dist-packages/crazyflie_sim/visualization/data/model/cf.mtl
[0.461s] -- Up-to-date symlink: /home/vincent/ros2_ws/src/install/crazyflie_sim/local/lib/python3.10/dist-packages/crazyflie_sim/visualization/data/model/cf.obj
[0.461s] -- Up-to-date symlink: /home/vincent/ros2_ws/src/install/crazyflie_sim/local/lib/python3.10/dist-packages/crazyflie_sim/visualization/pdf.py
[0.462s] -- Up-to-date symlink: /home/vincent/ros2_ws/src/install/crazyflie_sim/local/lib/python3.10/dist-packages/crazyflie_sim/visualization/record_states.py
[0.462s] -- Up-to-date symlink: /home/vincent/ros2_ws/src/install/crazyflie_sim/local/lib/python3.10/dist-packages/crazyflie_sim/visualization/rviz.py
[0.462s] -- Up-to-date symlink: /home/vincent/ros2_ws/src/install/crazyflie_sim/share/ament_index/resource_index/package_run_dependencies/crazyflie_sim
[0.462s] -- Up-to-date symlink: /home/vincent/ros2_ws/src/install/crazyflie_sim/share/ament_index/resource_index/parent_prefix_path/crazyflie_sim
[0.462s] -- Up-to-date symlink: /home/vincent/ros2_ws/src/install/crazyflie_sim/share/crazyflie_sim/environment/ament_prefix_path.sh
[0.462s] -- Up-to-date symlink: /home/vincent/ros2_ws/src/install/crazyflie_sim/share/crazyflie_sim/environment/ament_prefix_path.dsv
[0.462s] -- Up-to-date symlink: /home/vincent/ros2_ws/src/install/crazyflie_sim/share/crazyflie_sim/environment/path.sh
[0.463s] -- Up-to-date symlink: /home/vincent/ros2_ws/src/install/crazyflie_sim/share/crazyflie_sim/environment/path.dsv
[0.463s] -- Up-to-date symlink: /home/vincent/ros2_ws/src/install/crazyflie_sim/share/crazyflie_sim/local_setup.bash
[0.463s] -- Up-to-date symlink: /home/vincent/ros2_ws/src/install/crazyflie_sim/share/crazyflie_sim/local_setup.sh
[0.463s] -- Up-to-date symlink: /home/vincent/ros2_ws/src/install/crazyflie_sim/share/crazyflie_sim/local_setup.zsh
[0.463s] -- Up-to-date symlink: /home/vincent/ros2_ws/src/install/crazyflie_sim/share/crazyflie_sim/local_setup.dsv
[0.463s] -- Symlinking: /home/vincent/ros2_ws/src/install/crazyflie_sim/share/crazyflie_sim/package.dsv
[0.473s] -- Up-to-date symlink: /home/vincent/ros2_ws/src/install/crazyflie_sim/share/ament_index/resource_index/packages/crazyflie_sim
[0.473s] -- Up-to-date symlink: /home/vincent/ros2_ws/src/install/crazyflie_sim/share/crazyflie_sim/cmake/crazyflie_simConfig.cmake
[0.473s] -- Up-to-date symlink: /home/vincent/ros2_ws/src/install/crazyflie_sim/share/crazyflie_sim/cmake/crazyflie_simConfig-version.cmake
[0.473s] -- Up-to-date symlink: /home/vincent/ros2_ws/src/install/crazyflie_sim/share/crazyflie_sim/package.xml
[0.507s] Listing '/home/vincent/ros2_ws/src/install/crazyflie_sim/local/lib/python3.10/dist-packages/crazyflie_sim'...
[0.507s] Listing '/home/vincent/ros2_ws/src/install/crazyflie_sim/local/lib/python3.10/dist-packages/crazyflie_sim/backend'...
[0.507s] Listing '/home/vincent/ros2_ws/src/install/crazyflie_sim/local/lib/python3.10/dist-packages/crazyflie_sim/backend/data'...
[0.507s] Listing '/home/vincent/ros2_ws/src/install/crazyflie_sim/local/lib/python3.10/dist-packages/crazyflie_sim/backend/data/dynobench'...
[0.508s] Listing '/home/vincent/ros2_ws/src/install/crazyflie_sim/local/lib/python3.10/dist-packages/crazyflie_sim/backend/data/neuralswarm2'...
[0.508s] Listing '/home/vincent/ros2_ws/src/install/crazyflie_sim/local/lib/python3.10/dist-packages/crazyflie_sim/backend/data/pinocchio'...
[0.508s] Listing '/home/vincent/ros2_ws/src/install/crazyflie_sim/local/lib/python3.10/dist-packages/crazyflie_sim/visualization'...
[0.508s] Listing '/home/vincent/ros2_ws/src/install/crazyflie_sim/local/lib/python3.10/dist-packages/crazyflie_sim/visualization/data'...
[0.508s] Listing '/home/vincent/ros2_ws/src/install/crazyflie_sim/local/lib/python3.10/dist-packages/crazyflie_sim/visualization/data/env'...
[0.508s] Listing '/home/vincent/ros2_ws/src/install/crazyflie_sim/local/lib/python3.10/dist-packages/crazyflie_sim/visualization/data/model'...
[0.514s] Invoked command in '/home/vincent/ros2_ws/src/build/crazyflie_sim' returned '0': AMENT_PREFIX_PATH=/home/vincent/ros2_ws/src/install/crazyflie_interfaces:${AMENT_PREFIX_PATH} CMAKE_PREFIX_PATH=/home/vincent/ros2_ws/src/install/crazyflie_interfaces:/home/vincent/ros2_ws/install/my_control_package:/home/vincent/ros2_ws/install/crazyflie_sim:/home/vincent/ros2_ws/install/crazyflie_examples:/home/vincent/ros2_ws/install/crazyflie:/home/vincent/ros2_ws/install/crazyflie_interfaces:/home/vincent/ros2_ws/install/crazyflie_py:/opt/ros/humble LD_LIBRARY_PATH=/home/vincent/ros2_ws/src/install/crazyflie_interfaces/lib:${LD_LIBRARY_PATH} PYTHONPATH=/home/vincent/ros2_ws/src/install/crazyflie_interfaces/local/lib/python3.10/dist-packages:${PYTHONPATH} /usr/bin/cmake --install /home/vincent/ros2_ws/src/build/crazyflie_sim
