[0.013s] Invoking command in '/home/vincent/ros2_ws/src/build/crazyflie_examples': AMENT_PREFIX_PATH=/home/vincent/ros2_ws/src/install/crazyflie_py:/home/vincent/ros2_ws/src/install/crazyflie_interfaces:${AMENT_PREFIX_PATH} CMAKE_PREFIX_PATH=/home/vincent/ros2_ws/src/install/crazyflie_interfaces:/home/vincent/ros2_ws/install/my_control_package:/home/vincent/ros2_ws/install/crazyflie_sim:/home/vincent/ros2_ws/install/crazyflie_examples:/home/vincent/ros2_ws/install/crazyflie:/home/vincent/ros2_ws/install/crazyflie_interfaces:/home/vincent/ros2_ws/install/crazyflie_py:/opt/ros/humble LD_LIBRARY_PATH=/home/vincent/ros2_ws/src/install/crazyflie_interfaces/lib:${LD_LIBRARY_PATH} PYTHONPATH=/home/vincent/ros2_ws/src/build/crazyflie_py:/home/vincent/ros2_ws/src/install/crazyflie_py/lib/python3.10/site-packages:/home/vincent/ros2_ws/src/install/crazyflie_interfaces/local/lib/python3.10/dist-packages:${PYTHONPATH} /usr/bin/cmake --build /home/vincent/ros2_ws/src/build/crazyflie_examples -- -j8 -l8
[0.078s] Built target ament_cmake_python_symlink_crazyflie_examples_setup
[0.081s] Built target ament_cmake_python_symlink_crazyflie_examples
[0.385s] running install_scripts
[0.388s] /usr/lib/python3/dist-packages/setuptools/command/install.py:34: SetuptoolsDeprecationWarning: setup.py install is deprecated. Use build and pip and other standards-based tools.
[0.388s]   warnings.warn(
[0.398s] running egg_info
[0.401s] writing crazyflie_examples.egg-info/PKG-INFO
[0.401s] writing dependency_links to crazyflie_examples.egg-info/dependency_links.txt
[0.402s] writing entry points to crazyflie_examples.egg-info/entry_points.txt
[0.402s] writing top-level names to crazyflie_examples.egg-info/top_level.txt
[0.405s] reading manifest file 'crazyflie_examples.egg-info/SOURCES.txt'
[0.406s] writing manifest file 'crazyflie_examples.egg-info/SOURCES.txt'
[0.417s] running egg_info
[0.418s] writing crazyflie_examples.egg-info/PKG-INFO
[0.418s] writing dependency_links to crazyflie_examples.egg-info/dependency_links.txt
[0.419s] writing entry points to crazyflie_examples.egg-info/entry_points.txt
[0.419s] writing top-level names to crazyflie_examples.egg-info/top_level.txt
[0.423s] reading manifest file 'crazyflie_examples.egg-info/SOURCES.txt'
[0.424s] writing manifest file 'crazyflie_examples.egg-info/SOURCES.txt'
[0.427s] Installing arming script to scripts
[0.427s] Installing cmd_full_state script to scripts
[0.428s] Installing figure8 script to scripts
[0.428s] Installing group_mask script to scripts
[0.428s] Installing hello_world script to scripts
[0.428s] Installing infinite_flight script to scripts
[0.428s] Installing multi_trajectory script to scripts
[0.429s] Installing nice_hover script to scripts
[0.429s] Installing set_param script to scripts
[0.429s] Installing swap script to scripts
[0.447s] Built target ament_cmake_python_build_crazyflie_examples_egg
[0.482s] Built target ament_cmake_python_build_crazyflie_examples_scripts
[0.494s] Invoked command in '/home/vincent/ros2_ws/src/build/crazyflie_examples' returned '0': AMENT_PREFIX_PATH=/home/vincent/ros2_ws/src/install/crazyflie_py:/home/vincent/ros2_ws/src/install/crazyflie_interfaces:${AMENT_PREFIX_PATH} CMAKE_PREFIX_PATH=/home/vincent/ros2_ws/src/install/crazyflie_interfaces:/home/vincent/ros2_ws/install/my_control_package:/home/vincent/ros2_ws/install/crazyflie_sim:/home/vincent/ros2_ws/install/crazyflie_examples:/home/vincent/ros2_ws/install/crazyflie:/home/vincent/ros2_ws/install/crazyflie_interfaces:/home/vincent/ros2_ws/install/crazyflie_py:/opt/ros/humble LD_LIBRARY_PATH=/home/vincent/ros2_ws/src/install/crazyflie_interfaces/lib:${LD_LIBRARY_PATH} PYTHONPATH=/home/vincent/ros2_ws/src/build/crazyflie_py:/home/vincent/ros2_ws/src/install/crazyflie_py/lib/python3.10/site-packages:/home/vincent/ros2_ws/src/install/crazyflie_interfaces/local/lib/python3.10/dist-packages:${PYTHONPATH} /usr/bin/cmake --build /home/vincent/ros2_ws/src/build/crazyflie_examples -- -j8 -l8
[0.520s] Invoking command in '/home/vincent/ros2_ws/src/build/crazyflie_examples': AMENT_PREFIX_PATH=/home/vincent/ros2_ws/src/install/crazyflie_py:/home/vincent/ros2_ws/src/install/crazyflie_interfaces:${AMENT_PREFIX_PATH} CMAKE_PREFIX_PATH=/home/vincent/ros2_ws/src/install/crazyflie_interfaces:/home/vincent/ros2_ws/install/my_control_package:/home/vincent/ros2_ws/install/crazyflie_sim:/home/vincent/ros2_ws/install/crazyflie_examples:/home/vincent/ros2_ws/install/crazyflie:/home/vincent/ros2_ws/install/crazyflie_interfaces:/home/vincent/ros2_ws/install/crazyflie_py:/opt/ros/humble LD_LIBRARY_PATH=/home/vincent/ros2_ws/src/install/crazyflie_interfaces/lib:${LD_LIBRARY_PATH} PYTHONPATH=/home/vincent/ros2_ws/src/build/crazyflie_py:/home/vincent/ros2_ws/src/install/crazyflie_py/lib/python3.10/site-packages:/home/vincent/ros2_ws/src/install/crazyflie_interfaces/local/lib/python3.10/dist-packages:${PYTHONPATH} /usr/bin/cmake --install /home/vincent/ros2_ws/src/build/crazyflie_examples
[0.529s] -- Install configuration: ""
[0.530s] -- Execute custom install script
[0.530s] -- Up-to-date symlink: /home/vincent/ros2_ws/src/install/crazyflie_examples/share/crazyflie_examples/environment/pythonpath.sh
[0.530s] -- Up-to-date symlink: /home/vincent/ros2_ws/src/install/crazyflie_examples/share/crazyflie_examples/environment/pythonpath.dsv
[0.530s] -- Up-to-date symlink: /home/vincent/ros2_ws/src/install/crazyflie_examples/local/lib/python3.10/dist-packages/crazyflie_examples-2.0.0-py3.10.egg-info/PKG-INFO
[0.530s] -- Up-to-date symlink: /home/vincent/ros2_ws/src/install/crazyflie_examples/local/lib/python3.10/dist-packages/crazyflie_examples-2.0.0-py3.10.egg-info/SOURCES.txt
[0.531s] -- Up-to-date symlink: /home/vincent/ros2_ws/src/install/crazyflie_examples/local/lib/python3.10/dist-packages/crazyflie_examples-2.0.0-py3.10.egg-info/dependency_links.txt
[0.531s] -- Up-to-date symlink: /home/vincent/ros2_ws/src/install/crazyflie_examples/local/lib/python3.10/dist-packages/crazyflie_examples-2.0.0-py3.10.egg-info/entry_points.txt
[0.531s] -- Up-to-date symlink: /home/vincent/ros2_ws/src/install/crazyflie_examples/local/lib/python3.10/dist-packages/crazyflie_examples-2.0.0-py3.10.egg-info/top_level.txt
[0.531s] -- Up-to-date symlink: /home/vincent/ros2_ws/src/install/crazyflie_examples/lib/crazyflie_examples//arming
[0.531s] -- Up-to-date symlink: /home/vincent/ros2_ws/src/install/crazyflie_examples/lib/crazyflie_examples//cmd_full_state
[0.532s] -- Up-to-date symlink: /home/vincent/ros2_ws/src/install/crazyflie_examples/lib/crazyflie_examples//figure8
[0.532s] -- Up-to-date symlink: /home/vincent/ros2_ws/src/install/crazyflie_examples/lib/crazyflie_examples//group_mask
[0.532s] -- Up-to-date symlink: /home/vincent/ros2_ws/src/install/crazyflie_examples/lib/crazyflie_examples//hello_world
[0.532s] -- Up-to-date symlink: /home/vincent/ros2_ws/src/install/crazyflie_examples/lib/crazyflie_examples//infinite_flight
[0.532s] -- Up-to-date symlink: /home/vincent/ros2_ws/src/install/crazyflie_examples/lib/crazyflie_examples//multi_trajectory
[0.532s] -- Up-to-date symlink: /home/vincent/ros2_ws/src/install/crazyflie_examples/lib/crazyflie_examples//nice_hover
[0.532s] -- Up-to-date symlink: /home/vincent/ros2_ws/src/install/crazyflie_examples/lib/crazyflie_examples//set_param
[0.532s] -- Up-to-date symlink: /home/vincent/ros2_ws/src/install/crazyflie_examples/lib/crazyflie_examples//swap
[0.533s] -- Up-to-date symlink: /home/vincent/ros2_ws/src/install/crazyflie_examples/local/lib/python3.10/dist-packages/crazyflie_examples/__init__.py
[0.533s] -- Up-to-date symlink: /home/vincent/ros2_ws/src/install/crazyflie_examples/local/lib/python3.10/dist-packages/crazyflie_examples/arming.py
[0.533s] -- Up-to-date symlink: /home/vincent/ros2_ws/src/install/crazyflie_examples/local/lib/python3.10/dist-packages/crazyflie_examples/cmd_full_state.py
[0.533s] -- Up-to-date symlink: /home/vincent/ros2_ws/src/install/crazyflie_examples/local/lib/python3.10/dist-packages/crazyflie_examples/data/figure8.csv
[0.534s] -- Up-to-date symlink: /home/vincent/ros2_ws/src/install/crazyflie_examples/local/lib/python3.10/dist-packages/crazyflie_examples/data/multi_trajectory/traj0.csv
[0.534s] -- Up-to-date symlink: /home/vincent/ros2_ws/src/install/crazyflie_examples/local/lib/python3.10/dist-packages/crazyflie_examples/data/multi_trajectory/traj1.csv
[0.534s] -- Up-to-date symlink: /home/vincent/ros2_ws/src/install/crazyflie_examples/local/lib/python3.10/dist-packages/crazyflie_examples/figure8.py
[0.534s] -- Up-to-date symlink: /home/vincent/ros2_ws/src/install/crazyflie_examples/local/lib/python3.10/dist-packages/crazyflie_examples/group_mask.py
[0.534s] -- Up-to-date symlink: /home/vincent/ros2_ws/src/install/crazyflie_examples/local/lib/python3.10/dist-packages/crazyflie_examples/hello_world.py
[0.534s] -- Up-to-date symlink: /home/vincent/ros2_ws/src/install/crazyflie_examples/local/lib/python3.10/dist-packages/crazyflie_examples/infinite_flight.py
[0.535s] -- Up-to-date symlink: /home/vincent/ros2_ws/src/install/crazyflie_examples/local/lib/python3.10/dist-packages/crazyflie_examples/multi_trajectory.py
[0.535s] -- Up-to-date symlink: /home/vincent/ros2_ws/src/install/crazyflie_examples/local/lib/python3.10/dist-packages/crazyflie_examples/nice_hover.py
[0.535s] -- Up-to-date symlink: /home/vincent/ros2_ws/src/install/crazyflie_examples/local/lib/python3.10/dist-packages/crazyflie_examples/set_param.py
[0.535s] -- Up-to-date symlink: /home/vincent/ros2_ws/src/install/crazyflie_examples/local/lib/python3.10/dist-packages/crazyflie_examples/swap.py
[0.536s] -- Up-to-date symlink: /home/vincent/ros2_ws/src/install/crazyflie_examples/share/crazyflie_examples//config/nav2_params.yaml
[0.536s] -- Up-to-date symlink: /home/vincent/ros2_ws/src/install/crazyflie_examples/share/crazyflie_examples//config/nav2_view.rviz
[0.536s] -- Up-to-date symlink: /home/vincent/ros2_ws/src/install/crazyflie_examples/share/crazyflie_examples//data/map.data
[0.536s] -- Up-to-date symlink: /home/vincent/ros2_ws/src/install/crazyflie_examples/share/crazyflie_examples//data/map.pgm
[0.536s] -- Up-to-date symlink: /home/vincent/ros2_ws/src/install/crazyflie_examples/share/crazyflie_examples//data/map.posegraph
[0.537s] -- Up-to-date symlink: /home/vincent/ros2_ws/src/install/crazyflie_examples/share/crazyflie_examples//data/map.yaml
[0.537s] -- Up-to-date symlink: /home/vincent/ros2_ws/src/install/crazyflie_examples/share/crazyflie_examples//launch/keyboard_velmux_launch.py
[0.537s] -- Up-to-date symlink: /home/vincent/ros2_ws/src/install/crazyflie_examples/share/crazyflie_examples//launch/launch.py
[0.537s] -- Up-to-date symlink: /home/vincent/ros2_ws/src/install/crazyflie_examples/share/crazyflie_examples//launch/multiranger_mapping_launch.py
[0.537s] -- Up-to-date symlink: /home/vincent/ros2_ws/src/install/crazyflie_examples/share/crazyflie_examples//launch/multiranger_nav2_launch.py
[0.538s] -- Up-to-date symlink: /home/vincent/ros2_ws/src/install/crazyflie_examples/share/crazyflie_examples//launch/multiranger_simple_mapper_launch.py
[0.538s] -- Up-to-date symlink: /home/vincent/ros2_ws/src/install/crazyflie_examples/share/ament_index/resource_index/package_run_dependencies/crazyflie_examples
[0.538s] -- Up-to-date symlink: /home/vincent/ros2_ws/src/install/crazyflie_examples/share/ament_index/resource_index/parent_prefix_path/crazyflie_examples
[0.539s] -- Up-to-date symlink: /home/vincent/ros2_ws/src/install/crazyflie_examples/share/crazyflie_examples/environment/ament_prefix_path.sh
[0.539s] -- Up-to-date symlink: /home/vincent/ros2_ws/src/install/crazyflie_examples/share/crazyflie_examples/environment/ament_prefix_path.dsv
[0.539s] -- Up-to-date symlink: /home/vincent/ros2_ws/src/install/crazyflie_examples/share/crazyflie_examples/environment/path.sh
[0.539s] -- Up-to-date symlink: /home/vincent/ros2_ws/src/install/crazyflie_examples/share/crazyflie_examples/environment/path.dsv
[0.539s] -- Up-to-date symlink: /home/vincent/ros2_ws/src/install/crazyflie_examples/share/crazyflie_examples/local_setup.bash
[0.540s] -- Up-to-date symlink: /home/vincent/ros2_ws/src/install/crazyflie_examples/share/crazyflie_examples/local_setup.sh
[0.540s] -- Up-to-date symlink: /home/vincent/ros2_ws/src/install/crazyflie_examples/share/crazyflie_examples/local_setup.zsh
[0.540s] -- Up-to-date symlink: /home/vincent/ros2_ws/src/install/crazyflie_examples/share/crazyflie_examples/local_setup.dsv
[0.540s] -- Symlinking: /home/vincent/ros2_ws/src/install/crazyflie_examples/share/crazyflie_examples/package.dsv
[0.549s] -- Up-to-date symlink: /home/vincent/ros2_ws/src/install/crazyflie_examples/share/ament_index/resource_index/packages/crazyflie_examples
[0.550s] -- Up-to-date symlink: /home/vincent/ros2_ws/src/install/crazyflie_examples/share/crazyflie_examples/cmake/crazyflie_examplesConfig.cmake
[0.550s] -- Up-to-date symlink: /home/vincent/ros2_ws/src/install/crazyflie_examples/share/crazyflie_examples/cmake/crazyflie_examplesConfig-version.cmake
[0.550s] -- Up-to-date symlink: /home/vincent/ros2_ws/src/install/crazyflie_examples/share/crazyflie_examples/package.xml
[0.589s] Listing '/home/vincent/ros2_ws/src/install/crazyflie_examples/local/lib/python3.10/dist-packages/crazyflie_examples'...
[0.589s] Listing '/home/vincent/ros2_ws/src/install/crazyflie_examples/local/lib/python3.10/dist-packages/crazyflie_examples/data'...
[0.589s] Listing '/home/vincent/ros2_ws/src/install/crazyflie_examples/local/lib/python3.10/dist-packages/crazyflie_examples/data/multi_trajectory'...
[0.598s] Invoked command in '/home/vincent/ros2_ws/src/build/crazyflie_examples' returned '0': AMENT_PREFIX_PATH=/home/vincent/ros2_ws/src/install/crazyflie_py:/home/vincent/ros2_ws/src/install/crazyflie_interfaces:${AMENT_PREFIX_PATH} CMAKE_PREFIX_PATH=/home/vincent/ros2_ws/src/install/crazyflie_interfaces:/home/vincent/ros2_ws/install/my_control_package:/home/vincent/ros2_ws/install/crazyflie_sim:/home/vincent/ros2_ws/install/crazyflie_examples:/home/vincent/ros2_ws/install/crazyflie:/home/vincent/ros2_ws/install/crazyflie_interfaces:/home/vincent/ros2_ws/install/crazyflie_py:/opt/ros/humble LD_LIBRARY_PATH=/home/vincent/ros2_ws/src/install/crazyflie_interfaces/lib:${LD_LIBRARY_PATH} PYTHONPATH=/home/vincent/ros2_ws/src/build/crazyflie_py:/home/vincent/ros2_ws/src/install/crazyflie_py/lib/python3.10/site-packages:/home/vincent/ros2_ws/src/install/crazyflie_interfaces/local/lib/python3.10/dist-packages:${PYTHONPATH} /usr/bin/cmake --install /home/vincent/ros2_ws/src/build/crazyflie_examples
