[0.067s] Invoking command in '/home/vincent/ros2_ws/src/build/crazyflie_interfaces': CMAKE_PREFIX_PATH=${CMAKE_PREFIX_PATH}:/home/vincent/ros2_ws/install/crazyflie_py:/opt/ros/humble /usr/bin/cmake --build /home/vincent/ros2_ws/src/build/crazyflie_interfaces -- -j8 -l8
[0.373s] -- Found ament_cmake: 1.3.10 (/opt/ros/humble/share/ament_cmake/cmake)
[0.600s] -- Override CMake install command with custom implementation using symlinks instead of copying resources
[0.710s] -- Found builtin_interfaces: 1.2.1 (/opt/ros/humble/share/builtin_interfaces/cmake)
[0.895s] -- Found rosidl_generator_c: 3.1.5 (/opt/ros/humble/share/rosidl_generator_c/cmake)
[0.913s] -- Found rosidl_adapter: 3.1.5 (/opt/ros/humble/share/rosidl_adapter/cmake)
[0.928s] -- Found rosidl_generator_cpp: 3.1.5 (/opt/ros/humble/share/rosidl_generator_cpp/cmake)
[0.960s] -- Using all available rosidl_typesupport_c: rosidl_typesupport_fastrtps_c;rosidl_typesupport_introspection_c
[0.990s] -- Using all available rosidl_typesupport_cpp: rosidl_typesupport_fastrtps_cpp;rosidl_typesupport_introspection_cpp
[1.039s] -- Found geometry_msgs: 4.2.4 (/opt/ros/humble/share/geometry_msgs/cmake)
[1.116s] -- Found rosidl_default_generators: 1.2.0 (/opt/ros/humble/share/rosidl_default_generators/cmake)
[1.645s] -- Found ament_cmake_cppcheck: 0.12.11 (/opt/ros/humble/share/ament_cmake_cppcheck/cmake)
[1.656s] -- Found ament_cmake_cpplint: 0.12.11 (/opt/ros/humble/share/ament_cmake_cpplint/cmake)
[1.664s] -- Found ament_cmake_uncrustify: 0.12.11 (/opt/ros/humble/share/ament_cmake_uncrustify/cmake)
[1.668s] -- Found ament_cmake_ros: 0.10.0 (/opt/ros/humble/share/ament_cmake_ros/cmake)
[2.134s] -- Using all available rosidl_typesupport_c: rosidl_typesupport_fastrtps_c;rosidl_typesupport_introspection_c
[2.315s] -- Using all available rosidl_typesupport_cpp: rosidl_typesupport_fastrtps_cpp;rosidl_typesupport_introspection_cpp
[2.360s] -- Found python_cmake_module: 0.10.0 (/opt/ros/humble/share/python_cmake_module/cmake)
[2.418s] -- Using PYTHON_EXECUTABLE: /usr/bin/python3
[2.418s] -- Using PYTHON_INCLUDE_DIRS: /usr/include/python3.10
[2.419s] -- Using PYTHON_LIBRARIES: /usr/lib/x86_64-linux-gnu/libpython3.10.so
[2.534s] -- Found ament_cmake_flake8: 0.12.11 (/opt/ros/humble/share/ament_cmake_flake8/cmake)
[2.541s] -- Found ament_cmake_pep257: 0.12.11 (/opt/ros/humble/share/ament_cmake_pep257/cmake)
[2.608s] -- Configuring done
[2.811s] -- Generating done
[2.817s] -- Build files have been written to: /home/vincent/ros2_ws/src/build/crazyflie_interfaces
[2.852s] [  0%] Built target crazyflie_interfaces__cpp
[2.859s] [  0%] Built target ament_cmake_python_symlink_crazyflie_interfaces
[3.042s] [35m[1mConsolidate compiler generated dependencies of target crazyflie_interfaces__rosidl_generator_c[0m
[3.201s] [35m[1mConsolidate compiler generated dependencies of target crazyflie_interfaces__rosidl_typesupport_cpp[0m
[3.202s] [35m[1mConsolidate compiler generated dependencies of target crazyflie_interfaces__rosidl_typesupport_introspection_cpp[0m
[3.268s] [ 12%] Built target crazyflie_interfaces__rosidl_generator_c
[3.290s] [ 37%] Built target crazyflie_interfaces__rosidl_typesupport_cpp
[3.290s] [ 37%] Built target crazyflie_interfaces__rosidl_typesupport_introspection_cpp
[3.298s] [35m[1mConsolidate compiler generated dependencies of target crazyflie_interfaces__rosidl_typesupport_fastrtps_cpp[0m
[3.466s] [ 49%] Built target crazyflie_interfaces__rosidl_typesupport_fastrtps_cpp
[3.470s] running egg_info
[3.471s] writing crazyflie_interfaces.egg-info/PKG-INFO
[3.485s] writing dependency_links to crazyflie_interfaces.egg-info/dependency_links.txt
[3.542s] writing top-level names to crazyflie_interfaces.egg-info/top_level.txt
[3.787s] [35m[1mConsolidate compiler generated dependencies of target crazyflie_interfaces__rosidl_typesupport_introspection_c[0m
[3.835s] [ 61%] Built target crazyflie_interfaces__rosidl_typesupport_introspection_c
[4.013s] [35m[1mConsolidate compiler generated dependencies of target crazyflie_interfaces__rosidl_typesupport_c[0m
[4.030s] [ 73%] Built target crazyflie_interfaces__rosidl_typesupport_c
[4.033s] reading manifest file 'crazyflie_interfaces.egg-info/SOURCES.txt'
[4.048s] [35m[1mConsolidate compiler generated dependencies of target crazyflie_interfaces__rosidl_typesupport_fastrtps_c[0m
[4.064s] writing manifest file 'crazyflie_interfaces.egg-info/SOURCES.txt'
[4.078s] [ 85%] Built target crazyflie_interfaces__rosidl_typesupport_fastrtps_c
[4.093s] [ 85%] Built target ament_cmake_python_build_crazyflie_interfaces_egg
[4.110s] [ 85%] Built target crazyflie_interfaces
[4.131s] [ 86%] Built target crazyflie_interfaces__py
[4.174s] [35m[1mConsolidate compiler generated dependencies of target crazyflie_interfaces__rosidl_generator_py[0m
[4.208s] [ 97%] Built target crazyflie_interfaces__rosidl_generator_py
[4.219s] [35m[1mConsolidate compiler generated dependencies of target crazyflie_interfaces__rosidl_typesupport_c__pyext[0m
[4.220s] [35m[1mConsolidate compiler generated dependencies of target crazyflie_interfaces__rosidl_typesupport_fastrtps_c__pyext[0m
[4.220s] [35m[1mConsolidate compiler generated dependencies of target crazyflie_interfaces__rosidl_typesupport_introspection_c__pyext[0m
[4.234s] [ 98%] Built target crazyflie_interfaces__rosidl_typesupport_introspection_c__pyext
[4.234s] [100%] Built target crazyflie_interfaces__rosidl_typesupport_fastrtps_c__pyext
[4.235s] [100%] Built target crazyflie_interfaces__rosidl_typesupport_c__pyext
[4.246s] Invoked command in '/home/vincent/ros2_ws/src/build/crazyflie_interfaces' returned '0': CMAKE_PREFIX_PATH=${CMAKE_PREFIX_PATH}:/home/vincent/ros2_ws/install/crazyflie_py:/opt/ros/humble /usr/bin/cmake --build /home/vincent/ros2_ws/src/build/crazyflie_interfaces -- -j8 -l8
[4.651s] Invoking command in '/home/vincent/ros2_ws/src/build/crazyflie_interfaces': CMAKE_PREFIX_PATH=${CMAKE_PREFIX_PATH}:/home/vincent/ros2_ws/install/crazyflie_py:/opt/ros/humble /usr/bin/cmake --install /home/vincent/ros2_ws/src/build/crazyflie_interfaces
[4.659s] -- Install configuration: ""
[4.659s] -- Execute custom install script
[4.660s] -- Up-to-date symlink: /home/vincent/ros2_ws/src/install/crazyflie_interfaces/share/ament_index/resource_index/rosidl_interfaces/crazyflie_interfaces
[4.661s] -- Up-to-date symlink: /home/vincent/ros2_ws/src/install/crazyflie_interfaces/include/crazyflie_interfaces/crazyflie_interfaces/msg/connection_statistics.h
[4.662s] -- Up-to-date symlink: /home/vincent/ros2_ws/src/install/crazyflie_interfaces/include/crazyflie_interfaces/crazyflie_interfaces/msg/connection_statistics_array.h
[4.662s] -- Up-to-date symlink: /home/vincent/ros2_ws/src/install/crazyflie_interfaces/include/crazyflie_interfaces/crazyflie_interfaces/msg/detail/connection_statistics__functions.h
[4.662s] -- Up-to-date symlink: /home/vincent/ros2_ws/src/install/crazyflie_interfaces/include/crazyflie_interfaces/crazyflie_interfaces/msg/detail/connection_statistics__struct.h
[4.662s] -- Up-to-date symlink: /home/vincent/ros2_ws/src/install/crazyflie_interfaces/include/crazyflie_interfaces/crazyflie_interfaces/msg/detail/connection_statistics__type_support.h
[4.662s] -- Up-to-date symlink: /home/vincent/ros2_ws/src/install/crazyflie_interfaces/include/crazyflie_interfaces/crazyflie_interfaces/msg/detail/connection_statistics_array__functions.h
[4.662s] -- Up-to-date symlink: /home/vincent/ros2_ws/src/install/crazyflie_interfaces/include/crazyflie_interfaces/crazyflie_interfaces/msg/detail/connection_statistics_array__struct.h
[4.662s] -- Up-to-date symlink: /home/vincent/ros2_ws/src/install/crazyflie_interfaces/include/crazyflie_interfaces/crazyflie_interfaces/msg/detail/connection_statistics_array__type_support.h
[4.663s] -- Up-to-date symlink: /home/vincent/ros2_ws/src/install/crazyflie_interfaces/include/crazyflie_interfaces/crazyflie_interfaces/msg/detail/full_state__functions.h
[4.663s] -- Up-to-date symlink: /home/vincent/ros2_ws/src/install/crazyflie_interfaces/include/crazyflie_interfaces/crazyflie_interfaces/msg/detail/full_state__struct.h
[4.663s] -- Up-to-date symlink: /home/vincent/ros2_ws/src/install/crazyflie_interfaces/include/crazyflie_interfaces/crazyflie_interfaces/msg/detail/full_state__type_support.h
[4.663s] -- Up-to-date symlink: /home/vincent/ros2_ws/src/install/crazyflie_interfaces/include/crazyflie_interfaces/crazyflie_interfaces/msg/detail/hover__functions.h
[4.663s] -- Up-to-date symlink: /home/vincent/ros2_ws/src/install/crazyflie_interfaces/include/crazyflie_interfaces/crazyflie_interfaces/msg/detail/hover__struct.h
[4.663s] -- Up-to-date symlink: /home/vincent/ros2_ws/src/install/crazyflie_interfaces/include/crazyflie_interfaces/crazyflie_interfaces/msg/detail/hover__type_support.h
[4.663s] -- Up-to-date symlink: /home/vincent/ros2_ws/src/install/crazyflie_interfaces/include/crazyflie_interfaces/crazyflie_interfaces/msg/detail/log_block__functions.h
[4.663s] -- Up-to-date symlink: /home/vincent/ros2_ws/src/install/crazyflie_interfaces/include/crazyflie_interfaces/crazyflie_interfaces/msg/detail/log_block__struct.h
[4.663s] -- Up-to-date symlink: /home/vincent/ros2_ws/src/install/crazyflie_interfaces/include/crazyflie_interfaces/crazyflie_interfaces/msg/detail/log_block__type_support.h
[4.663s] -- Up-to-date symlink: /home/vincent/ros2_ws/src/install/crazyflie_interfaces/include/crazyflie_interfaces/crazyflie_interfaces/msg/detail/log_data_generic__functions.h
[4.664s] -- Up-to-date symlink: /home/vincent/ros2_ws/src/install/crazyflie_interfaces/include/crazyflie_interfaces/crazyflie_interfaces/msg/detail/log_data_generic__struct.h
[4.664s] -- Up-to-date symlink: /home/vincent/ros2_ws/src/install/crazyflie_interfaces/include/crazyflie_interfaces/crazyflie_interfaces/msg/detail/log_data_generic__type_support.h
[4.664s] -- Up-to-date symlink: /home/vincent/ros2_ws/src/install/crazyflie_interfaces/include/crazyflie_interfaces/crazyflie_interfaces/msg/detail/position__functions.h
[4.664s] -- Up-to-date symlink: /home/vincent/ros2_ws/src/install/crazyflie_interfaces/include/crazyflie_interfaces/crazyflie_interfaces/msg/detail/position__struct.h
[4.664s] -- Up-to-date symlink: /home/vincent/ros2_ws/src/install/crazyflie_interfaces/include/crazyflie_interfaces/crazyflie_interfaces/msg/detail/position__type_support.h
[4.664s] -- Up-to-date symlink: /home/vincent/ros2_ws/src/install/crazyflie_interfaces/include/crazyflie_interfaces/crazyflie_interfaces/msg/detail/status__functions.h
[4.665s] -- Up-to-date symlink: /home/vincent/ros2_ws/src/install/crazyflie_interfaces/include/crazyflie_interfaces/crazyflie_interfaces/msg/detail/status__struct.h
[4.665s] -- Up-to-date symlink: /home/vincent/ros2_ws/src/install/crazyflie_interfaces/include/crazyflie_interfaces/crazyflie_interfaces/msg/detail/status__type_support.h
[4.665s] -- Up-to-date symlink: /home/vincent/ros2_ws/src/install/crazyflie_interfaces/include/crazyflie_interfaces/crazyflie_interfaces/msg/detail/trajectory_polynomial_piece__functions.h
[4.665s] -- Up-to-date symlink: /home/vincent/ros2_ws/src/install/crazyflie_interfaces/include/crazyflie_interfaces/crazyflie_interfaces/msg/detail/trajectory_polynomial_piece__struct.h
[4.665s] -- Up-to-date symlink: /home/vincent/ros2_ws/src/install/crazyflie_interfaces/include/crazyflie_interfaces/crazyflie_interfaces/msg/detail/trajectory_polynomial_piece__type_support.h
[4.666s] -- Up-to-date symlink: /home/vincent/ros2_ws/src/install/crazyflie_interfaces/include/crazyflie_interfaces/crazyflie_interfaces/msg/detail/velocity_world__functions.h
[4.666s] -- Up-to-date symlink: /home/vincent/ros2_ws/src/install/crazyflie_interfaces/include/crazyflie_interfaces/crazyflie_interfaces/msg/detail/velocity_world__struct.h
[4.666s] -- Up-to-date symlink: /home/vincent/ros2_ws/src/install/crazyflie_interfaces/include/crazyflie_interfaces/crazyflie_interfaces/msg/detail/velocity_world__type_support.h
[4.666s] -- Up-to-date symlink: /home/vincent/ros2_ws/src/install/crazyflie_interfaces/include/crazyflie_interfaces/crazyflie_interfaces/msg/full_state.h
[4.666s] -- Up-to-date symlink: /home/vincent/ros2_ws/src/install/crazyflie_interfaces/include/crazyflie_interfaces/crazyflie_interfaces/msg/hover.h
[4.667s] -- Up-to-date symlink: /home/vincent/ros2_ws/src/install/crazyflie_interfaces/include/crazyflie_interfaces/crazyflie_interfaces/msg/log_block.h
[4.667s] -- Up-to-date symlink: /home/vincent/ros2_ws/src/install/crazyflie_interfaces/include/crazyflie_interfaces/crazyflie_interfaces/msg/log_data_generic.h
[4.667s] -- Up-to-date symlink: /home/vincent/ros2_ws/src/install/crazyflie_interfaces/include/crazyflie_interfaces/crazyflie_interfaces/msg/position.h
[4.667s] -- Up-to-date symlink: /home/vincent/ros2_ws/src/install/crazyflie_interfaces/include/crazyflie_interfaces/crazyflie_interfaces/msg/rosidl_generator_c__visibility_control.h
[4.667s] -- Up-to-date symlink: /home/vincent/ros2_ws/src/install/crazyflie_interfaces/include/crazyflie_interfaces/crazyflie_interfaces/msg/status.h
[4.668s] -- Up-to-date symlink: /home/vincent/ros2_ws/src/install/crazyflie_interfaces/include/crazyflie_interfaces/crazyflie_interfaces/msg/trajectory_polynomial_piece.h
[4.668s] -- Up-to-date symlink: /home/vincent/ros2_ws/src/install/crazyflie_interfaces/include/crazyflie_interfaces/crazyflie_interfaces/msg/velocity_world.h
[4.668s] -- Up-to-date symlink: /home/vincent/ros2_ws/src/install/crazyflie_interfaces/include/crazyflie_interfaces/crazyflie_interfaces/srv/add_logging.h
[4.668s] -- Up-to-date symlink: /home/vincent/ros2_ws/src/install/crazyflie_interfaces/include/crazyflie_interfaces/crazyflie_interfaces/srv/arm.h
[4.668s] -- Up-to-date symlink: /home/vincent/ros2_ws/src/install/crazyflie_interfaces/include/crazyflie_interfaces/crazyflie_interfaces/srv/detail/add_logging__functions.h
[4.669s] -- Up-to-date symlink: /home/vincent/ros2_ws/src/install/crazyflie_interfaces/include/crazyflie_interfaces/crazyflie_interfaces/srv/detail/add_logging__struct.h
[4.669s] -- Up-to-date symlink: /home/vincent/ros2_ws/src/install/crazyflie_interfaces/include/crazyflie_interfaces/crazyflie_interfaces/srv/detail/add_logging__type_support.h
[4.669s] -- Up-to-date symlink: /home/vincent/ros2_ws/src/install/crazyflie_interfaces/include/crazyflie_interfaces/crazyflie_interfaces/srv/detail/arm__functions.h
[4.669s] -- Up-to-date symlink: /home/vincent/ros2_ws/src/install/crazyflie_interfaces/include/crazyflie_interfaces/crazyflie_interfaces/srv/detail/arm__struct.h
[4.669s] -- Up-to-date symlink: /home/vincent/ros2_ws/src/install/crazyflie_interfaces/include/crazyflie_interfaces/crazyflie_interfaces/srv/detail/arm__type_support.h
[4.670s] -- Up-to-date symlink: /home/vincent/ros2_ws/src/install/crazyflie_interfaces/include/crazyflie_interfaces/crazyflie_interfaces/srv/detail/go_to__functions.h
[4.670s] -- Up-to-date symlink: /home/vincent/ros2_ws/src/install/crazyflie_interfaces/include/crazyflie_interfaces/crazyflie_interfaces/srv/detail/go_to__struct.h
[4.670s] -- Up-to-date symlink: /home/vincent/ros2_ws/src/install/crazyflie_interfaces/include/crazyflie_interfaces/crazyflie_interfaces/srv/detail/go_to__type_support.h
[4.670s] -- Up-to-date symlink: /home/vincent/ros2_ws/src/install/crazyflie_interfaces/include/crazyflie_interfaces/crazyflie_interfaces/srv/detail/land__functions.h
[4.670s] -- Up-to-date symlink: /home/vincent/ros2_ws/src/install/crazyflie_interfaces/include/crazyflie_interfaces/crazyflie_interfaces/srv/detail/land__struct.h
[4.671s] -- Up-to-date symlink: /home/vincent/ros2_ws/src/install/crazyflie_interfaces/include/crazyflie_interfaces/crazyflie_interfaces/srv/detail/land__type_support.h
[4.671s] -- Up-to-date symlink: /home/vincent/ros2_ws/src/install/crazyflie_interfaces/include/crazyflie_interfaces/crazyflie_interfaces/srv/detail/notify_setpoints_stop__functions.h
[4.671s] -- Up-to-date symlink: /home/vincent/ros2_ws/src/install/crazyflie_interfaces/include/crazyflie_interfaces/crazyflie_interfaces/srv/detail/notify_setpoints_stop__struct.h
[4.671s] -- Up-to-date symlink: /home/vincent/ros2_ws/src/install/crazyflie_interfaces/include/crazyflie_interfaces/crazyflie_interfaces/srv/detail/notify_setpoints_stop__type_support.h
[4.671s] -- Up-to-date symlink: /home/vincent/ros2_ws/src/install/crazyflie_interfaces/include/crazyflie_interfaces/crazyflie_interfaces/srv/detail/remove_logging__functions.h
[4.672s] -- Up-to-date symlink: /home/vincent/ros2_ws/src/install/crazyflie_interfaces/include/crazyflie_interfaces/crazyflie_interfaces/srv/detail/remove_logging__struct.h
[4.672s] -- Up-to-date symlink: /home/vincent/ros2_ws/src/install/crazyflie_interfaces/include/crazyflie_interfaces/crazyflie_interfaces/srv/detail/remove_logging__type_support.h
[4.672s] -- Up-to-date symlink: /home/vincent/ros2_ws/src/install/crazyflie_interfaces/include/crazyflie_interfaces/crazyflie_interfaces/srv/detail/set_group_mask__functions.h
[4.672s] -- Up-to-date symlink: /home/vincent/ros2_ws/src/install/crazyflie_interfaces/include/crazyflie_interfaces/crazyflie_interfaces/srv/detail/set_group_mask__struct.h
[4.672s] -- Up-to-date symlink: /home/vincent/ros2_ws/src/install/crazyflie_interfaces/include/crazyflie_interfaces/crazyflie_interfaces/srv/detail/set_group_mask__type_support.h
[4.673s] -- Up-to-date symlink: /home/vincent/ros2_ws/src/install/crazyflie_interfaces/include/crazyflie_interfaces/crazyflie_interfaces/srv/detail/start_trajectory__functions.h
[4.673s] -- Up-to-date symlink: /home/vincent/ros2_ws/src/install/crazyflie_interfaces/include/crazyflie_interfaces/crazyflie_interfaces/srv/detail/start_trajectory__struct.h
[4.673s] -- Up-to-date symlink: /home/vincent/ros2_ws/src/install/crazyflie_interfaces/include/crazyflie_interfaces/crazyflie_interfaces/srv/detail/start_trajectory__type_support.h
[4.673s] -- Up-to-date symlink: /home/vincent/ros2_ws/src/install/crazyflie_interfaces/include/crazyflie_interfaces/crazyflie_interfaces/srv/detail/stop__functions.h
[4.673s] -- Up-to-date symlink: /home/vincent/ros2_ws/src/install/crazyflie_interfaces/include/crazyflie_interfaces/crazyflie_interfaces/srv/detail/stop__struct.h
[4.674s] -- Up-to-date symlink: /home/vincent/ros2_ws/src/install/crazyflie_interfaces/include/crazyflie_interfaces/crazyflie_interfaces/srv/detail/stop__type_support.h
[4.674s] -- Up-to-date symlink: /home/vincent/ros2_ws/src/install/crazyflie_interfaces/include/crazyflie_interfaces/crazyflie_interfaces/srv/detail/takeoff__functions.h
[4.674s] -- Up-to-date symlink: /home/vincent/ros2_ws/src/install/crazyflie_interfaces/include/crazyflie_interfaces/crazyflie_interfaces/srv/detail/takeoff__struct.h
[4.674s] -- Up-to-date symlink: /home/vincent/ros2_ws/src/install/crazyflie_interfaces/include/crazyflie_interfaces/crazyflie_interfaces/srv/detail/takeoff__type_support.h
[4.674s] -- Up-to-date symlink: /home/vincent/ros2_ws/src/install/crazyflie_interfaces/include/crazyflie_interfaces/crazyflie_interfaces/srv/detail/update_params__functions.h
[4.675s] -- Up-to-date symlink: /home/vincent/ros2_ws/src/install/crazyflie_interfaces/include/crazyflie_interfaces/crazyflie_interfaces/srv/detail/update_params__struct.h
[4.675s] -- Up-to-date symlink: /home/vincent/ros2_ws/src/install/crazyflie_interfaces/include/crazyflie_interfaces/crazyflie_interfaces/srv/detail/update_params__type_support.h
[4.675s] -- Up-to-date symlink: /home/vincent/ros2_ws/src/install/crazyflie_interfaces/include/crazyflie_interfaces/crazyflie_interfaces/srv/detail/upload_trajectory__functions.h
[4.675s] -- Up-to-date symlink: /home/vincent/ros2_ws/src/install/crazyflie_interfaces/include/crazyflie_interfaces/crazyflie_interfaces/srv/detail/upload_trajectory__struct.h
[4.675s] -- Up-to-date symlink: /home/vincent/ros2_ws/src/install/crazyflie_interfaces/include/crazyflie_interfaces/crazyflie_interfaces/srv/detail/upload_trajectory__type_support.h
[4.675s] -- Up-to-date symlink: /home/vincent/ros2_ws/src/install/crazyflie_interfaces/include/crazyflie_interfaces/crazyflie_interfaces/srv/go_to.h
[4.676s] -- Up-to-date symlink: /home/vincent/ros2_ws/src/install/crazyflie_interfaces/include/crazyflie_interfaces/crazyflie_interfaces/srv/land.h
[4.676s] -- Up-to-date symlink: /home/vincent/ros2_ws/src/install/crazyflie_interfaces/include/crazyflie_interfaces/crazyflie_interfaces/srv/notify_setpoints_stop.h
[4.676s] -- Up-to-date symlink: /home/vincent/ros2_ws/src/install/crazyflie_interfaces/include/crazyflie_interfaces/crazyflie_interfaces/srv/remove_logging.h
[4.676s] -- Up-to-date symlink: /home/vincent/ros2_ws/src/install/crazyflie_interfaces/include/crazyflie_interfaces/crazyflie_interfaces/srv/set_group_mask.h
[4.676s] -- Up-to-date symlink: /home/vincent/ros2_ws/src/install/crazyflie_interfaces/include/crazyflie_interfaces/crazyflie_interfaces/srv/start_trajectory.h
[4.676s] -- Up-to-date symlink: /home/vincent/ros2_ws/src/install/crazyflie_interfaces/include/crazyflie_interfaces/crazyflie_interfaces/srv/stop.h
[4.676s] -- Up-to-date symlink: /home/vincent/ros2_ws/src/install/crazyflie_interfaces/include/crazyflie_interfaces/crazyflie_interfaces/srv/takeoff.h
[4.676s] -- Up-to-date symlink: /home/vincent/ros2_ws/src/install/crazyflie_interfaces/include/crazyflie_interfaces/crazyflie_interfaces/srv/update_params.h
[4.676s] -- Up-to-date symlink: /home/vincent/ros2_ws/src/install/crazyflie_interfaces/include/crazyflie_interfaces/crazyflie_interfaces/srv/upload_trajectory.h
[4.677s] -- Up-to-date symlink: /home/vincent/ros2_ws/src/install/crazyflie_interfaces/share/crazyflie_interfaces/environment/library_path.sh
[4.677s] -- Up-to-date symlink: /home/vincent/ros2_ws/src/install/crazyflie_interfaces/share/crazyflie_interfaces/environment/library_path.dsv
[4.678s] -- Up-to-date symlink: /home/vincent/ros2_ws/src/install/crazyflie_interfaces/include/crazyflie_interfaces/crazyflie_interfaces/msg/detail/connection_statistics__rosidl_typesupport_fastrtps_c.h
[4.678s] -- Up-to-date symlink: /home/vincent/ros2_ws/src/install/crazyflie_interfaces/include/crazyflie_interfaces/crazyflie_interfaces/msg/detail/connection_statistics_array__rosidl_typesupport_fastrtps_c.h
[4.678s] -- Up-to-date symlink: /home/vincent/ros2_ws/src/install/crazyflie_interfaces/include/crazyflie_interfaces/crazyflie_interfaces/msg/detail/full_state__rosidl_typesupport_fastrtps_c.h
[4.678s] -- Up-to-date symlink: /home/vincent/ros2_ws/src/install/crazyflie_interfaces/include/crazyflie_interfaces/crazyflie_interfaces/msg/detail/hover__rosidl_typesupport_fastrtps_c.h
[4.678s] -- Up-to-date symlink: /home/vincent/ros2_ws/src/install/crazyflie_interfaces/include/crazyflie_interfaces/crazyflie_interfaces/msg/detail/log_block__rosidl_typesupport_fastrtps_c.h
[4.678s] -- Up-to-date symlink: /home/vincent/ros2_ws/src/install/crazyflie_interfaces/include/crazyflie_interfaces/crazyflie_interfaces/msg/detail/log_data_generic__rosidl_typesupport_fastrtps_c.h
[4.678s] -- Up-to-date symlink: /home/vincent/ros2_ws/src/install/crazyflie_interfaces/include/crazyflie_interfaces/crazyflie_interfaces/msg/detail/position__rosidl_typesupport_fastrtps_c.h
[4.679s] -- Up-to-date symlink: /home/vincent/ros2_ws/src/install/crazyflie_interfaces/include/crazyflie_interfaces/crazyflie_interfaces/msg/detail/status__rosidl_typesupport_fastrtps_c.h
[4.679s] -- Up-to-date symlink: /home/vincent/ros2_ws/src/install/crazyflie_interfaces/include/crazyflie_interfaces/crazyflie_interfaces/msg/detail/trajectory_polynomial_piece__rosidl_typesupport_fastrtps_c.h
[4.679s] -- Up-to-date symlink: /home/vincent/ros2_ws/src/install/crazyflie_interfaces/include/crazyflie_interfaces/crazyflie_interfaces/msg/detail/velocity_world__rosidl_typesupport_fastrtps_c.h
[4.679s] -- Up-to-date symlink: /home/vincent/ros2_ws/src/install/crazyflie_interfaces/include/crazyflie_interfaces/crazyflie_interfaces/msg/rosidl_typesupport_fastrtps_c__visibility_control.h
[4.679s] -- Up-to-date symlink: /home/vincent/ros2_ws/src/install/crazyflie_interfaces/include/crazyflie_interfaces/crazyflie_interfaces/srv/detail/add_logging__rosidl_typesupport_fastrtps_c.h
[4.679s] -- Up-to-date symlink: /home/vincent/ros2_ws/src/install/crazyflie_interfaces/include/crazyflie_interfaces/crazyflie_interfaces/srv/detail/arm__rosidl_typesupport_fastrtps_c.h
[4.679s] -- Up-to-date symlink: /home/vincent/ros2_ws/src/install/crazyflie_interfaces/include/crazyflie_interfaces/crazyflie_interfaces/srv/detail/go_to__rosidl_typesupport_fastrtps_c.h
[4.679s] -- Up-to-date symlink: /home/vincent/ros2_ws/src/install/crazyflie_interfaces/include/crazyflie_interfaces/crazyflie_interfaces/srv/detail/land__rosidl_typesupport_fastrtps_c.h
[4.679s] -- Up-to-date symlink: /home/vincent/ros2_ws/src/install/crazyflie_interfaces/include/crazyflie_interfaces/crazyflie_interfaces/srv/detail/notify_setpoints_stop__rosidl_typesupport_fastrtps_c.h
[4.680s] -- Up-to-date symlink: /home/vincent/ros2_ws/src/install/crazyflie_interfaces/include/crazyflie_interfaces/crazyflie_interfaces/srv/detail/remove_logging__rosidl_typesupport_fastrtps_c.h
[4.680s] -- Up-to-date symlink: /home/vincent/ros2_ws/src/install/crazyflie_interfaces/include/crazyflie_interfaces/crazyflie_interfaces/srv/detail/set_group_mask__rosidl_typesupport_fastrtps_c.h
[4.680s] -- Up-to-date symlink: /home/vincent/ros2_ws/src/install/crazyflie_interfaces/include/crazyflie_interfaces/crazyflie_interfaces/srv/detail/start_trajectory__rosidl_typesupport_fastrtps_c.h
[4.680s] -- Up-to-date symlink: /home/vincent/ros2_ws/src/install/crazyflie_interfaces/include/crazyflie_interfaces/crazyflie_interfaces/srv/detail/stop__rosidl_typesupport_fastrtps_c.h
[4.680s] -- Up-to-date symlink: /home/vincent/ros2_ws/src/install/crazyflie_interfaces/include/crazyflie_interfaces/crazyflie_interfaces/srv/detail/takeoff__rosidl_typesupport_fastrtps_c.h
[4.680s] -- Up-to-date symlink: /home/vincent/ros2_ws/src/install/crazyflie_interfaces/include/crazyflie_interfaces/crazyflie_interfaces/srv/detail/update_params__rosidl_typesupport_fastrtps_c.h
[4.680s] -- Up-to-date symlink: /home/vincent/ros2_ws/src/install/crazyflie_interfaces/include/crazyflie_interfaces/crazyflie_interfaces/srv/detail/upload_trajectory__rosidl_typesupport_fastrtps_c.h
[4.681s] -- Up-to-date symlink: /home/vincent/ros2_ws/src/install/crazyflie_interfaces/include/crazyflie_interfaces/crazyflie_interfaces/msg/connection_statistics.hpp
[4.681s] -- Up-to-date symlink: /home/vincent/ros2_ws/src/install/crazyflie_interfaces/include/crazyflie_interfaces/crazyflie_interfaces/msg/connection_statistics_array.hpp
[4.682s] -- Up-to-date symlink: /home/vincent/ros2_ws/src/install/crazyflie_interfaces/include/crazyflie_interfaces/crazyflie_interfaces/msg/detail/connection_statistics__builder.hpp
[4.682s] -- Up-to-date symlink: /home/vincent/ros2_ws/src/install/crazyflie_interfaces/include/crazyflie_interfaces/crazyflie_interfaces/msg/detail/connection_statistics__struct.hpp
[4.682s] -- Up-to-date symlink: /home/vincent/ros2_ws/src/install/crazyflie_interfaces/include/crazyflie_interfaces/crazyflie_interfaces/msg/detail/connection_statistics__traits.hpp
[4.682s] -- Up-to-date symlink: /home/vincent/ros2_ws/src/install/crazyflie_interfaces/include/crazyflie_interfaces/crazyflie_interfaces/msg/detail/connection_statistics_array__builder.hpp
[4.682s] -- Up-to-date symlink: /home/vincent/ros2_ws/src/install/crazyflie_interfaces/include/crazyflie_interfaces/crazyflie_interfaces/msg/detail/connection_statistics_array__struct.hpp
[4.682s] -- Up-to-date symlink: /home/vincent/ros2_ws/src/install/crazyflie_interfaces/include/crazyflie_interfaces/crazyflie_interfaces/msg/detail/connection_statistics_array__traits.hpp
[4.682s] -- Up-to-date symlink: /home/vincent/ros2_ws/src/install/crazyflie_interfaces/include/crazyflie_interfaces/crazyflie_interfaces/msg/detail/full_state__builder.hpp
[4.683s] -- Up-to-date symlink: /home/vincent/ros2_ws/src/install/crazyflie_interfaces/include/crazyflie_interfaces/crazyflie_interfaces/msg/detail/full_state__struct.hpp
[4.683s] -- Up-to-date symlink: /home/vincent/ros2_ws/src/install/crazyflie_interfaces/include/crazyflie_interfaces/crazyflie_interfaces/msg/detail/full_state__traits.hpp
[4.683s] -- Up-to-date symlink: /home/vincent/ros2_ws/src/install/crazyflie_interfaces/include/crazyflie_interfaces/crazyflie_interfaces/msg/detail/hover__builder.hpp
[4.683s] -- Up-to-date symlink: /home/vincent/ros2_ws/src/install/crazyflie_interfaces/include/crazyflie_interfaces/crazyflie_interfaces/msg/detail/hover__struct.hpp
[4.683s] -- Up-to-date symlink: /home/vincent/ros2_ws/src/install/crazyflie_interfaces/include/crazyflie_interfaces/crazyflie_interfaces/msg/detail/hover__traits.hpp
[4.683s] -- Up-to-date symlink: /home/vincent/ros2_ws/src/install/crazyflie_interfaces/include/crazyflie_interfaces/crazyflie_interfaces/msg/detail/log_block__builder.hpp
[4.683s] -- Up-to-date symlink: /home/vincent/ros2_ws/src/install/crazyflie_interfaces/include/crazyflie_interfaces/crazyflie_interfaces/msg/detail/log_block__struct.hpp
[4.683s] -- Up-to-date symlink: /home/vincent/ros2_ws/src/install/crazyflie_interfaces/include/crazyflie_interfaces/crazyflie_interfaces/msg/detail/log_block__traits.hpp
[4.684s] -- Up-to-date symlink: /home/vincent/ros2_ws/src/install/crazyflie_interfaces/include/crazyflie_interfaces/crazyflie_interfaces/msg/detail/log_data_generic__builder.hpp
[4.684s] -- Up-to-date symlink: /home/vincent/ros2_ws/src/install/crazyflie_interfaces/include/crazyflie_interfaces/crazyflie_interfaces/msg/detail/log_data_generic__struct.hpp
[4.684s] -- Up-to-date symlink: /home/vincent/ros2_ws/src/install/crazyflie_interfaces/include/crazyflie_interfaces/crazyflie_interfaces/msg/detail/log_data_generic__traits.hpp
[4.684s] -- Up-to-date symlink: /home/vincent/ros2_ws/src/install/crazyflie_interfaces/include/crazyflie_interfaces/crazyflie_interfaces/msg/detail/position__builder.hpp
[4.684s] -- Up-to-date symlink: /home/vincent/ros2_ws/src/install/crazyflie_interfaces/include/crazyflie_interfaces/crazyflie_interfaces/msg/detail/position__struct.hpp
[4.684s] -- Up-to-date symlink: /home/vincent/ros2_ws/src/install/crazyflie_interfaces/include/crazyflie_interfaces/crazyflie_interfaces/msg/detail/position__traits.hpp
[4.684s] -- Up-to-date symlink: /home/vincent/ros2_ws/src/install/crazyflie_interfaces/include/crazyflie_interfaces/crazyflie_interfaces/msg/detail/status__builder.hpp
[4.684s] -- Up-to-date symlink: /home/vincent/ros2_ws/src/install/crazyflie_interfaces/include/crazyflie_interfaces/crazyflie_interfaces/msg/detail/status__struct.hpp
[4.684s] -- Up-to-date symlink: /home/vincent/ros2_ws/src/install/crazyflie_interfaces/include/crazyflie_interfaces/crazyflie_interfaces/msg/detail/status__traits.hpp
[4.685s] -- Up-to-date symlink: /home/vincent/ros2_ws/src/install/crazyflie_interfaces/include/crazyflie_interfaces/crazyflie_interfaces/msg/detail/trajectory_polynomial_piece__builder.hpp
[4.685s] -- Up-to-date symlink: /home/vincent/ros2_ws/src/install/crazyflie_interfaces/include/crazyflie_interfaces/crazyflie_interfaces/msg/detail/trajectory_polynomial_piece__struct.hpp
[4.685s] -- Up-to-date symlink: /home/vincent/ros2_ws/src/install/crazyflie_interfaces/include/crazyflie_interfaces/crazyflie_interfaces/msg/detail/trajectory_polynomial_piece__traits.hpp
[4.685s] -- Up-to-date symlink: /home/vincent/ros2_ws/src/install/crazyflie_interfaces/include/crazyflie_interfaces/crazyflie_interfaces/msg/detail/velocity_world__builder.hpp
[4.685s] -- Up-to-date symlink: /home/vincent/ros2_ws/src/install/crazyflie_interfaces/include/crazyflie_interfaces/crazyflie_interfaces/msg/detail/velocity_world__struct.hpp
[4.686s] -- Up-to-date symlink: /home/vincent/ros2_ws/src/install/crazyflie_interfaces/include/crazyflie_interfaces/crazyflie_interfaces/msg/detail/velocity_world__traits.hpp
[4.686s] -- Up-to-date symlink: /home/vincent/ros2_ws/src/install/crazyflie_interfaces/include/crazyflie_interfaces/crazyflie_interfaces/msg/full_state.hpp
[4.686s] -- Up-to-date symlink: /home/vincent/ros2_ws/src/install/crazyflie_interfaces/include/crazyflie_interfaces/crazyflie_interfaces/msg/hover.hpp
[4.686s] -- Up-to-date symlink: /home/vincent/ros2_ws/src/install/crazyflie_interfaces/include/crazyflie_interfaces/crazyflie_interfaces/msg/log_block.hpp
[4.686s] -- Up-to-date symlink: /home/vincent/ros2_ws/src/install/crazyflie_interfaces/include/crazyflie_interfaces/crazyflie_interfaces/msg/log_data_generic.hpp
[4.686s] -- Up-to-date symlink: /home/vincent/ros2_ws/src/install/crazyflie_interfaces/include/crazyflie_interfaces/crazyflie_interfaces/msg/position.hpp
[4.687s] -- Up-to-date symlink: /home/vincent/ros2_ws/src/install/crazyflie_interfaces/include/crazyflie_interfaces/crazyflie_interfaces/msg/status.hpp
[4.687s] -- Up-to-date symlink: /home/vincent/ros2_ws/src/install/crazyflie_interfaces/include/crazyflie_interfaces/crazyflie_interfaces/msg/trajectory_polynomial_piece.hpp
[4.687s] -- Up-to-date symlink: /home/vincent/ros2_ws/src/install/crazyflie_interfaces/include/crazyflie_interfaces/crazyflie_interfaces/msg/velocity_world.hpp
[4.687s] -- Up-to-date symlink: /home/vincent/ros2_ws/src/install/crazyflie_interfaces/include/crazyflie_interfaces/crazyflie_interfaces/srv/add_logging.hpp
[4.687s] -- Up-to-date symlink: /home/vincent/ros2_ws/src/install/crazyflie_interfaces/include/crazyflie_interfaces/crazyflie_interfaces/srv/arm.hpp
[4.688s] -- Up-to-date symlink: /home/vincent/ros2_ws/src/install/crazyflie_interfaces/include/crazyflie_interfaces/crazyflie_interfaces/srv/detail/add_logging__builder.hpp
[4.688s] -- Up-to-date symlink: /home/vincent/ros2_ws/src/install/crazyflie_interfaces/include/crazyflie_interfaces/crazyflie_interfaces/srv/detail/add_logging__struct.hpp
[4.688s] -- Up-to-date symlink: /home/vincent/ros2_ws/src/install/crazyflie_interfaces/include/crazyflie_interfaces/crazyflie_interfaces/srv/detail/add_logging__traits.hpp
[4.688s] -- Up-to-date symlink: /home/vincent/ros2_ws/src/install/crazyflie_interfaces/include/crazyflie_interfaces/crazyflie_interfaces/srv/detail/arm__builder.hpp
[4.688s] -- Up-to-date symlink: /home/vincent/ros2_ws/src/install/crazyflie_interfaces/include/crazyflie_interfaces/crazyflie_interfaces/srv/detail/arm__struct.hpp
[4.688s] -- Up-to-date symlink: /home/vincent/ros2_ws/src/install/crazyflie_interfaces/include/crazyflie_interfaces/crazyflie_interfaces/srv/detail/arm__traits.hpp
[4.689s] -- Up-to-date symlink: /home/vincent/ros2_ws/src/install/crazyflie_interfaces/include/crazyflie_interfaces/crazyflie_interfaces/srv/detail/go_to__builder.hpp
[4.689s] -- Up-to-date symlink: /home/vincent/ros2_ws/src/install/crazyflie_interfaces/include/crazyflie_interfaces/crazyflie_interfaces/srv/detail/go_to__struct.hpp
[4.689s] -- Up-to-date symlink: /home/vincent/ros2_ws/src/install/crazyflie_interfaces/include/crazyflie_interfaces/crazyflie_interfaces/srv/detail/go_to__traits.hpp
[4.689s] -- Up-to-date symlink: /home/vincent/ros2_ws/src/install/crazyflie_interfaces/include/crazyflie_interfaces/crazyflie_interfaces/srv/detail/land__builder.hpp
[4.689s] -- Up-to-date symlink: /home/vincent/ros2_ws/src/install/crazyflie_interfaces/include/crazyflie_interfaces/crazyflie_interfaces/srv/detail/land__struct.hpp
[4.689s] -- Up-to-date symlink: /home/vincent/ros2_ws/src/install/crazyflie_interfaces/include/crazyflie_interfaces/crazyflie_interfaces/srv/detail/land__traits.hpp
[4.690s] -- Up-to-date symlink: /home/vincent/ros2_ws/src/install/crazyflie_interfaces/include/crazyflie_interfaces/crazyflie_interfaces/srv/detail/notify_setpoints_stop__builder.hpp
[4.690s] -- Up-to-date symlink: /home/vincent/ros2_ws/src/install/crazyflie_interfaces/include/crazyflie_interfaces/crazyflie_interfaces/srv/detail/notify_setpoints_stop__struct.hpp
[4.690s] -- Up-to-date symlink: /home/vincent/ros2_ws/src/install/crazyflie_interfaces/include/crazyflie_interfaces/crazyflie_interfaces/srv/detail/notify_setpoints_stop__traits.hpp
[4.690s] -- Up-to-date symlink: /home/vincent/ros2_ws/src/install/crazyflie_interfaces/include/crazyflie_interfaces/crazyflie_interfaces/srv/detail/remove_logging__builder.hpp
[4.690s] -- Up-to-date symlink: /home/vincent/ros2_ws/src/install/crazyflie_interfaces/include/crazyflie_interfaces/crazyflie_interfaces/srv/detail/remove_logging__struct.hpp
[4.691s] -- Up-to-date symlink: /home/vincent/ros2_ws/src/install/crazyflie_interfaces/include/crazyflie_interfaces/crazyflie_interfaces/srv/detail/remove_logging__traits.hpp
[4.691s] -- Up-to-date symlink: /home/vincent/ros2_ws/src/install/crazyflie_interfaces/include/crazyflie_interfaces/crazyflie_interfaces/srv/detail/set_group_mask__builder.hpp
[4.691s] -- Up-to-date symlink: /home/vincent/ros2_ws/src/install/crazyflie_interfaces/include/crazyflie_interfaces/crazyflie_interfaces/srv/detail/set_group_mask__struct.hpp
[4.691s] -- Up-to-date symlink: /home/vincent/ros2_ws/src/install/crazyflie_interfaces/include/crazyflie_interfaces/crazyflie_interfaces/srv/detail/set_group_mask__traits.hpp
[4.692s] -- Up-to-date symlink: /home/vincent/ros2_ws/src/install/crazyflie_interfaces/include/crazyflie_interfaces/crazyflie_interfaces/srv/detail/start_trajectory__builder.hpp
[4.692s] -- Up-to-date symlink: /home/vincent/ros2_ws/src/install/crazyflie_interfaces/include/crazyflie_interfaces/crazyflie_interfaces/srv/detail/start_trajectory__struct.hpp
[4.692s] -- Up-to-date symlink: /home/vincent/ros2_ws/src/install/crazyflie_interfaces/include/crazyflie_interfaces/crazyflie_interfaces/srv/detail/start_trajectory__traits.hpp
[4.692s] -- Up-to-date symlink: /home/vincent/ros2_ws/src/install/crazyflie_interfaces/include/crazyflie_interfaces/crazyflie_interfaces/srv/detail/stop__builder.hpp
[4.692s] -- Up-to-date symlink: /home/vincent/ros2_ws/src/install/crazyflie_interfaces/include/crazyflie_interfaces/crazyflie_interfaces/srv/detail/stop__struct.hpp
[4.692s] -- Up-to-date symlink: /home/vincent/ros2_ws/src/install/crazyflie_interfaces/include/crazyflie_interfaces/crazyflie_interfaces/srv/detail/stop__traits.hpp
[4.693s] -- Up-to-date symlink: /home/vincent/ros2_ws/src/install/crazyflie_interfaces/include/crazyflie_interfaces/crazyflie_interfaces/srv/detail/takeoff__builder.hpp
[4.693s] -- Up-to-date symlink: /home/vincent/ros2_ws/src/install/crazyflie_interfaces/include/crazyflie_interfaces/crazyflie_interfaces/srv/detail/takeoff__struct.hpp
[4.693s] -- Up-to-date symlink: /home/vincent/ros2_ws/src/install/crazyflie_interfaces/include/crazyflie_interfaces/crazyflie_interfaces/srv/detail/takeoff__traits.hpp
[4.693s] -- Up-to-date symlink: /home/vincent/ros2_ws/src/install/crazyflie_interfaces/include/crazyflie_interfaces/crazyflie_interfaces/srv/detail/update_params__builder.hpp
[4.693s] -- Up-to-date symlink: /home/vincent/ros2_ws/src/install/crazyflie_interfaces/include/crazyflie_interfaces/crazyflie_interfaces/srv/detail/update_params__struct.hpp
[4.693s] -- Up-to-date symlink: /home/vincent/ros2_ws/src/install/crazyflie_interfaces/include/crazyflie_interfaces/crazyflie_interfaces/srv/detail/update_params__traits.hpp
[4.693s] -- Up-to-date symlink: /home/vincent/ros2_ws/src/install/crazyflie_interfaces/include/crazyflie_interfaces/crazyflie_interfaces/srv/detail/upload_trajectory__builder.hpp
[4.694s] -- Up-to-date symlink: /home/vincent/ros2_ws/src/install/crazyflie_interfaces/include/crazyflie_interfaces/crazyflie_interfaces/srv/detail/upload_trajectory__struct.hpp
[4.694s] -- Up-to-date symlink: /home/vincent/ros2_ws/src/install/crazyflie_interfaces/include/crazyflie_interfaces/crazyflie_interfaces/srv/detail/upload_trajectory__traits.hpp
[4.694s] -- Up-to-date symlink: /home/vincent/ros2_ws/src/install/crazyflie_interfaces/include/crazyflie_interfaces/crazyflie_interfaces/srv/go_to.hpp
[4.694s] -- Up-to-date symlink: /home/vincent/ros2_ws/src/install/crazyflie_interfaces/include/crazyflie_interfaces/crazyflie_interfaces/srv/land.hpp
[4.694s] -- Up-to-date symlink: /home/vincent/ros2_ws/src/install/crazyflie_interfaces/include/crazyflie_interfaces/crazyflie_interfaces/srv/notify_setpoints_stop.hpp
[4.694s] -- Up-to-date symlink: /home/vincent/ros2_ws/src/install/crazyflie_interfaces/include/crazyflie_interfaces/crazyflie_interfaces/srv/remove_logging.hpp
[4.694s] -- Up-to-date symlink: /home/vincent/ros2_ws/src/install/crazyflie_interfaces/include/crazyflie_interfaces/crazyflie_interfaces/srv/set_group_mask.hpp
[4.694s] -- Up-to-date symlink: /home/vincent/ros2_ws/src/install/crazyflie_interfaces/include/crazyflie_interfaces/crazyflie_interfaces/srv/start_trajectory.hpp
[4.694s] -- Up-to-date symlink: /home/vincent/ros2_ws/src/install/crazyflie_interfaces/include/crazyflie_interfaces/crazyflie_interfaces/srv/stop.hpp
[4.695s] -- Up-to-date symlink: /home/vincent/ros2_ws/src/install/crazyflie_interfaces/include/crazyflie_interfaces/crazyflie_interfaces/srv/takeoff.hpp
[4.695s] -- Up-to-date symlink: /home/vincent/ros2_ws/src/install/crazyflie_interfaces/include/crazyflie_interfaces/crazyflie_interfaces/srv/update_params.hpp
[4.695s] -- Up-to-date symlink: /home/vincent/ros2_ws/src/install/crazyflie_interfaces/include/crazyflie_interfaces/crazyflie_interfaces/srv/upload_trajectory.hpp
[4.696s] -- Up-to-date symlink: /home/vincent/ros2_ws/src/install/crazyflie_interfaces/include/crazyflie_interfaces/crazyflie_interfaces/msg/detail/connection_statistics__rosidl_typesupport_fastrtps_cpp.hpp
[4.696s] -- Up-to-date symlink: /home/vincent/ros2_ws/src/install/crazyflie_interfaces/include/crazyflie_interfaces/crazyflie_interfaces/msg/detail/connection_statistics_array__rosidl_typesupport_fastrtps_cpp.hpp
[4.696s] -- Up-to-date symlink: /home/vincent/ros2_ws/src/install/crazyflie_interfaces/include/crazyflie_interfaces/crazyflie_interfaces/msg/detail/full_state__rosidl_typesupport_fastrtps_cpp.hpp
[4.696s] -- Up-to-date symlink: /home/vincent/ros2_ws/src/install/crazyflie_interfaces/include/crazyflie_interfaces/crazyflie_interfaces/msg/detail/hover__rosidl_typesupport_fastrtps_cpp.hpp
[4.696s] -- Up-to-date symlink: /home/vincent/ros2_ws/src/install/crazyflie_interfaces/include/crazyflie_interfaces/crazyflie_interfaces/msg/detail/log_block__rosidl_typesupport_fastrtps_cpp.hpp
[4.697s] -- Up-to-date symlink: /home/vincent/ros2_ws/src/install/crazyflie_interfaces/include/crazyflie_interfaces/crazyflie_interfaces/msg/detail/log_data_generic__rosidl_typesupport_fastrtps_cpp.hpp
[4.697s] -- Up-to-date symlink: /home/vincent/ros2_ws/src/install/crazyflie_interfaces/include/crazyflie_interfaces/crazyflie_interfaces/msg/detail/position__rosidl_typesupport_fastrtps_cpp.hpp
[4.697s] -- Up-to-date symlink: /home/vincent/ros2_ws/src/install/crazyflie_interfaces/include/crazyflie_interfaces/crazyflie_interfaces/msg/detail/status__rosidl_typesupport_fastrtps_cpp.hpp
[4.697s] -- Up-to-date symlink: /home/vincent/ros2_ws/src/install/crazyflie_interfaces/include/crazyflie_interfaces/crazyflie_interfaces/msg/detail/trajectory_polynomial_piece__rosidl_typesupport_fastrtps_cpp.hpp
[4.697s] -- Up-to-date symlink: /home/vincent/ros2_ws/src/install/crazyflie_interfaces/include/crazyflie_interfaces/crazyflie_interfaces/msg/detail/velocity_world__rosidl_typesupport_fastrtps_cpp.hpp
[4.697s] -- Up-to-date symlink: /home/vincent/ros2_ws/src/install/crazyflie_interfaces/include/crazyflie_interfaces/crazyflie_interfaces/msg/rosidl_typesupport_fastrtps_cpp__visibility_control.h
[4.697s] -- Up-to-date symlink: /home/vincent/ros2_ws/src/install/crazyflie_interfaces/include/crazyflie_interfaces/crazyflie_interfaces/srv/detail/add_logging__rosidl_typesupport_fastrtps_cpp.hpp
[4.697s] -- Up-to-date symlink: /home/vincent/ros2_ws/src/install/crazyflie_interfaces/include/crazyflie_interfaces/crazyflie_interfaces/srv/detail/arm__rosidl_typesupport_fastrtps_cpp.hpp
[4.697s] -- Up-to-date symlink: /home/vincent/ros2_ws/src/install/crazyflie_interfaces/include/crazyflie_interfaces/crazyflie_interfaces/srv/detail/go_to__rosidl_typesupport_fastrtps_cpp.hpp
[4.698s] -- Up-to-date symlink: /home/vincent/ros2_ws/src/install/crazyflie_interfaces/include/crazyflie_interfaces/crazyflie_interfaces/srv/detail/land__rosidl_typesupport_fastrtps_cpp.hpp
[4.698s] -- Up-to-date symlink: /home/vincent/ros2_ws/src/install/crazyflie_interfaces/include/crazyflie_interfaces/crazyflie_interfaces/srv/detail/notify_setpoints_stop__rosidl_typesupport_fastrtps_cpp.hpp
[4.698s] -- Up-to-date symlink: /home/vincent/ros2_ws/src/install/crazyflie_interfaces/include/crazyflie_interfaces/crazyflie_interfaces/srv/detail/remove_logging__rosidl_typesupport_fastrtps_cpp.hpp
[4.698s] -- Up-to-date symlink: /home/vincent/ros2_ws/src/install/crazyflie_interfaces/include/crazyflie_interfaces/crazyflie_interfaces/srv/detail/set_group_mask__rosidl_typesupport_fastrtps_cpp.hpp
[4.698s] -- Up-to-date symlink: /home/vincent/ros2_ws/src/install/crazyflie_interfaces/include/crazyflie_interfaces/crazyflie_interfaces/srv/detail/start_trajectory__rosidl_typesupport_fastrtps_cpp.hpp
[4.698s] -- Up-to-date symlink: /home/vincent/ros2_ws/src/install/crazyflie_interfaces/include/crazyflie_interfaces/crazyflie_interfaces/srv/detail/stop__rosidl_typesupport_fastrtps_cpp.hpp
[4.698s] -- Up-to-date symlink: /home/vincent/ros2_ws/src/install/crazyflie_interfaces/include/crazyflie_interfaces/crazyflie_interfaces/srv/detail/takeoff__rosidl_typesupport_fastrtps_cpp.hpp
[4.698s] -- Up-to-date symlink: /home/vincent/ros2_ws/src/install/crazyflie_interfaces/include/crazyflie_interfaces/crazyflie_interfaces/srv/detail/update_params__rosidl_typesupport_fastrtps_cpp.hpp
[4.699s] -- Up-to-date symlink: /home/vincent/ros2_ws/src/install/crazyflie_interfaces/include/crazyflie_interfaces/crazyflie_interfaces/srv/detail/upload_trajectory__rosidl_typesupport_fastrtps_cpp.hpp
[4.699s] -- Up-to-date symlink: /home/vincent/ros2_ws/src/install/crazyflie_interfaces/include/crazyflie_interfaces/crazyflie_interfaces/msg/detail/connection_statistics__rosidl_typesupport_introspection_c.h
[4.699s] -- Up-to-date symlink: /home/vincent/ros2_ws/src/install/crazyflie_interfaces/include/crazyflie_interfaces/crazyflie_interfaces/msg/detail/connection_statistics_array__rosidl_typesupport_introspection_c.h
[4.699s] -- Up-to-date symlink: /home/vincent/ros2_ws/src/install/crazyflie_interfaces/include/crazyflie_interfaces/crazyflie_interfaces/msg/detail/full_state__rosidl_typesupport_introspection_c.h
[4.700s] -- Up-to-date symlink: /home/vincent/ros2_ws/src/install/crazyflie_interfaces/include/crazyflie_interfaces/crazyflie_interfaces/msg/detail/hover__rosidl_typesupport_introspection_c.h
[4.700s] -- Up-to-date symlink: /home/vincent/ros2_ws/src/install/crazyflie_interfaces/include/crazyflie_interfaces/crazyflie_interfaces/msg/detail/log_block__rosidl_typesupport_introspection_c.h
[4.700s] -- Up-to-date symlink: /home/vincent/ros2_ws/src/install/crazyflie_interfaces/include/crazyflie_interfaces/crazyflie_interfaces/msg/detail/log_data_generic__rosidl_typesupport_introspection_c.h
[4.700s] -- Up-to-date symlink: /home/vincent/ros2_ws/src/install/crazyflie_interfaces/include/crazyflie_interfaces/crazyflie_interfaces/msg/detail/position__rosidl_typesupport_introspection_c.h
[4.700s] -- Up-to-date symlink: /home/vincent/ros2_ws/src/install/crazyflie_interfaces/include/crazyflie_interfaces/crazyflie_interfaces/msg/detail/status__rosidl_typesupport_introspection_c.h
[4.700s] -- Up-to-date symlink: /home/vincent/ros2_ws/src/install/crazyflie_interfaces/include/crazyflie_interfaces/crazyflie_interfaces/msg/detail/trajectory_polynomial_piece__rosidl_typesupport_introspection_c.h
[4.700s] -- Up-to-date symlink: /home/vincent/ros2_ws/src/install/crazyflie_interfaces/include/crazyflie_interfaces/crazyflie_interfaces/msg/detail/velocity_world__rosidl_typesupport_introspection_c.h
[4.701s] -- Up-to-date symlink: /home/vincent/ros2_ws/src/install/crazyflie_interfaces/include/crazyflie_interfaces/crazyflie_interfaces/msg/rosidl_typesupport_introspection_c__visibility_control.h
[4.701s] -- Up-to-date symlink: /home/vincent/ros2_ws/src/install/crazyflie_interfaces/include/crazyflie_interfaces/crazyflie_interfaces/srv/detail/add_logging__rosidl_typesupport_introspection_c.h
[4.701s] -- Up-to-date symlink: /home/vincent/ros2_ws/src/install/crazyflie_interfaces/include/crazyflie_interfaces/crazyflie_interfaces/srv/detail/arm__rosidl_typesupport_introspection_c.h
[4.701s] -- Up-to-date symlink: /home/vincent/ros2_ws/src/install/crazyflie_interfaces/include/crazyflie_interfaces/crazyflie_interfaces/srv/detail/go_to__rosidl_typesupport_introspection_c.h
[4.701s] -- Up-to-date symlink: /home/vincent/ros2_ws/src/install/crazyflie_interfaces/include/crazyflie_interfaces/crazyflie_interfaces/srv/detail/land__rosidl_typesupport_introspection_c.h
[4.701s] -- Up-to-date symlink: /home/vincent/ros2_ws/src/install/crazyflie_interfaces/include/crazyflie_interfaces/crazyflie_interfaces/srv/detail/notify_setpoints_stop__rosidl_typesupport_introspection_c.h
[4.701s] -- Up-to-date symlink: /home/vincent/ros2_ws/src/install/crazyflie_interfaces/include/crazyflie_interfaces/crazyflie_interfaces/srv/detail/remove_logging__rosidl_typesupport_introspection_c.h
[4.701s] -- Up-to-date symlink: /home/vincent/ros2_ws/src/install/crazyflie_interfaces/include/crazyflie_interfaces/crazyflie_interfaces/srv/detail/set_group_mask__rosidl_typesupport_introspection_c.h
[4.702s] -- Up-to-date symlink: /home/vincent/ros2_ws/src/install/crazyflie_interfaces/include/crazyflie_interfaces/crazyflie_interfaces/srv/detail/start_trajectory__rosidl_typesupport_introspection_c.h
[4.702s] -- Up-to-date symlink: /home/vincent/ros2_ws/src/install/crazyflie_interfaces/include/crazyflie_interfaces/crazyflie_interfaces/srv/detail/stop__rosidl_typesupport_introspection_c.h
[4.702s] -- Up-to-date symlink: /home/vincent/ros2_ws/src/install/crazyflie_interfaces/include/crazyflie_interfaces/crazyflie_interfaces/srv/detail/takeoff__rosidl_typesupport_introspection_c.h
[4.702s] -- Up-to-date symlink: /home/vincent/ros2_ws/src/install/crazyflie_interfaces/include/crazyflie_interfaces/crazyflie_interfaces/srv/detail/update_params__rosidl_typesupport_introspection_c.h
[4.702s] -- Up-to-date symlink: /home/vincent/ros2_ws/src/install/crazyflie_interfaces/include/crazyflie_interfaces/crazyflie_interfaces/srv/detail/upload_trajectory__rosidl_typesupport_introspection_c.h
[4.703s] -- Up-to-date symlink: /home/vincent/ros2_ws/src/install/crazyflie_interfaces/include/crazyflie_interfaces/crazyflie_interfaces/msg/detail/connection_statistics__rosidl_typesupport_introspection_cpp.hpp
[4.703s] -- Up-to-date symlink: /home/vincent/ros2_ws/src/install/crazyflie_interfaces/include/crazyflie_interfaces/crazyflie_interfaces/msg/detail/connection_statistics_array__rosidl_typesupport_introspection_cpp.hpp
[4.703s] -- Up-to-date symlink: /home/vincent/ros2_ws/src/install/crazyflie_interfaces/include/crazyflie_interfaces/crazyflie_interfaces/msg/detail/full_state__rosidl_typesupport_introspection_cpp.hpp
[4.703s] -- Up-to-date symlink: /home/vincent/ros2_ws/src/install/crazyflie_interfaces/include/crazyflie_interfaces/crazyflie_interfaces/msg/detail/hover__rosidl_typesupport_introspection_cpp.hpp
[4.703s] -- Up-to-date symlink: /home/vincent/ros2_ws/src/install/crazyflie_interfaces/include/crazyflie_interfaces/crazyflie_interfaces/msg/detail/log_block__rosidl_typesupport_introspection_cpp.hpp
[4.703s] -- Up-to-date symlink: /home/vincent/ros2_ws/src/install/crazyflie_interfaces/include/crazyflie_interfaces/crazyflie_interfaces/msg/detail/log_data_generic__rosidl_typesupport_introspection_cpp.hpp
[4.703s] -- Up-to-date symlink: /home/vincent/ros2_ws/src/install/crazyflie_interfaces/include/crazyflie_interfaces/crazyflie_interfaces/msg/detail/position__rosidl_typesupport_introspection_cpp.hpp
[4.704s] -- Up-to-date symlink: /home/vincent/ros2_ws/src/install/crazyflie_interfaces/include/crazyflie_interfaces/crazyflie_interfaces/msg/detail/status__rosidl_typesupport_introspection_cpp.hpp
[4.704s] -- Up-to-date symlink: /home/vincent/ros2_ws/src/install/crazyflie_interfaces/include/crazyflie_interfaces/crazyflie_interfaces/msg/detail/trajectory_polynomial_piece__rosidl_typesupport_introspection_cpp.hpp
[4.704s] -- Up-to-date symlink: /home/vincent/ros2_ws/src/install/crazyflie_interfaces/include/crazyflie_interfaces/crazyflie_interfaces/msg/detail/velocity_world__rosidl_typesupport_introspection_cpp.hpp
[4.704s] -- Up-to-date symlink: /home/vincent/ros2_ws/src/install/crazyflie_interfaces/include/crazyflie_interfaces/crazyflie_interfaces/srv/detail/add_logging__rosidl_typesupport_introspection_cpp.hpp
[4.704s] -- Up-to-date symlink: /home/vincent/ros2_ws/src/install/crazyflie_interfaces/include/crazyflie_interfaces/crazyflie_interfaces/srv/detail/arm__rosidl_typesupport_introspection_cpp.hpp
[4.705s] -- Up-to-date symlink: /home/vincent/ros2_ws/src/install/crazyflie_interfaces/include/crazyflie_interfaces/crazyflie_interfaces/srv/detail/go_to__rosidl_typesupport_introspection_cpp.hpp
[4.705s] -- Up-to-date symlink: /home/vincent/ros2_ws/src/install/crazyflie_interfaces/include/crazyflie_interfaces/crazyflie_interfaces/srv/detail/land__rosidl_typesupport_introspection_cpp.hpp
[4.705s] -- Up-to-date symlink: /home/vincent/ros2_ws/src/install/crazyflie_interfaces/include/crazyflie_interfaces/crazyflie_interfaces/srv/detail/notify_setpoints_stop__rosidl_typesupport_introspection_cpp.hpp
[4.705s] -- Up-to-date symlink: /home/vincent/ros2_ws/src/install/crazyflie_interfaces/include/crazyflie_interfaces/crazyflie_interfaces/srv/detail/remove_logging__rosidl_typesupport_introspection_cpp.hpp
[4.705s] -- Up-to-date symlink: /home/vincent/ros2_ws/src/install/crazyflie_interfaces/include/crazyflie_interfaces/crazyflie_interfaces/srv/detail/set_group_mask__rosidl_typesupport_introspection_cpp.hpp
[4.706s] -- Up-to-date symlink: /home/vincent/ros2_ws/src/install/crazyflie_interfaces/include/crazyflie_interfaces/crazyflie_interfaces/srv/detail/start_trajectory__rosidl_typesupport_introspection_cpp.hpp
[4.706s] -- Up-to-date symlink: /home/vincent/ros2_ws/src/install/crazyflie_interfaces/include/crazyflie_interfaces/crazyflie_interfaces/srv/detail/stop__rosidl_typesupport_introspection_cpp.hpp
[4.706s] -- Up-to-date symlink: /home/vincent/ros2_ws/src/install/crazyflie_interfaces/include/crazyflie_interfaces/crazyflie_interfaces/srv/detail/takeoff__rosidl_typesupport_introspection_cpp.hpp
[4.706s] -- Up-to-date symlink: /home/vincent/ros2_ws/src/install/crazyflie_interfaces/include/crazyflie_interfaces/crazyflie_interfaces/srv/detail/update_params__rosidl_typesupport_introspection_cpp.hpp
[4.707s] -- Up-to-date symlink: /home/vincent/ros2_ws/src/install/crazyflie_interfaces/include/crazyflie_interfaces/crazyflie_interfaces/srv/detail/upload_trajectory__rosidl_typesupport_introspection_cpp.hpp
[4.707s] -- Up-to-date symlink: /home/vincent/ros2_ws/src/install/crazyflie_interfaces/share/crazyflie_interfaces/environment/pythonpath.sh
[4.707s] -- Up-to-date symlink: /home/vincent/ros2_ws/src/install/crazyflie_interfaces/share/crazyflie_interfaces/environment/pythonpath.dsv
[4.707s] -- Up-to-date symlink: /home/vincent/ros2_ws/src/install/crazyflie_interfaces/local/lib/python3.10/dist-packages/crazyflie_interfaces-2.0.0-py3.10.egg-info/PKG-INFO
[4.708s] -- Up-to-date symlink: /home/vincent/ros2_ws/src/install/crazyflie_interfaces/local/lib/python3.10/dist-packages/crazyflie_interfaces-2.0.0-py3.10.egg-info/SOURCES.txt
[4.708s] -- Up-to-date symlink: /home/vincent/ros2_ws/src/install/crazyflie_interfaces/local/lib/python3.10/dist-packages/crazyflie_interfaces-2.0.0-py3.10.egg-info/dependency_links.txt
[4.708s] -- Up-to-date symlink: /home/vincent/ros2_ws/src/install/crazyflie_interfaces/local/lib/python3.10/dist-packages/crazyflie_interfaces-2.0.0-py3.10.egg-info/top_level.txt
[4.709s] -- Up-to-date symlink: /home/vincent/ros2_ws/src/install/crazyflie_interfaces/local/lib/python3.10/dist-packages/crazyflie_interfaces/__init__.py
[4.709s] -- Up-to-date symlink: /home/vincent/ros2_ws/src/install/crazyflie_interfaces/local/lib/python3.10/dist-packages/crazyflie_interfaces/_crazyflie_interfaces_s.ep.rosidl_typesupport_c.c
[4.710s] -- Up-to-date symlink: /home/vincent/ros2_ws/src/install/crazyflie_interfaces/local/lib/python3.10/dist-packages/crazyflie_interfaces/_crazyflie_interfaces_s.ep.rosidl_typesupport_fastrtps_c.c
[4.710s] -- Up-to-date symlink: /home/vincent/ros2_ws/src/install/crazyflie_interfaces/local/lib/python3.10/dist-packages/crazyflie_interfaces/_crazyflie_interfaces_s.ep.rosidl_typesupport_introspection_c.c
[4.710s] -- Up-to-date symlink: /home/vincent/ros2_ws/src/install/crazyflie_interfaces/local/lib/python3.10/dist-packages/crazyflie_interfaces/crazyflie_interfaces_s__rosidl_typesupport_c.cpython-310-x86_64-linux-gnu.so
[4.710s] -- Up-to-date symlink: /home/vincent/ros2_ws/src/install/crazyflie_interfaces/local/lib/python3.10/dist-packages/crazyflie_interfaces/crazyflie_interfaces_s__rosidl_typesupport_fastrtps_c.cpython-310-x86_64-linux-gnu.so
[4.710s] -- Up-to-date symlink: /home/vincent/ros2_ws/src/install/crazyflie_interfaces/local/lib/python3.10/dist-packages/crazyflie_interfaces/crazyflie_interfaces_s__rosidl_typesupport_introspection_c.cpython-310-x86_64-linux-gnu.so
[4.711s] -- Up-to-date symlink: /home/vincent/ros2_ws/src/install/crazyflie_interfaces/local/lib/python3.10/dist-packages/crazyflie_interfaces/libcrazyflie_interfaces__rosidl_generator_py.so
[4.711s] -- Up-to-date symlink: /home/vincent/ros2_ws/src/install/crazyflie_interfaces/local/lib/python3.10/dist-packages/crazyflie_interfaces/msg/__init__.py
[4.711s] -- Up-to-date symlink: /home/vincent/ros2_ws/src/install/crazyflie_interfaces/local/lib/python3.10/dist-packages/crazyflie_interfaces/msg/_connection_statistics.py
[4.711s] -- Up-to-date symlink: /home/vincent/ros2_ws/src/install/crazyflie_interfaces/local/lib/python3.10/dist-packages/crazyflie_interfaces/msg/_connection_statistics_array.py
[4.711s] -- Up-to-date symlink: /home/vincent/ros2_ws/src/install/crazyflie_interfaces/local/lib/python3.10/dist-packages/crazyflie_interfaces/msg/_connection_statistics_array_s.c
[4.711s] -- Up-to-date symlink: /home/vincent/ros2_ws/src/install/crazyflie_interfaces/local/lib/python3.10/dist-packages/crazyflie_interfaces/msg/_connection_statistics_s.c
[4.711s] -- Up-to-date symlink: /home/vincent/ros2_ws/src/install/crazyflie_interfaces/local/lib/python3.10/dist-packages/crazyflie_interfaces/msg/_full_state.py
[4.711s] -- Up-to-date symlink: /home/vincent/ros2_ws/src/install/crazyflie_interfaces/local/lib/python3.10/dist-packages/crazyflie_interfaces/msg/_full_state_s.c
[4.712s] -- Up-to-date symlink: /home/vincent/ros2_ws/src/install/crazyflie_interfaces/local/lib/python3.10/dist-packages/crazyflie_interfaces/msg/_hover.py
[4.712s] -- Up-to-date symlink: /home/vincent/ros2_ws/src/install/crazyflie_interfaces/local/lib/python3.10/dist-packages/crazyflie_interfaces/msg/_hover_s.c
[4.712s] -- Up-to-date symlink: /home/vincent/ros2_ws/src/install/crazyflie_interfaces/local/lib/python3.10/dist-packages/crazyflie_interfaces/msg/_log_block.py
[4.712s] -- Up-to-date symlink: /home/vincent/ros2_ws/src/install/crazyflie_interfaces/local/lib/python3.10/dist-packages/crazyflie_interfaces/msg/_log_block_s.c
[4.712s] -- Up-to-date symlink: /home/vincent/ros2_ws/src/install/crazyflie_interfaces/local/lib/python3.10/dist-packages/crazyflie_interfaces/msg/_log_data_generic.py
[4.713s] -- Up-to-date symlink: /home/vincent/ros2_ws/src/install/crazyflie_interfaces/local/lib/python3.10/dist-packages/crazyflie_interfaces/msg/_log_data_generic_s.c
[4.713s] -- Up-to-date symlink: /home/vincent/ros2_ws/src/install/crazyflie_interfaces/local/lib/python3.10/dist-packages/crazyflie_interfaces/msg/_position.py
[4.713s] -- Up-to-date symlink: /home/vincent/ros2_ws/src/install/crazyflie_interfaces/local/lib/python3.10/dist-packages/crazyflie_interfaces/msg/_position_s.c
[4.713s] -- Up-to-date symlink: /home/vincent/ros2_ws/src/install/crazyflie_interfaces/local/lib/python3.10/dist-packages/crazyflie_interfaces/msg/_status.py
[4.713s] -- Up-to-date symlink: /home/vincent/ros2_ws/src/install/crazyflie_interfaces/local/lib/python3.10/dist-packages/crazyflie_interfaces/msg/_status_s.c
[4.713s] -- Up-to-date symlink: /home/vincent/ros2_ws/src/install/crazyflie_interfaces/local/lib/python3.10/dist-packages/crazyflie_interfaces/msg/_trajectory_polynomial_piece.py
[4.714s] -- Up-to-date symlink: /home/vincent/ros2_ws/src/install/crazyflie_interfaces/local/lib/python3.10/dist-packages/crazyflie_interfaces/msg/_trajectory_polynomial_piece_s.c
[4.714s] -- Up-to-date symlink: /home/vincent/ros2_ws/src/install/crazyflie_interfaces/local/lib/python3.10/dist-packages/crazyflie_interfaces/msg/_velocity_world.py
[4.714s] -- Up-to-date symlink: /home/vincent/ros2_ws/src/install/crazyflie_interfaces/local/lib/python3.10/dist-packages/crazyflie_interfaces/msg/_velocity_world_s.c
[4.714s] -- Up-to-date symlink: /home/vincent/ros2_ws/src/install/crazyflie_interfaces/local/lib/python3.10/dist-packages/crazyflie_interfaces/srv/__init__.py
[4.714s] -- Up-to-date symlink: /home/vincent/ros2_ws/src/install/crazyflie_interfaces/local/lib/python3.10/dist-packages/crazyflie_interfaces/srv/_add_logging.py
[4.715s] -- Up-to-date symlink: /home/vincent/ros2_ws/src/install/crazyflie_interfaces/local/lib/python3.10/dist-packages/crazyflie_interfaces/srv/_add_logging_s.c
[4.715s] -- Up-to-date symlink: /home/vincent/ros2_ws/src/install/crazyflie_interfaces/local/lib/python3.10/dist-packages/crazyflie_interfaces/srv/_arm.py
[4.715s] -- Up-to-date symlink: /home/vincent/ros2_ws/src/install/crazyflie_interfaces/local/lib/python3.10/dist-packages/crazyflie_interfaces/srv/_arm_s.c
[4.715s] -- Up-to-date symlink: /home/vincent/ros2_ws/src/install/crazyflie_interfaces/local/lib/python3.10/dist-packages/crazyflie_interfaces/srv/_go_to.py
[4.715s] -- Up-to-date symlink: /home/vincent/ros2_ws/src/install/crazyflie_interfaces/local/lib/python3.10/dist-packages/crazyflie_interfaces/srv/_go_to_s.c
[4.716s] -- Up-to-date symlink: /home/vincent/ros2_ws/src/install/crazyflie_interfaces/local/lib/python3.10/dist-packages/crazyflie_interfaces/srv/_land.py
[4.716s] -- Up-to-date symlink: /home/vincent/ros2_ws/src/install/crazyflie_interfaces/local/lib/python3.10/dist-packages/crazyflie_interfaces/srv/_land_s.c
[4.716s] -- Up-to-date symlink: /home/vincent/ros2_ws/src/install/crazyflie_interfaces/local/lib/python3.10/dist-packages/crazyflie_interfaces/srv/_notify_setpoints_stop.py
[4.716s] -- Up-to-date symlink: /home/vincent/ros2_ws/src/install/crazyflie_interfaces/local/lib/python3.10/dist-packages/crazyflie_interfaces/srv/_notify_setpoints_stop_s.c
[4.717s] -- Up-to-date symlink: /home/vincent/ros2_ws/src/install/crazyflie_interfaces/local/lib/python3.10/dist-packages/crazyflie_interfaces/srv/_remove_logging.py
[4.717s] -- Up-to-date symlink: /home/vincent/ros2_ws/src/install/crazyflie_interfaces/local/lib/python3.10/dist-packages/crazyflie_interfaces/srv/_remove_logging_s.c
[4.717s] -- Up-to-date symlink: /home/vincent/ros2_ws/src/install/crazyflie_interfaces/local/lib/python3.10/dist-packages/crazyflie_interfaces/srv/_set_group_mask.py
[4.717s] -- Up-to-date symlink: /home/vincent/ros2_ws/src/install/crazyflie_interfaces/local/lib/python3.10/dist-packages/crazyflie_interfaces/srv/_set_group_mask_s.c
[4.717s] -- Up-to-date symlink: /home/vincent/ros2_ws/src/install/crazyflie_interfaces/local/lib/python3.10/dist-packages/crazyflie_interfaces/srv/_start_trajectory.py
[4.717s] -- Up-to-date symlink: /home/vincent/ros2_ws/src/install/crazyflie_interfaces/local/lib/python3.10/dist-packages/crazyflie_interfaces/srv/_start_trajectory_s.c
[4.717s] -- Up-to-date symlink: /home/vincent/ros2_ws/src/install/crazyflie_interfaces/local/lib/python3.10/dist-packages/crazyflie_interfaces/srv/_stop.py
[4.717s] -- Up-to-date symlink: /home/vincent/ros2_ws/src/install/crazyflie_interfaces/local/lib/python3.10/dist-packages/crazyflie_interfaces/srv/_stop_s.c
[4.718s] -- Up-to-date symlink: /home/vincent/ros2_ws/src/install/crazyflie_interfaces/local/lib/python3.10/dist-packages/crazyflie_interfaces/srv/_takeoff.py
[4.718s] -- Up-to-date symlink: /home/vincent/ros2_ws/src/install/crazyflie_interfaces/local/lib/python3.10/dist-packages/crazyflie_interfaces/srv/_takeoff_s.c
[4.718s] -- Up-to-date symlink: /home/vincent/ros2_ws/src/install/crazyflie_interfaces/local/lib/python3.10/dist-packages/crazyflie_interfaces/srv/_update_params.py
[4.718s] -- Up-to-date symlink: /home/vincent/ros2_ws/src/install/crazyflie_interfaces/local/lib/python3.10/dist-packages/crazyflie_interfaces/srv/_update_params_s.c
[4.718s] -- Up-to-date symlink: /home/vincent/ros2_ws/src/install/crazyflie_interfaces/local/lib/python3.10/dist-packages/crazyflie_interfaces/srv/_upload_trajectory.py
[4.718s] -- Up-to-date symlink: /home/vincent/ros2_ws/src/install/crazyflie_interfaces/local/lib/python3.10/dist-packages/crazyflie_interfaces/srv/_upload_trajectory_s.c
[4.718s] -- Up-to-date symlink: /home/vincent/ros2_ws/src/install/crazyflie_interfaces/local/lib/python3.10/dist-packages/crazyflie_interfaces/crazyflie_interfaces_s__rosidl_typesupport_fastrtps_c.cpython-310-x86_64-linux-gnu.so
[4.719s] -- Up-to-date symlink: /home/vincent/ros2_ws/src/install/crazyflie_interfaces/local/lib/python3.10/dist-packages/crazyflie_interfaces/crazyflie_interfaces_s__rosidl_typesupport_introspection_c.cpython-310-x86_64-linux-gnu.so
[4.719s] -- Up-to-date symlink: /home/vincent/ros2_ws/src/install/crazyflie_interfaces/local/lib/python3.10/dist-packages/crazyflie_interfaces/crazyflie_interfaces_s__rosidl_typesupport_c.cpython-310-x86_64-linux-gnu.so
[4.719s] -- Up-to-date symlink: /home/vincent/ros2_ws/src/install/crazyflie_interfaces/share/crazyflie_interfaces/msg/ConnectionStatistics.idl
[4.720s] -- Up-to-date symlink: /home/vincent/ros2_ws/src/install/crazyflie_interfaces/share/crazyflie_interfaces/msg/ConnectionStatisticsArray.idl
[4.720s] -- Up-to-date symlink: /home/vincent/ros2_ws/src/install/crazyflie_interfaces/share/crazyflie_interfaces/msg/FullState.idl
[4.720s] -- Up-to-date symlink: /home/vincent/ros2_ws/src/install/crazyflie_interfaces/share/crazyflie_interfaces/msg/LogDataGeneric.idl
[4.720s] -- Up-to-date symlink: /home/vincent/ros2_ws/src/install/crazyflie_interfaces/share/crazyflie_interfaces/msg/Hover.idl
[4.721s] -- Up-to-date symlink: /home/vincent/ros2_ws/src/install/crazyflie_interfaces/share/crazyflie_interfaces/msg/LogBlock.idl
[4.721s] -- Up-to-date symlink: /home/vincent/ros2_ws/src/install/crazyflie_interfaces/share/crazyflie_interfaces/msg/Position.idl
[4.721s] -- Up-to-date symlink: /home/vincent/ros2_ws/src/install/crazyflie_interfaces/share/crazyflie_interfaces/msg/Status.idl
[4.721s] -- Up-to-date symlink: /home/vincent/ros2_ws/src/install/crazyflie_interfaces/share/crazyflie_interfaces/msg/TrajectoryPolynomialPiece.idl
[4.721s] -- Up-to-date symlink: /home/vincent/ros2_ws/src/install/crazyflie_interfaces/share/crazyflie_interfaces/msg/VelocityWorld.idl
[4.722s] -- Up-to-date symlink: /home/vincent/ros2_ws/src/install/crazyflie_interfaces/share/crazyflie_interfaces/srv/GoTo.idl
[4.722s] -- Up-to-date symlink: /home/vincent/ros2_ws/src/install/crazyflie_interfaces/share/crazyflie_interfaces/srv/Land.idl
[4.722s] -- Up-to-date symlink: /home/vincent/ros2_ws/src/install/crazyflie_interfaces/share/crazyflie_interfaces/srv/NotifySetpointsStop.idl
[4.722s] -- Up-to-date symlink: /home/vincent/ros2_ws/src/install/crazyflie_interfaces/share/crazyflie_interfaces/srv/SetGroupMask.idl
[4.722s] -- Up-to-date symlink: /home/vincent/ros2_ws/src/install/crazyflie_interfaces/share/crazyflie_interfaces/srv/StartTrajectory.idl
[4.723s] -- Up-to-date symlink: /home/vincent/ros2_ws/src/install/crazyflie_interfaces/share/crazyflie_interfaces/srv/Stop.idl
[4.723s] -- Up-to-date symlink: /home/vincent/ros2_ws/src/install/crazyflie_interfaces/share/crazyflie_interfaces/srv/Takeoff.idl
[4.723s] -- Up-to-date symlink: /home/vincent/ros2_ws/src/install/crazyflie_interfaces/share/crazyflie_interfaces/srv/UpdateParams.idl
[4.723s] -- Up-to-date symlink: /home/vincent/ros2_ws/src/install/crazyflie_interfaces/share/crazyflie_interfaces/srv/UploadTrajectory.idl
[4.724s] -- Up-to-date symlink: /home/vincent/ros2_ws/src/install/crazyflie_interfaces/share/crazyflie_interfaces/srv/RemoveLogging.idl
[4.724s] -- Up-to-date symlink: /home/vincent/ros2_ws/src/install/crazyflie_interfaces/share/crazyflie_interfaces/srv/AddLogging.idl
[4.724s] -- Up-to-date symlink: /home/vincent/ros2_ws/src/install/crazyflie_interfaces/share/crazyflie_interfaces/srv/Arm.idl
[4.724s] -- Up-to-date symlink: /home/vincent/ros2_ws/src/install/crazyflie_interfaces/share/crazyflie_interfaces/msg/ConnectionStatistics.msg
[4.725s] -- Up-to-date symlink: /home/vincent/ros2_ws/src/install/crazyflie_interfaces/share/crazyflie_interfaces/msg/ConnectionStatisticsArray.msg
[4.725s] -- Up-to-date symlink: /home/vincent/ros2_ws/src/install/crazyflie_interfaces/share/crazyflie_interfaces/msg/FullState.msg
[4.725s] -- Up-to-date symlink: /home/vincent/ros2_ws/src/install/crazyflie_interfaces/share/crazyflie_interfaces/msg/LogDataGeneric.msg
[4.725s] -- Up-to-date symlink: /home/vincent/ros2_ws/src/install/crazyflie_interfaces/share/crazyflie_interfaces/msg/Hover.msg
[4.726s] -- Up-to-date symlink: /home/vincent/ros2_ws/src/install/crazyflie_interfaces/share/crazyflie_interfaces/msg/LogBlock.msg
[4.726s] -- Up-to-date symlink: /home/vincent/ros2_ws/src/install/crazyflie_interfaces/share/crazyflie_interfaces/msg/Position.msg
[4.726s] -- Up-to-date symlink: /home/vincent/ros2_ws/src/install/crazyflie_interfaces/share/crazyflie_interfaces/msg/Status.msg
[4.726s] -- Up-to-date symlink: /home/vincent/ros2_ws/src/install/crazyflie_interfaces/share/crazyflie_interfaces/msg/TrajectoryPolynomialPiece.msg
[4.727s] -- Up-to-date symlink: /home/vincent/ros2_ws/src/install/crazyflie_interfaces/share/crazyflie_interfaces/msg/VelocityWorld.msg
[4.727s] -- Up-to-date symlink: /home/vincent/ros2_ws/src/install/crazyflie_interfaces/share/crazyflie_interfaces/srv/GoTo.srv
[4.727s] -- Up-to-date symlink: /home/vincent/ros2_ws/src/install/crazyflie_interfaces/share/crazyflie_interfaces/srv/GoTo_Request.msg
[4.727s] -- Up-to-date symlink: /home/vincent/ros2_ws/src/install/crazyflie_interfaces/share/crazyflie_interfaces/srv/GoTo_Response.msg
[4.727s] -- Up-to-date symlink: /home/vincent/ros2_ws/src/install/crazyflie_interfaces/share/crazyflie_interfaces/srv/Land.srv
[4.728s] -- Up-to-date symlink: /home/vincent/ros2_ws/src/install/crazyflie_interfaces/share/crazyflie_interfaces/srv/Land_Request.msg
[4.728s] -- Up-to-date symlink: /home/vincent/ros2_ws/src/install/crazyflie_interfaces/share/crazyflie_interfaces/srv/Land_Response.msg
[4.728s] -- Up-to-date symlink: /home/vincent/ros2_ws/src/install/crazyflie_interfaces/share/crazyflie_interfaces/srv/NotifySetpointsStop.srv
[4.728s] -- Up-to-date symlink: /home/vincent/ros2_ws/src/install/crazyflie_interfaces/share/crazyflie_interfaces/srv/NotifySetpointsStop_Request.msg
[4.729s] -- Up-to-date symlink: /home/vincent/ros2_ws/src/install/crazyflie_interfaces/share/crazyflie_interfaces/srv/NotifySetpointsStop_Response.msg
[4.729s] -- Up-to-date symlink: /home/vincent/ros2_ws/src/install/crazyflie_interfaces/share/crazyflie_interfaces/srv/SetGroupMask.srv
[4.729s] -- Up-to-date symlink: /home/vincent/ros2_ws/src/install/crazyflie_interfaces/share/crazyflie_interfaces/srv/SetGroupMask_Request.msg
[4.729s] -- Up-to-date symlink: /home/vincent/ros2_ws/src/install/crazyflie_interfaces/share/crazyflie_interfaces/srv/SetGroupMask_Response.msg
[4.730s] -- Up-to-date symlink: /home/vincent/ros2_ws/src/install/crazyflie_interfaces/share/crazyflie_interfaces/srv/StartTrajectory.srv
[4.730s] -- Up-to-date symlink: /home/vincent/ros2_ws/src/install/crazyflie_interfaces/share/crazyflie_interfaces/srv/StartTrajectory_Request.msg
[4.730s] -- Up-to-date symlink: /home/vincent/ros2_ws/src/install/crazyflie_interfaces/share/crazyflie_interfaces/srv/StartTrajectory_Response.msg
[4.730s] -- Up-to-date symlink: /home/vincent/ros2_ws/src/install/crazyflie_interfaces/share/crazyflie_interfaces/srv/Stop.srv
[4.730s] -- Up-to-date symlink: /home/vincent/ros2_ws/src/install/crazyflie_interfaces/share/crazyflie_interfaces/srv/Stop_Request.msg
[4.731s] -- Up-to-date symlink: /home/vincent/ros2_ws/src/install/crazyflie_interfaces/share/crazyflie_interfaces/srv/Stop_Response.msg
[4.731s] -- Up-to-date symlink: /home/vincent/ros2_ws/src/install/crazyflie_interfaces/share/crazyflie_interfaces/srv/Takeoff.srv
[4.731s] -- Up-to-date symlink: /home/vincent/ros2_ws/src/install/crazyflie_interfaces/share/crazyflie_interfaces/srv/Takeoff_Request.msg
[4.731s] -- Up-to-date symlink: /home/vincent/ros2_ws/src/install/crazyflie_interfaces/share/crazyflie_interfaces/srv/Takeoff_Response.msg
[4.732s] -- Up-to-date symlink: /home/vincent/ros2_ws/src/install/crazyflie_interfaces/share/crazyflie_interfaces/srv/UpdateParams.srv
[4.732s] -- Up-to-date symlink: /home/vincent/ros2_ws/src/install/crazyflie_interfaces/share/crazyflie_interfaces/srv/UpdateParams_Request.msg
[4.732s] -- Up-to-date symlink: /home/vincent/ros2_ws/src/install/crazyflie_interfaces/share/crazyflie_interfaces/srv/UpdateParams_Response.msg
[4.732s] -- Up-to-date symlink: /home/vincent/ros2_ws/src/install/crazyflie_interfaces/share/crazyflie_interfaces/srv/UploadTrajectory.srv
[4.733s] -- Up-to-date symlink: /home/vincent/ros2_ws/src/install/crazyflie_interfaces/share/crazyflie_interfaces/srv/UploadTrajectory_Request.msg
[4.733s] -- Up-to-date symlink: /home/vincent/ros2_ws/src/install/crazyflie_interfaces/share/crazyflie_interfaces/srv/UploadTrajectory_Response.msg
[4.733s] -- Up-to-date symlink: /home/vincent/ros2_ws/src/install/crazyflie_interfaces/share/crazyflie_interfaces/srv/RemoveLogging.srv
[4.733s] -- Up-to-date symlink: /home/vincent/ros2_ws/src/install/crazyflie_interfaces/share/crazyflie_interfaces/srv/RemoveLogging_Request.msg
[4.734s] -- Up-to-date symlink: /home/vincent/ros2_ws/src/install/crazyflie_interfaces/share/crazyflie_interfaces/srv/RemoveLogging_Response.msg
[4.734s] -- Up-to-date symlink: /home/vincent/ros2_ws/src/install/crazyflie_interfaces/share/crazyflie_interfaces/srv/AddLogging.srv
[4.734s] -- Up-to-date symlink: /home/vincent/ros2_ws/src/install/crazyflie_interfaces/share/crazyflie_interfaces/srv/AddLogging_Request.msg
[4.734s] -- Up-to-date symlink: /home/vincent/ros2_ws/src/install/crazyflie_interfaces/share/crazyflie_interfaces/srv/AddLogging_Response.msg
[4.735s] -- Up-to-date symlink: /home/vincent/ros2_ws/src/install/crazyflie_interfaces/share/crazyflie_interfaces/srv/Arm.srv
[4.735s] -- Up-to-date symlink: /home/vincent/ros2_ws/src/install/crazyflie_interfaces/share/crazyflie_interfaces/srv/Arm_Request.msg
[4.735s] -- Up-to-date symlink: /home/vincent/ros2_ws/src/install/crazyflie_interfaces/share/crazyflie_interfaces/srv/Arm_Response.msg
[4.735s] -- Up-to-date symlink: /home/vincent/ros2_ws/src/install/crazyflie_interfaces/share/ament_index/resource_index/package_run_dependencies/crazyflie_interfaces
[4.736s] -- Up-to-date symlink: /home/vincent/ros2_ws/src/install/crazyflie_interfaces/share/ament_index/resource_index/parent_prefix_path/crazyflie_interfaces
[4.736s] -- Up-to-date symlink: /home/vincent/ros2_ws/src/install/crazyflie_interfaces/share/crazyflie_interfaces/environment/ament_prefix_path.sh
[4.736s] -- Up-to-date symlink: /home/vincent/ros2_ws/src/install/crazyflie_interfaces/share/crazyflie_interfaces/environment/ament_prefix_path.dsv
[4.736s] -- Up-to-date symlink: /home/vincent/ros2_ws/src/install/crazyflie_interfaces/share/crazyflie_interfaces/environment/path.sh
[4.737s] -- Up-to-date symlink: /home/vincent/ros2_ws/src/install/crazyflie_interfaces/share/crazyflie_interfaces/environment/path.dsv
[4.737s] -- Up-to-date symlink: /home/vincent/ros2_ws/src/install/crazyflie_interfaces/share/crazyflie_interfaces/local_setup.bash
[4.737s] -- Up-to-date symlink: /home/vincent/ros2_ws/src/install/crazyflie_interfaces/share/crazyflie_interfaces/local_setup.sh
[4.737s] -- Up-to-date symlink: /home/vincent/ros2_ws/src/install/crazyflie_interfaces/share/crazyflie_interfaces/local_setup.zsh
[4.737s] -- Up-to-date symlink: /home/vincent/ros2_ws/src/install/crazyflie_interfaces/share/crazyflie_interfaces/local_setup.dsv
[4.737s] -- Symlinking: /home/vincent/ros2_ws/src/install/crazyflie_interfaces/share/crazyflie_interfaces/package.dsv
[4.750s] -- Up-to-date symlink: /home/vincent/ros2_ws/src/install/crazyflie_interfaces/share/ament_index/resource_index/packages/crazyflie_interfaces
[4.750s] -- Up-to-date symlink: /home/vincent/ros2_ws/src/install/crazyflie_interfaces/share/crazyflie_interfaces/cmake/rosidl_cmake-extras.cmake
[4.751s] -- Up-to-date symlink: /home/vincent/ros2_ws/src/install/crazyflie_interfaces/share/crazyflie_interfaces/cmake/ament_cmake_export_dependencies-extras.cmake
[4.751s] -- Up-to-date symlink: /home/vincent/ros2_ws/src/install/crazyflie_interfaces/share/crazyflie_interfaces/cmake/ament_cmake_export_include_directories-extras.cmake
[4.751s] -- Up-to-date symlink: /home/vincent/ros2_ws/src/install/crazyflie_interfaces/share/crazyflie_interfaces/cmake/ament_cmake_export_libraries-extras.cmake
[4.751s] -- Up-to-date symlink: /home/vincent/ros2_ws/src/install/crazyflie_interfaces/share/crazyflie_interfaces/cmake/ament_cmake_export_targets-extras.cmake
[4.751s] -- Up-to-date symlink: /home/vincent/ros2_ws/src/install/crazyflie_interfaces/share/crazyflie_interfaces/cmake/rosidl_cmake_export_typesupport_targets-extras.cmake
[4.751s] -- Up-to-date symlink: /home/vincent/ros2_ws/src/install/crazyflie_interfaces/share/crazyflie_interfaces/cmake/rosidl_cmake_export_typesupport_libraries-extras.cmake
[4.751s] -- Up-to-date symlink: /home/vincent/ros2_ws/src/install/crazyflie_interfaces/share/crazyflie_interfaces/cmake/crazyflie_interfacesConfig.cmake
[4.752s] -- Up-to-date symlink: /home/vincent/ros2_ws/src/install/crazyflie_interfaces/share/crazyflie_interfaces/cmake/crazyflie_interfacesConfig-version.cmake
[4.752s] -- Up-to-date symlink: /home/vincent/ros2_ws/src/install/crazyflie_interfaces/share/crazyflie_interfaces/package.xml
[4.772s] -- Up-to-date: /home/vincent/ros2_ws/src/install/crazyflie_interfaces/lib/libcrazyflie_interfaces__rosidl_generator_c.so
[4.779s] -- Up-to-date: /home/vincent/ros2_ws/src/install/crazyflie_interfaces/lib/libcrazyflie_interfaces__rosidl_typesupport_fastrtps_c.so
[4.787s] -- Up-to-date: /home/vincent/ros2_ws/src/install/crazyflie_interfaces/lib/libcrazyflie_interfaces__rosidl_typesupport_fastrtps_cpp.so
[4.796s] -- Up-to-date: /home/vincent/ros2_ws/src/install/crazyflie_interfaces/lib/libcrazyflie_interfaces__rosidl_typesupport_introspection_c.so
[4.800s] -- Up-to-date: /home/vincent/ros2_ws/src/install/crazyflie_interfaces/lib/libcrazyflie_interfaces__rosidl_typesupport_c.so
[4.813s] -- Up-to-date: /home/vincent/ros2_ws/src/install/crazyflie_interfaces/lib/libcrazyflie_interfaces__rosidl_typesupport_introspection_cpp.so
[4.815s] -- Up-to-date: /home/vincent/ros2_ws/src/install/crazyflie_interfaces/lib/libcrazyflie_interfaces__rosidl_typesupport_cpp.so
[4.906s] Listing '/home/vincent/ros2_ws/src/install/crazyflie_interfaces/local/lib/python3.10/dist-packages/crazyflie_interfaces'...
[4.906s] Compiling '/home/vincent/ros2_ws/src/install/crazyflie_interfaces/local/lib/python3.10/dist-packages/crazyflie_interfaces/__init__.py'...
[4.906s] Listing '/home/vincent/ros2_ws/src/install/crazyflie_interfaces/local/lib/python3.10/dist-packages/crazyflie_interfaces/msg'...
[4.906s] Listing '/home/vincent/ros2_ws/src/install/crazyflie_interfaces/local/lib/python3.10/dist-packages/crazyflie_interfaces/srv'...
[4.931s] -- Up-to-date: /home/vincent/ros2_ws/src/install/crazyflie_interfaces/lib/libcrazyflie_interfaces__rosidl_generator_py.so
[4.932s] -- Up-to-date: /home/vincent/ros2_ws/src/install/crazyflie_interfaces/share/crazyflie_interfaces/cmake/export_crazyflie_interfaces__rosidl_generator_cExport.cmake
[4.932s] -- Up-to-date: /home/vincent/ros2_ws/src/install/crazyflie_interfaces/share/crazyflie_interfaces/cmake/export_crazyflie_interfaces__rosidl_generator_cExport-noconfig.cmake
[4.932s] -- Up-to-date: /home/vincent/ros2_ws/src/install/crazyflie_interfaces/share/crazyflie_interfaces/cmake/export_crazyflie_interfaces__rosidl_typesupport_fastrtps_cExport.cmake
[4.932s] -- Up-to-date: /home/vincent/ros2_ws/src/install/crazyflie_interfaces/share/crazyflie_interfaces/cmake/export_crazyflie_interfaces__rosidl_typesupport_fastrtps_cExport-noconfig.cmake
[4.933s] -- Up-to-date: /home/vincent/ros2_ws/src/install/crazyflie_interfaces/share/crazyflie_interfaces/cmake/export_crazyflie_interfaces__rosidl_generator_cppExport.cmake
[4.936s] -- Up-to-date: /home/vincent/ros2_ws/src/install/crazyflie_interfaces/share/crazyflie_interfaces/cmake/export_crazyflie_interfaces__rosidl_typesupport_fastrtps_cppExport.cmake
[4.936s] -- Up-to-date: /home/vincent/ros2_ws/src/install/crazyflie_interfaces/share/crazyflie_interfaces/cmake/export_crazyflie_interfaces__rosidl_typesupport_fastrtps_cppExport-noconfig.cmake
[4.936s] -- Up-to-date: /home/vincent/ros2_ws/src/install/crazyflie_interfaces/share/crazyflie_interfaces/cmake/crazyflie_interfaces__rosidl_typesupport_introspection_cExport.cmake
[4.936s] -- Up-to-date: /home/vincent/ros2_ws/src/install/crazyflie_interfaces/share/crazyflie_interfaces/cmake/crazyflie_interfaces__rosidl_typesupport_introspection_cExport-noconfig.cmake
[4.937s] -- Up-to-date: /home/vincent/ros2_ws/src/install/crazyflie_interfaces/share/crazyflie_interfaces/cmake/crazyflie_interfaces__rosidl_typesupport_cExport.cmake
[4.937s] -- Up-to-date: /home/vincent/ros2_ws/src/install/crazyflie_interfaces/share/crazyflie_interfaces/cmake/crazyflie_interfaces__rosidl_typesupport_cExport-noconfig.cmake
[4.937s] -- Up-to-date: /home/vincent/ros2_ws/src/install/crazyflie_interfaces/share/crazyflie_interfaces/cmake/crazyflie_interfaces__rosidl_typesupport_introspection_cppExport.cmake
[4.937s] -- Up-to-date: /home/vincent/ros2_ws/src/install/crazyflie_interfaces/share/crazyflie_interfaces/cmake/crazyflie_interfaces__rosidl_typesupport_introspection_cppExport-noconfig.cmake
[4.938s] -- Up-to-date: /home/vincent/ros2_ws/src/install/crazyflie_interfaces/share/crazyflie_interfaces/cmake/crazyflie_interfaces__rosidl_typesupport_cppExport.cmake
[4.938s] -- Up-to-date: /home/vincent/ros2_ws/src/install/crazyflie_interfaces/share/crazyflie_interfaces/cmake/crazyflie_interfaces__rosidl_typesupport_cppExport-noconfig.cmake
[4.938s] -- Up-to-date: /home/vincent/ros2_ws/src/install/crazyflie_interfaces/share/crazyflie_interfaces/cmake/export_crazyflie_interfaces__rosidl_generator_pyExport.cmake
[4.939s] -- Up-to-date: /home/vincent/ros2_ws/src/install/crazyflie_interfaces/share/crazyflie_interfaces/cmake/export_crazyflie_interfaces__rosidl_generator_pyExport-noconfig.cmake
[4.941s] Invoked command in '/home/vincent/ros2_ws/src/build/crazyflie_interfaces' returned '0': CMAKE_PREFIX_PATH=${CMAKE_PREFIX_PATH}:/home/vincent/ros2_ws/install/crazyflie_py:/opt/ros/humble /usr/bin/cmake --install /home/vincent/ros2_ws/src/build/crazyflie_interfaces
