[0.307s] Invoking command in '/home/vincent/ros2_ws/src/build/crazyflie_sim': AMENT_PREFIX_PATH=/home/vincent/ros2_ws/src/install/crazyflie_interfaces:${AMENT_PREFIX_PATH} CMAKE_PREFIX_PATH=/home/vincent/ros2_ws/src/install/crazyflie_interfaces:/home/vincent/ros2_ws/install/my_control_package:/home/vincent/ros2_ws/install/crazyflie_sim:/home/vincent/ros2_ws/install/crazyflie_examples:/home/vincent/ros2_ws/install/crazyflie:/home/vincent/ros2_ws/install/crazyflie_interfaces:/home/vincent/ros2_ws/install/crazyflie_py:/opt/ros/humble LD_LIBRARY_PATH=/home/vincent/ros2_ws/src/install/crazyflie_interfaces/lib:${LD_LIBRARY_PATH} PYTHONPATH=/home/vincent/ros2_ws/src/install/crazyflie_interfaces/local/lib/python3.10/dist-packages:${PYTHONPATH} /usr/bin/cmake --build /home/vincent/ros2_ws/src/build/crazyflie_sim -- -j8 -l8
[0.365s] Built target ament_cmake_python_symlink_crazyflie_sim_setup
[0.375s] Built target ament_cmake_python_symlink_crazyflie_sim
[0.721s] running install_scripts
[0.723s] /usr/lib/python3/dist-packages/setuptools/command/install.py:34: SetuptoolsDeprecationWarning: setup.py install is deprecated. Use build and pip and other standards-based tools.
[0.724s]   warnings.warn(
[0.750s] running egg_info
[0.751s] writing crazyflie_sim.egg-info/PKG-INFO
[0.751s] writing dependency_links to crazyflie_sim.egg-info/dependency_links.txt
[0.752s] writing entry points to crazyflie_sim.egg-info/entry_points.txt
[0.752s] writing top-level names to crazyflie_sim.egg-info/top_level.txt
[0.754s] reading manifest file 'crazyflie_sim.egg-info/SOURCES.txt'
[0.754s] writing manifest file 'crazyflie_sim.egg-info/SOURCES.txt'
[0.755s] Installing crazyflie_server script to scripts
[0.805s] Built target ament_cmake_python_build_crazyflie_sim_scripts
[0.825s] running egg_info
[0.827s] writing crazyflie_sim.egg-info/PKG-INFO
[0.827s] writing dependency_links to crazyflie_sim.egg-info/dependency_links.txt
[0.828s] writing entry points to crazyflie_sim.egg-info/entry_points.txt
[0.828s] writing top-level names to crazyflie_sim.egg-info/top_level.txt
[0.833s] reading manifest file 'crazyflie_sim.egg-info/SOURCES.txt'
[0.833s] writing manifest file 'crazyflie_sim.egg-info/SOURCES.txt'
[0.881s] Built target ament_cmake_python_build_crazyflie_sim_egg
[0.900s] Invoked command in '/home/vincent/ros2_ws/src/build/crazyflie_sim' returned '0': AMENT_PREFIX_PATH=/home/vincent/ros2_ws/src/install/crazyflie_interfaces:${AMENT_PREFIX_PATH} CMAKE_PREFIX_PATH=/home/vincent/ros2_ws/src/install/crazyflie_interfaces:/home/vincent/ros2_ws/install/my_control_package:/home/vincent/ros2_ws/install/crazyflie_sim:/home/vincent/ros2_ws/install/crazyflie_examples:/home/vincent/ros2_ws/install/crazyflie:/home/vincent/ros2_ws/install/crazyflie_interfaces:/home/vincent/ros2_ws/install/crazyflie_py:/opt/ros/humble LD_LIBRARY_PATH=/home/vincent/ros2_ws/src/install/crazyflie_interfaces/lib:${LD_LIBRARY_PATH} PYTHONPATH=/home/vincent/ros2_ws/src/install/crazyflie_interfaces/local/lib/python3.10/dist-packages:${PYTHONPATH} /usr/bin/cmake --build /home/vincent/ros2_ws/src/build/crazyflie_sim -- -j8 -l8
[0.929s] Invoking command in '/home/vincent/ros2_ws/src/build/crazyflie_sim': AMENT_PREFIX_PATH=/home/vincent/ros2_ws/src/install/crazyflie_interfaces:${AMENT_PREFIX_PATH} CMAKE_PREFIX_PATH=/home/vincent/ros2_ws/src/install/crazyflie_interfaces:/home/vincent/ros2_ws/install/my_control_package:/home/vincent/ros2_ws/install/crazyflie_sim:/home/vincent/ros2_ws/install/crazyflie_examples:/home/vincent/ros2_ws/install/crazyflie:/home/vincent/ros2_ws/install/crazyflie_interfaces:/home/vincent/ros2_ws/install/crazyflie_py:/opt/ros/humble LD_LIBRARY_PATH=/home/vincent/ros2_ws/src/install/crazyflie_interfaces/lib:${LD_LIBRARY_PATH} PYTHONPATH=/home/vincent/ros2_ws/src/install/crazyflie_interfaces/local/lib/python3.10/dist-packages:${PYTHONPATH} /usr/bin/cmake --install /home/vincent/ros2_ws/src/build/crazyflie_sim
[0.938s] -- Install configuration: ""
[0.939s] -- Execute custom install script
[0.939s] -- Up-to-date symlink: /home/vincent/ros2_ws/src/install/crazyflie_sim/share/crazyflie_sim/environment/pythonpath.sh
[0.940s] -- Up-to-date symlink: /home/vincent/ros2_ws/src/install/crazyflie_sim/share/crazyflie_sim/environment/pythonpath.dsv
[0.940s] -- Up-to-date symlink: /home/vincent/ros2_ws/src/install/crazyflie_sim/local/lib/python3.10/dist-packages/crazyflie_sim-2.0.0-py3.10.egg-info/PKG-INFO
[0.940s] -- Up-to-date symlink: /home/vincent/ros2_ws/src/install/crazyflie_sim/local/lib/python3.10/dist-packages/crazyflie_sim-2.0.0-py3.10.egg-info/SOURCES.txt
[0.941s] -- Up-to-date symlink: /home/vincent/ros2_ws/src/install/crazyflie_sim/local/lib/python3.10/dist-packages/crazyflie_sim-2.0.0-py3.10.egg-info/dependency_links.txt
[0.942s] -- Up-to-date symlink: /home/vincent/ros2_ws/src/install/crazyflie_sim/local/lib/python3.10/dist-packages/crazyflie_sim-2.0.0-py3.10.egg-info/entry_points.txt
[0.942s] -- Up-to-date symlink: /home/vincent/ros2_ws/src/install/crazyflie_sim/local/lib/python3.10/dist-packages/crazyflie_sim-2.0.0-py3.10.egg-info/top_level.txt
[0.942s] -- Up-to-date symlink: /home/vincent/ros2_ws/src/install/crazyflie_sim/lib/crazyflie_sim//crazyflie_server
[0.943s] -- Up-to-date symlink: /home/vincent/ros2_ws/src/install/crazyflie_sim/local/lib/python3.10/dist-packages/crazyflie_sim/__init__.py
[0.943s] -- Up-to-date symlink: /home/vincent/ros2_ws/src/install/crazyflie_sim/local/lib/python3.10/dist-packages/crazyflie_sim/backend/data/dynobench/crazyflie2.yaml
[0.943s] -- Up-to-date symlink: /home/vincent/ros2_ws/src/install/crazyflie_sim/local/lib/python3.10/dist-packages/crazyflie_sim/backend/data/neuralswarm2/phi_G.pth
[0.944s] -- Up-to-date symlink: /home/vincent/ros2_ws/src/install/crazyflie_sim/local/lib/python3.10/dist-packages/crazyflie_sim/backend/data/neuralswarm2/phi_L.pth
[0.944s] -- Up-to-date symlink: /home/vincent/ros2_ws/src/install/crazyflie_sim/local/lib/python3.10/dist-packages/crazyflie_sim/backend/data/neuralswarm2/phi_S.pth
[0.945s] -- Up-to-date symlink: /home/vincent/ros2_ws/src/install/crazyflie_sim/local/lib/python3.10/dist-packages/crazyflie_sim/backend/data/neuralswarm2/rho_L.pth
[0.950s] -- Up-to-date symlink: /home/vincent/ros2_ws/src/install/crazyflie_sim/local/lib/python3.10/dist-packages/crazyflie_sim/backend/data/neuralswarm2/rho_S.pth
[0.951s] -- Up-to-date symlink: /home/vincent/ros2_ws/src/install/crazyflie_sim/local/lib/python3.10/dist-packages/crazyflie_sim/backend/data/pinocchio/crazyflie2.urdf
[0.951s] -- Up-to-date symlink: /home/vincent/ros2_ws/src/install/crazyflie_sim/local/lib/python3.10/dist-packages/crazyflie_sim/backend/dynobench.py
[0.951s] -- Up-to-date symlink: /home/vincent/ros2_ws/src/install/crazyflie_sim/local/lib/python3.10/dist-packages/crazyflie_sim/backend/neuralswarm.py
[0.951s] -- Up-to-date symlink: /home/vincent/ros2_ws/src/install/crazyflie_sim/local/lib/python3.10/dist-packages/crazyflie_sim/backend/none.py
[0.951s] -- Up-to-date symlink: /home/vincent/ros2_ws/src/install/crazyflie_sim/local/lib/python3.10/dist-packages/crazyflie_sim/backend/np.py
[0.951s] -- Up-to-date symlink: /home/vincent/ros2_ws/src/install/crazyflie_sim/local/lib/python3.10/dist-packages/crazyflie_sim/backend/pinocchio.py
[0.951s] -- Up-to-date symlink: /home/vincent/ros2_ws/src/install/crazyflie_sim/local/lib/python3.10/dist-packages/crazyflie_sim/crazyflie_server.py
[0.951s] -- Up-to-date symlink: /home/vincent/ros2_ws/src/install/crazyflie_sim/local/lib/python3.10/dist-packages/crazyflie_sim/crazyflie_sil.py
[0.952s] -- Up-to-date symlink: /home/vincent/ros2_ws/src/install/crazyflie_sim/local/lib/python3.10/dist-packages/crazyflie_sim/sim_data_types.py
[0.952s] -- Up-to-date symlink: /home/vincent/ros2_ws/src/install/crazyflie_sim/local/lib/python3.10/dist-packages/crazyflie_sim/visualization/README.md
[0.952s] -- Up-to-date symlink: /home/vincent/ros2_ws/src/install/crazyflie_sim/local/lib/python3.10/dist-packages/crazyflie_sim/visualization/blender.py
[0.952s] -- Up-to-date symlink: /home/vincent/ros2_ws/src/install/crazyflie_sim/local/lib/python3.10/dist-packages/crazyflie_sim/visualization/data/README.md
[0.952s] -- Up-to-date symlink: /home/vincent/ros2_ws/src/install/crazyflie_sim/local/lib/python3.10/dist-packages/crazyflie_sim/visualization/data/env/abandoned_greenhouse.jpg
[0.952s] -- Up-to-date symlink: /home/vincent/ros2_ws/src/install/crazyflie_sim/local/lib/python3.10/dist-packages/crazyflie_sim/visualization/data/env/aerodynamics_workshop.jpg
[0.952s] -- Up-to-date symlink: /home/vincent/ros2_ws/src/install/crazyflie_sim/local/lib/python3.10/dist-packages/crazyflie_sim/visualization/data/env/aviation_museum.jpg
[0.952s] -- Up-to-date symlink: /home/vincent/ros2_ws/src/install/crazyflie_sim/local/lib/python3.10/dist-packages/crazyflie_sim/visualization/data/env/crosswalk.jpg
[0.952s] -- Up-to-date symlink: /home/vincent/ros2_ws/src/install/crazyflie_sim/local/lib/python3.10/dist-packages/crazyflie_sim/visualization/data/env/derelict_overpass.jpg
[0.952s] -- Up-to-date symlink: /home/vincent/ros2_ws/src/install/crazyflie_sim/local/lib/python3.10/dist-packages/crazyflie_sim/visualization/data/env/env.jpg
[0.953s] -- Up-to-date symlink: /home/vincent/ros2_ws/src/install/crazyflie_sim/local/lib/python3.10/dist-packages/crazyflie_sim/visualization/data/env/lago_disola.jpg
[0.953s] -- Up-to-date symlink: /home/vincent/ros2_ws/src/install/crazyflie_sim/local/lib/python3.10/dist-packages/crazyflie_sim/visualization/data/env/lake_pier.jpg
[0.953s] -- Up-to-date symlink: /home/vincent/ros2_ws/src/install/crazyflie_sim/local/lib/python3.10/dist-packages/crazyflie_sim/visualization/data/env/machine_shop.jpg
[0.953s] -- Up-to-date symlink: /home/vincent/ros2_ws/src/install/crazyflie_sim/local/lib/python3.10/dist-packages/crazyflie_sim/visualization/data/env/museumplein.jpg
[0.953s] -- Up-to-date symlink: /home/vincent/ros2_ws/src/install/crazyflie_sim/local/lib/python3.10/dist-packages/crazyflie_sim/visualization/data/env/peppermint_powerplant.jpg
[0.953s] -- Up-to-date symlink: /home/vincent/ros2_ws/src/install/crazyflie_sim/local/lib/python3.10/dist-packages/crazyflie_sim/visualization/data/env/studio_garden.jpg
[0.953s] -- Up-to-date symlink: /home/vincent/ros2_ws/src/install/crazyflie_sim/local/lib/python3.10/dist-packages/crazyflie_sim/visualization/data/model/cf.mtl
[0.953s] -- Up-to-date symlink: /home/vincent/ros2_ws/src/install/crazyflie_sim/local/lib/python3.10/dist-packages/crazyflie_sim/visualization/data/model/cf.obj
[0.954s] -- Up-to-date symlink: /home/vincent/ros2_ws/src/install/crazyflie_sim/local/lib/python3.10/dist-packages/crazyflie_sim/visualization/pdf.py
[0.954s] -- Up-to-date symlink: /home/vincent/ros2_ws/src/install/crazyflie_sim/local/lib/python3.10/dist-packages/crazyflie_sim/visualization/record_states.py
[0.954s] -- Up-to-date symlink: /home/vincent/ros2_ws/src/install/crazyflie_sim/local/lib/python3.10/dist-packages/crazyflie_sim/visualization/rviz.py
[0.954s] -- Up-to-date symlink: /home/vincent/ros2_ws/src/install/crazyflie_sim/share/ament_index/resource_index/package_run_dependencies/crazyflie_sim
[0.954s] -- Up-to-date symlink: /home/vincent/ros2_ws/src/install/crazyflie_sim/share/ament_index/resource_index/parent_prefix_path/crazyflie_sim
[0.954s] -- Up-to-date symlink: /home/vincent/ros2_ws/src/install/crazyflie_sim/share/crazyflie_sim/environment/ament_prefix_path.sh
[0.955s] -- Up-to-date symlink: /home/vincent/ros2_ws/src/install/crazyflie_sim/share/crazyflie_sim/environment/ament_prefix_path.dsv
[0.958s] -- Up-to-date symlink: /home/vincent/ros2_ws/src/install/crazyflie_sim/share/crazyflie_sim/environment/path.sh
[0.959s] -- Up-to-date symlink: /home/vincent/ros2_ws/src/install/crazyflie_sim/share/crazyflie_sim/environment/path.dsv
[0.959s] -- Up-to-date symlink: /home/vincent/ros2_ws/src/install/crazyflie_sim/share/crazyflie_sim/local_setup.bash
[0.959s] -- Up-to-date symlink: /home/vincent/ros2_ws/src/install/crazyflie_sim/share/crazyflie_sim/local_setup.sh
[0.959s] -- Up-to-date symlink: /home/vincent/ros2_ws/src/install/crazyflie_sim/share/crazyflie_sim/local_setup.zsh
[0.959s] -- Up-to-date symlink: /home/vincent/ros2_ws/src/install/crazyflie_sim/share/crazyflie_sim/local_setup.dsv
[0.959s] -- Symlinking: /home/vincent/ros2_ws/src/install/crazyflie_sim/share/crazyflie_sim/package.dsv
[0.964s] -- Up-to-date symlink: /home/vincent/ros2_ws/src/install/crazyflie_sim/share/ament_index/resource_index/packages/crazyflie_sim
[0.965s] -- Up-to-date symlink: /home/vincent/ros2_ws/src/install/crazyflie_sim/share/crazyflie_sim/cmake/crazyflie_simConfig.cmake
[0.965s] -- Up-to-date symlink: /home/vincent/ros2_ws/src/install/crazyflie_sim/share/crazyflie_sim/cmake/crazyflie_simConfig-version.cmake
[0.965s] -- Up-to-date symlink: /home/vincent/ros2_ws/src/install/crazyflie_sim/share/crazyflie_sim/package.xml
[1.017s] Listing '/home/vincent/ros2_ws/src/install/crazyflie_sim/local/lib/python3.10/dist-packages/crazyflie_sim'...
[1.017s] Listing '/home/vincent/ros2_ws/src/install/crazyflie_sim/local/lib/python3.10/dist-packages/crazyflie_sim/backend'...
[1.017s] Listing '/home/vincent/ros2_ws/src/install/crazyflie_sim/local/lib/python3.10/dist-packages/crazyflie_sim/backend/data'...
[1.017s] Listing '/home/vincent/ros2_ws/src/install/crazyflie_sim/local/lib/python3.10/dist-packages/crazyflie_sim/backend/data/dynobench'...
[1.017s] Listing '/home/vincent/ros2_ws/src/install/crazyflie_sim/local/lib/python3.10/dist-packages/crazyflie_sim/backend/data/neuralswarm2'...
[1.017s] Listing '/home/vincent/ros2_ws/src/install/crazyflie_sim/local/lib/python3.10/dist-packages/crazyflie_sim/backend/data/pinocchio'...
[1.017s] Compiling '/home/vincent/ros2_ws/src/install/crazyflie_sim/local/lib/python3.10/dist-packages/crazyflie_sim/crazyflie_sil.py'...
[1.017s] Listing '/home/vincent/ros2_ws/src/install/crazyflie_sim/local/lib/python3.10/dist-packages/crazyflie_sim/visualization'...
[1.017s] Listing '/home/vincent/ros2_ws/src/install/crazyflie_sim/local/lib/python3.10/dist-packages/crazyflie_sim/visualization/data'...
[1.017s] Listing '/home/vincent/ros2_ws/src/install/crazyflie_sim/local/lib/python3.10/dist-packages/crazyflie_sim/visualization/data/env'...
[1.018s] Listing '/home/vincent/ros2_ws/src/install/crazyflie_sim/local/lib/python3.10/dist-packages/crazyflie_sim/visualization/data/model'...
[1.031s] Invoked command in '/home/vincent/ros2_ws/src/build/crazyflie_sim' returned '0': AMENT_PREFIX_PATH=/home/vincent/ros2_ws/src/install/crazyflie_interfaces:${AMENT_PREFIX_PATH} CMAKE_PREFIX_PATH=/home/vincent/ros2_ws/src/install/crazyflie_interfaces:/home/vincent/ros2_ws/install/my_control_package:/home/vincent/ros2_ws/install/crazyflie_sim:/home/vincent/ros2_ws/install/crazyflie_examples:/home/vincent/ros2_ws/install/crazyflie:/home/vincent/ros2_ws/install/crazyflie_interfaces:/home/vincent/ros2_ws/install/crazyflie_py:/opt/ros/humble LD_LIBRARY_PATH=/home/vincent/ros2_ws/src/install/crazyflie_interfaces/lib:${LD_LIBRARY_PATH} PYTHONPATH=/home/vincent/ros2_ws/src/install/crazyflie_interfaces/local/lib/python3.10/dist-packages:${PYTHONPATH} /usr/bin/cmake --install /home/vincent/ros2_ws/src/build/crazyflie_sim
