[0.009s] Invoking command in '/home/vincent/ros2_ws/src/build/crazyflie_examples': AMENT_PREFIX_PATH=/home/vincent/ros2_ws/src/install/crazyflie_py:/home/vincent/ros2_ws/src/install/crazyflie_interfaces:${AMENT_PREFIX_PATH} CMAKE_PREFIX_PATH=/home/vincent/ros2_ws/src/install/crazyflie_interfaces:/home/vincent/ros2_ws/install/crazyflie_sim:/home/vincent/ros2_ws/install/crazyflie_examples:/home/vincent/ros2_ws/install/crazyflie:/home/vincent/ros2_ws/install/crazyflie_interfaces:/home/vincent/ros2_ws/install/crazyflie_py:/opt/ros/humble LD_LIBRARY_PATH=/home/vincent/ros2_ws/src/install/crazyflie_interfaces/lib:${LD_LIBRARY_PATH} PYTHONPATH=/home/vincent/ros2_ws/src/build/crazyflie_py:/home/vincent/ros2_ws/src/install/crazyflie_py/lib/python3.10/site-packages:/home/vincent/ros2_ws/src/install/crazyflie_interfaces/local/lib/python3.10/dist-packages:${PYTHONPATH} /usr/bin/cmake /home/vincent/ros2_ws/src/crazyswarm2/crazyflie_examples -DAMENT_CMAKE_SYMLINK_INSTALL=1 -DCMAKE_INSTALL_PREFIX=/home/vincent/ros2_ws/src/install/crazyflie_examples
[0.062s] -- The C compiler identification is GNU 11.4.0
[0.114s] -- The CXX compiler identification is GNU 11.4.0
[0.121s] -- Detecting C compiler ABI info
[0.182s] -- Detecting C compiler ABI info - done
[0.196s] -- Check for working C compiler: /usr/bin/cc - skipped
[0.196s] -- Detecting C compile features
[0.197s] -- Detecting C compile features - done
[0.201s] -- Detecting CXX compiler ABI info
[0.274s] -- Detecting CXX compiler ABI info - done
[0.281s] -- Check for working CXX compiler: /usr/bin/c++ - skipped
[0.281s] -- Detecting CXX compile features
[0.282s] -- Detecting CXX compile features - done
[0.284s] -- Found ament_cmake: 1.3.10 (/opt/ros/humble/share/ament_cmake/cmake)
[0.439s] -- Found Python3: /usr/bin/python3 (found version "3.10.12") found components: Interpreter 
[0.502s] -- Override CMake install command with custom implementation using symlinks instead of copying resources
[0.614s] -- Found ament_cmake_pytest: 1.3.10 (/opt/ros/humble/share/ament_cmake_pytest/cmake)
[2.117s] -- Configuring done
[2.125s] -- Generating done
[2.125s] -- Build files have been written to: /home/vincent/ros2_ws/src/build/crazyflie_examples
[2.132s] Invoked command in '/home/vincent/ros2_ws/src/build/crazyflie_examples' returned '0': AMENT_PREFIX_PATH=/home/vincent/ros2_ws/src/install/crazyflie_py:/home/vincent/ros2_ws/src/install/crazyflie_interfaces:${AMENT_PREFIX_PATH} CMAKE_PREFIX_PATH=/home/vincent/ros2_ws/src/install/crazyflie_interfaces:/home/vincent/ros2_ws/install/crazyflie_sim:/home/vincent/ros2_ws/install/crazyflie_examples:/home/vincent/ros2_ws/install/crazyflie:/home/vincent/ros2_ws/install/crazyflie_interfaces:/home/vincent/ros2_ws/install/crazyflie_py:/opt/ros/humble LD_LIBRARY_PATH=/home/vincent/ros2_ws/src/install/crazyflie_interfaces/lib:${LD_LIBRARY_PATH} PYTHONPATH=/home/vincent/ros2_ws/src/build/crazyflie_py:/home/vincent/ros2_ws/src/install/crazyflie_py/lib/python3.10/site-packages:/home/vincent/ros2_ws/src/install/crazyflie_interfaces/local/lib/python3.10/dist-packages:${PYTHONPATH} /usr/bin/cmake /home/vincent/ros2_ws/src/crazyswarm2/crazyflie_examples -DAMENT_CMAKE_SYMLINK_INSTALL=1 -DCMAKE_INSTALL_PREFIX=/home/vincent/ros2_ws/src/install/crazyflie_examples
[2.137s] Invoking command in '/home/vincent/ros2_ws/src/build/crazyflie_examples': AMENT_PREFIX_PATH=/home/vincent/ros2_ws/src/install/crazyflie_py:/home/vincent/ros2_ws/src/install/crazyflie_interfaces:${AMENT_PREFIX_PATH} CMAKE_PREFIX_PATH=/home/vincent/ros2_ws/src/install/crazyflie_interfaces:/home/vincent/ros2_ws/install/crazyflie_sim:/home/vincent/ros2_ws/install/crazyflie_examples:/home/vincent/ros2_ws/install/crazyflie:/home/vincent/ros2_ws/install/crazyflie_interfaces:/home/vincent/ros2_ws/install/crazyflie_py:/opt/ros/humble LD_LIBRARY_PATH=/home/vincent/ros2_ws/src/install/crazyflie_interfaces/lib:${LD_LIBRARY_PATH} PYTHONPATH=/home/vincent/ros2_ws/src/build/crazyflie_py:/home/vincent/ros2_ws/src/install/crazyflie_py/lib/python3.10/site-packages:/home/vincent/ros2_ws/src/install/crazyflie_interfaces/local/lib/python3.10/dist-packages:${PYTHONPATH} /usr/bin/cmake --build /home/vincent/ros2_ws/src/build/crazyflie_examples -- -j8 -l8
[2.216s] Built target ament_cmake_python_symlink_crazyflie_examples_setup
[2.216s] Built target ament_cmake_python_symlink_crazyflie_examples
[2.652s] running egg_info
[2.652s] creating crazyflie_examples.egg-info
[2.652s] writing crazyflie_examples.egg-info/PKG-INFO
[2.653s] writing dependency_links to crazyflie_examples.egg-info/dependency_links.txt
[2.653s] writing entry points to crazyflie_examples.egg-info/entry_points.txt
[2.656s] writing top-level names to crazyflie_examples.egg-info/top_level.txt
[2.656s] writing manifest file 'crazyflie_examples.egg-info/SOURCES.txt'
[2.658s] reading manifest file 'crazyflie_examples.egg-info/SOURCES.txt'
[2.659s] writing manifest file 'crazyflie_examples.egg-info/SOURCES.txt'
[2.675s] running install_scripts
[2.679s] /usr/lib/python3/dist-packages/setuptools/command/install.py:34: SetuptoolsDeprecationWarning: setup.py install is deprecated. Use build and pip and other standards-based tools.
[2.679s]   warnings.warn(
[2.711s] Built target ament_cmake_python_build_crazyflie_examples_egg
[2.716s] running egg_info
[2.718s] writing crazyflie_examples.egg-info/PKG-INFO
[2.718s] writing dependency_links to crazyflie_examples.egg-info/dependency_links.txt
[2.719s] writing entry points to crazyflie_examples.egg-info/entry_points.txt
[2.719s] writing top-level names to crazyflie_examples.egg-info/top_level.txt
[2.722s] reading manifest file 'crazyflie_examples.egg-info/SOURCES.txt'
[2.723s] writing manifest file 'crazyflie_examples.egg-info/SOURCES.txt'
[2.725s] Installing arming script to scripts
[2.725s] Installing cmd_full_state script to scripts
[2.726s] Installing figure8 script to scripts
[2.726s] Installing group_mask script to scripts
[2.726s] Installing hello_world script to scripts
[2.726s] Installing infinite_flight script to scripts
[2.726s] Installing multi_trajectory script to scripts
[2.726s] Installing nice_hover script to scripts
[2.726s] Installing set_param script to scripts
[2.727s] Installing swap script to scripts
[2.782s] Built target ament_cmake_python_build_crazyflie_examples_scripts
[2.793s] Invoked command in '/home/vincent/ros2_ws/src/build/crazyflie_examples' returned '0': AMENT_PREFIX_PATH=/home/vincent/ros2_ws/src/install/crazyflie_py:/home/vincent/ros2_ws/src/install/crazyflie_interfaces:${AMENT_PREFIX_PATH} CMAKE_PREFIX_PATH=/home/vincent/ros2_ws/src/install/crazyflie_interfaces:/home/vincent/ros2_ws/install/crazyflie_sim:/home/vincent/ros2_ws/install/crazyflie_examples:/home/vincent/ros2_ws/install/crazyflie:/home/vincent/ros2_ws/install/crazyflie_interfaces:/home/vincent/ros2_ws/install/crazyflie_py:/opt/ros/humble LD_LIBRARY_PATH=/home/vincent/ros2_ws/src/install/crazyflie_interfaces/lib:${LD_LIBRARY_PATH} PYTHONPATH=/home/vincent/ros2_ws/src/build/crazyflie_py:/home/vincent/ros2_ws/src/install/crazyflie_py/lib/python3.10/site-packages:/home/vincent/ros2_ws/src/install/crazyflie_interfaces/local/lib/python3.10/dist-packages:${PYTHONPATH} /usr/bin/cmake --build /home/vincent/ros2_ws/src/build/crazyflie_examples -- -j8 -l8
[2.824s] Invoking command in '/home/vincent/ros2_ws/src/build/crazyflie_examples': AMENT_PREFIX_PATH=/home/vincent/ros2_ws/src/install/crazyflie_py:/home/vincent/ros2_ws/src/install/crazyflie_interfaces:${AMENT_PREFIX_PATH} CMAKE_PREFIX_PATH=/home/vincent/ros2_ws/src/install/crazyflie_interfaces:/home/vincent/ros2_ws/install/crazyflie_sim:/home/vincent/ros2_ws/install/crazyflie_examples:/home/vincent/ros2_ws/install/crazyflie:/home/vincent/ros2_ws/install/crazyflie_interfaces:/home/vincent/ros2_ws/install/crazyflie_py:/opt/ros/humble LD_LIBRARY_PATH=/home/vincent/ros2_ws/src/install/crazyflie_interfaces/lib:${LD_LIBRARY_PATH} PYTHONPATH=/home/vincent/ros2_ws/src/build/crazyflie_py:/home/vincent/ros2_ws/src/install/crazyflie_py/lib/python3.10/site-packages:/home/vincent/ros2_ws/src/install/crazyflie_interfaces/local/lib/python3.10/dist-packages:${PYTHONPATH} /usr/bin/cmake --install /home/vincent/ros2_ws/src/build/crazyflie_examples
[2.832s] -- Install configuration: ""
[2.832s] -- Execute custom install script
[2.833s] -- Symlinking: /home/vincent/ros2_ws/src/install/crazyflie_examples/share/crazyflie_examples/environment/pythonpath.sh
[2.842s] -- Symlinking: /home/vincent/ros2_ws/src/install/crazyflie_examples/share/crazyflie_examples/environment/pythonpath.dsv
[2.851s] -- Symlinking: /home/vincent/ros2_ws/src/install/crazyflie_examples/local/lib/python3.10/dist-packages/crazyflie_examples-2.0.0-py3.10.egg-info/PKG-INFO
[2.859s] -- Symlinking: /home/vincent/ros2_ws/src/install/crazyflie_examples/local/lib/python3.10/dist-packages/crazyflie_examples-2.0.0-py3.10.egg-info/SOURCES.txt
[2.868s] -- Symlinking: /home/vincent/ros2_ws/src/install/crazyflie_examples/local/lib/python3.10/dist-packages/crazyflie_examples-2.0.0-py3.10.egg-info/dependency_links.txt
[2.877s] -- Symlinking: /home/vincent/ros2_ws/src/install/crazyflie_examples/local/lib/python3.10/dist-packages/crazyflie_examples-2.0.0-py3.10.egg-info/entry_points.txt
[2.887s] -- Symlinking: /home/vincent/ros2_ws/src/install/crazyflie_examples/local/lib/python3.10/dist-packages/crazyflie_examples-2.0.0-py3.10.egg-info/top_level.txt
[2.896s] -- Symlinking: /home/vincent/ros2_ws/src/install/crazyflie_examples/lib/crazyflie_examples//arming
[2.905s] -- Symlinking: /home/vincent/ros2_ws/src/install/crazyflie_examples/lib/crazyflie_examples//cmd_full_state
[2.914s] -- Symlinking: /home/vincent/ros2_ws/src/install/crazyflie_examples/lib/crazyflie_examples//figure8
[2.923s] -- Symlinking: /home/vincent/ros2_ws/src/install/crazyflie_examples/lib/crazyflie_examples//group_mask
[2.932s] -- Symlinking: /home/vincent/ros2_ws/src/install/crazyflie_examples/lib/crazyflie_examples//hello_world
[2.942s] -- Symlinking: /home/vincent/ros2_ws/src/install/crazyflie_examples/lib/crazyflie_examples//infinite_flight
[2.951s] -- Symlinking: /home/vincent/ros2_ws/src/install/crazyflie_examples/lib/crazyflie_examples//multi_trajectory
[2.962s] -- Symlinking: /home/vincent/ros2_ws/src/install/crazyflie_examples/lib/crazyflie_examples//nice_hover
[2.974s] -- Symlinking: /home/vincent/ros2_ws/src/install/crazyflie_examples/lib/crazyflie_examples//set_param
[2.983s] -- Symlinking: /home/vincent/ros2_ws/src/install/crazyflie_examples/lib/crazyflie_examples//swap
[2.993s] -- Symlinking: /home/vincent/ros2_ws/src/install/crazyflie_examples/local/lib/python3.10/dist-packages/crazyflie_examples/__init__.py
[3.001s] -- Symlinking: /home/vincent/ros2_ws/src/install/crazyflie_examples/local/lib/python3.10/dist-packages/crazyflie_examples/arming.py
[3.010s] -- Symlinking: /home/vincent/ros2_ws/src/install/crazyflie_examples/local/lib/python3.10/dist-packages/crazyflie_examples/cmd_full_state.py
[3.020s] -- Symlinking: /home/vincent/ros2_ws/src/install/crazyflie_examples/local/lib/python3.10/dist-packages/crazyflie_examples/data/figure8.csv
[3.029s] -- Symlinking: /home/vincent/ros2_ws/src/install/crazyflie_examples/local/lib/python3.10/dist-packages/crazyflie_examples/data/multi_trajectory/traj0.csv
[3.038s] -- Symlinking: /home/vincent/ros2_ws/src/install/crazyflie_examples/local/lib/python3.10/dist-packages/crazyflie_examples/data/multi_trajectory/traj1.csv
[3.047s] -- Symlinking: /home/vincent/ros2_ws/src/install/crazyflie_examples/local/lib/python3.10/dist-packages/crazyflie_examples/figure8.py
[3.055s] -- Symlinking: /home/vincent/ros2_ws/src/install/crazyflie_examples/local/lib/python3.10/dist-packages/crazyflie_examples/group_mask.py
[3.064s] -- Symlinking: /home/vincent/ros2_ws/src/install/crazyflie_examples/local/lib/python3.10/dist-packages/crazyflie_examples/hello_world.py
[3.073s] -- Symlinking: /home/vincent/ros2_ws/src/install/crazyflie_examples/local/lib/python3.10/dist-packages/crazyflie_examples/infinite_flight.py
[3.081s] -- Symlinking: /home/vincent/ros2_ws/src/install/crazyflie_examples/local/lib/python3.10/dist-packages/crazyflie_examples/multi_trajectory.py
[3.093s] -- Symlinking: /home/vincent/ros2_ws/src/install/crazyflie_examples/local/lib/python3.10/dist-packages/crazyflie_examples/nice_hover.py
[3.102s] -- Symlinking: /home/vincent/ros2_ws/src/install/crazyflie_examples/local/lib/python3.10/dist-packages/crazyflie_examples/set_param.py
[3.110s] -- Symlinking: /home/vincent/ros2_ws/src/install/crazyflie_examples/local/lib/python3.10/dist-packages/crazyflie_examples/swap.py
[3.121s] -- Symlinking: /home/vincent/ros2_ws/src/install/crazyflie_examples/share/crazyflie_examples//config/nav2_params.yaml
[3.131s] -- Symlinking: /home/vincent/ros2_ws/src/install/crazyflie_examples/share/crazyflie_examples//config/nav2_view.rviz
[3.140s] -- Symlinking: /home/vincent/ros2_ws/src/install/crazyflie_examples/share/crazyflie_examples//data/map.data
[3.148s] -- Symlinking: /home/vincent/ros2_ws/src/install/crazyflie_examples/share/crazyflie_examples//data/map.pgm
[3.157s] -- Symlinking: /home/vincent/ros2_ws/src/install/crazyflie_examples/share/crazyflie_examples//data/map.posegraph
[3.165s] -- Symlinking: /home/vincent/ros2_ws/src/install/crazyflie_examples/share/crazyflie_examples//data/map.yaml
[3.174s] -- Symlinking: /home/vincent/ros2_ws/src/install/crazyflie_examples/share/crazyflie_examples//launch/keyboard_velmux_launch.py
[3.183s] -- Symlinking: /home/vincent/ros2_ws/src/install/crazyflie_examples/share/crazyflie_examples//launch/launch.py
[3.191s] -- Symlinking: /home/vincent/ros2_ws/src/install/crazyflie_examples/share/crazyflie_examples//launch/multiranger_mapping_launch.py
[3.200s] -- Symlinking: /home/vincent/ros2_ws/src/install/crazyflie_examples/share/crazyflie_examples//launch/multiranger_nav2_launch.py
[3.209s] -- Symlinking: /home/vincent/ros2_ws/src/install/crazyflie_examples/share/crazyflie_examples//launch/multiranger_simple_mapper_launch.py
[3.218s] -- Symlinking: /home/vincent/ros2_ws/src/install/crazyflie_examples/share/ament_index/resource_index/package_run_dependencies/crazyflie_examples
[3.227s] -- Symlinking: /home/vincent/ros2_ws/src/install/crazyflie_examples/share/ament_index/resource_index/parent_prefix_path/crazyflie_examples
[3.235s] -- Symlinking: /home/vincent/ros2_ws/src/install/crazyflie_examples/share/crazyflie_examples/environment/ament_prefix_path.sh
[3.244s] -- Symlinking: /home/vincent/ros2_ws/src/install/crazyflie_examples/share/crazyflie_examples/environment/ament_prefix_path.dsv
[3.253s] -- Symlinking: /home/vincent/ros2_ws/src/install/crazyflie_examples/share/crazyflie_examples/environment/path.sh
[3.262s] -- Symlinking: /home/vincent/ros2_ws/src/install/crazyflie_examples/share/crazyflie_examples/environment/path.dsv
[3.271s] -- Symlinking: /home/vincent/ros2_ws/src/install/crazyflie_examples/share/crazyflie_examples/local_setup.bash
[3.280s] -- Symlinking: /home/vincent/ros2_ws/src/install/crazyflie_examples/share/crazyflie_examples/local_setup.sh
[3.289s] -- Symlinking: /home/vincent/ros2_ws/src/install/crazyflie_examples/share/crazyflie_examples/local_setup.zsh
[3.298s] -- Symlinking: /home/vincent/ros2_ws/src/install/crazyflie_examples/share/crazyflie_examples/local_setup.dsv
[3.307s] -- Symlinking: /home/vincent/ros2_ws/src/install/crazyflie_examples/share/crazyflie_examples/package.dsv
[3.317s] -- Symlinking: /home/vincent/ros2_ws/src/install/crazyflie_examples/share/ament_index/resource_index/packages/crazyflie_examples
[3.326s] -- Symlinking: /home/vincent/ros2_ws/src/install/crazyflie_examples/share/crazyflie_examples/cmake/crazyflie_examplesConfig.cmake
[3.335s] -- Symlinking: /home/vincent/ros2_ws/src/install/crazyflie_examples/share/crazyflie_examples/cmake/crazyflie_examplesConfig-version.cmake
[3.345s] -- Symlinking: /home/vincent/ros2_ws/src/install/crazyflie_examples/share/crazyflie_examples/package.xml
[3.429s] Listing '/home/vincent/ros2_ws/src/install/crazyflie_examples/local/lib/python3.10/dist-packages/crazyflie_examples'...
[3.429s] Compiling '/home/vincent/ros2_ws/src/install/crazyflie_examples/local/lib/python3.10/dist-packages/crazyflie_examples/__init__.py'...
[3.429s] Compiling '/home/vincent/ros2_ws/src/install/crazyflie_examples/local/lib/python3.10/dist-packages/crazyflie_examples/arming.py'...
[3.429s] Compiling '/home/vincent/ros2_ws/src/install/crazyflie_examples/local/lib/python3.10/dist-packages/crazyflie_examples/cmd_full_state.py'...
[3.430s] Listing '/home/vincent/ros2_ws/src/install/crazyflie_examples/local/lib/python3.10/dist-packages/crazyflie_examples/data'...
[3.430s] Listing '/home/vincent/ros2_ws/src/install/crazyflie_examples/local/lib/python3.10/dist-packages/crazyflie_examples/data/multi_trajectory'...
[3.430s] Compiling '/home/vincent/ros2_ws/src/install/crazyflie_examples/local/lib/python3.10/dist-packages/crazyflie_examples/figure8.py'...
[3.430s] Compiling '/home/vincent/ros2_ws/src/install/crazyflie_examples/local/lib/python3.10/dist-packages/crazyflie_examples/group_mask.py'...
[3.430s] Compiling '/home/vincent/ros2_ws/src/install/crazyflie_examples/local/lib/python3.10/dist-packages/crazyflie_examples/hello_world.py'...
[3.430s] Compiling '/home/vincent/ros2_ws/src/install/crazyflie_examples/local/lib/python3.10/dist-packages/crazyflie_examples/infinite_flight.py'...
[3.430s] Compiling '/home/vincent/ros2_ws/src/install/crazyflie_examples/local/lib/python3.10/dist-packages/crazyflie_examples/multi_trajectory.py'...
[3.430s] Compiling '/home/vincent/ros2_ws/src/install/crazyflie_examples/local/lib/python3.10/dist-packages/crazyflie_examples/nice_hover.py'...
[3.430s] Compiling '/home/vincent/ros2_ws/src/install/crazyflie_examples/local/lib/python3.10/dist-packages/crazyflie_examples/set_param.py'...
[3.430s] Compiling '/home/vincent/ros2_ws/src/install/crazyflie_examples/local/lib/python3.10/dist-packages/crazyflie_examples/swap.py'...
[3.440s] Invoked command in '/home/vincent/ros2_ws/src/build/crazyflie_examples' returned '0': AMENT_PREFIX_PATH=/home/vincent/ros2_ws/src/install/crazyflie_py:/home/vincent/ros2_ws/src/install/crazyflie_interfaces:${AMENT_PREFIX_PATH} CMAKE_PREFIX_PATH=/home/vincent/ros2_ws/src/install/crazyflie_interfaces:/home/vincent/ros2_ws/install/crazyflie_sim:/home/vincent/ros2_ws/install/crazyflie_examples:/home/vincent/ros2_ws/install/crazyflie:/home/vincent/ros2_ws/install/crazyflie_interfaces:/home/vincent/ros2_ws/install/crazyflie_py:/opt/ros/humble LD_LIBRARY_PATH=/home/vincent/ros2_ws/src/install/crazyflie_interfaces/lib:${LD_LIBRARY_PATH} PYTHONPATH=/home/vincent/ros2_ws/src/build/crazyflie_py:/home/vincent/ros2_ws/src/install/crazyflie_py/lib/python3.10/site-packages:/home/vincent/ros2_ws/src/install/crazyflie_interfaces/local/lib/python3.10/dist-packages:${PYTHONPATH} /usr/bin/cmake --install /home/vincent/ros2_ws/src/build/crazyflie_examples
