Built target ament_cmake_python_symlink_my_control_package_setup
Built target ament_cmake_python_symlink_my_control_package
running egg_info
writing my_control_package.egg-info/PKG-INFO
writing dependency_links to my_control_package.egg-info/dependency_links.txt
writing entry points to my_control_package.egg-info/entry_points.txt
writing requirements to my_control_package.egg-info/requires.txt
writing top-level names to my_control_package.egg-info/top_level.txt
reading manifest file 'my_control_package.egg-info/SOURCES.txt'
writing manifest file 'my_control_package.egg-info/SOURCES.txt'
Built target ament_cmake_python_build_my_control_package_egg
-- Install configuration: ""
-- Execute custom install script
-- Up-to-date symlink: /home/vincent/ros2_ws/src/install/my_control_package/share/my_control_package/environment/pythonpath.sh
-- Up-to-date symlink: /home/vincent/ros2_ws/src/install/my_control_package/share/my_control_package/environment/pythonpath.dsv
-- Up-to-date symlink: /home/vincent/ros2_ws/src/install/my_control_package/local/lib/python3.10/dist-packages/my_control_package-0.1.0-py3.10.egg-info/PKG-INFO
-- Up-to-date symlink: /home/vincent/ros2_ws/src/install/my_control_package/local/lib/python3.10/dist-packages/my_control_package-0.1.0-py3.10.egg-info/SOURCES.txt
-- Up-to-date symlink: /home/vincent/ros2_ws/src/install/my_control_package/local/lib/python3.10/dist-packages/my_control_package-0.1.0-py3.10.egg-info/dependency_links.txt
-- Up-to-date symlink: /home/vincent/ros2_ws/src/install/my_control_package/local/lib/python3.10/dist-packages/my_control_package-0.1.0-py3.10.egg-info/entry_points.txt
-- Up-to-date symlink: /home/vincent/ros2_ws/src/install/my_control_package/local/lib/python3.10/dist-packages/my_control_package-0.1.0-py3.10.egg-info/requires.txt
-- Up-to-date symlink: /home/vincent/ros2_ws/src/install/my_control_package/local/lib/python3.10/dist-packages/my_control_package-0.1.0-py3.10.egg-info/top_level.txt
-- Up-to-date symlink: /home/vincent/ros2_ws/src/install/my_control_package/local/lib/python3.10/dist-packages/my_control_package/__init__.py
-- Up-to-date symlink: /home/vincent/ros2_ws/src/install/my_control_package/local/lib/python3.10/dist-packages/my_control_package/battery_reader.py
-- Up-to-date symlink: /home/vincent/ros2_ws/src/install/my_control_package/local/lib/python3.10/dist-packages/my_control_package/emergency_node.py
-- Up-to-date symlink: /home/vincent/ros2_ws/src/install/my_control_package/local/lib/python3.10/dist-packages/my_control_package/hello_world.py
-- Up-to-date symlink: /home/vincent/ros2_ws/src/install/my_control_package/share/my_control_package//launch/launch.py
-- Up-to-date symlink: /home/vincent/ros2_ws/src/install/my_control_package/share/ament_index/resource_index/package_run_dependencies/my_control_package
-- Up-to-date symlink: /home/vincent/ros2_ws/src/install/my_control_package/share/ament_index/resource_index/parent_prefix_path/my_control_package
-- Up-to-date symlink: /home/vincent/ros2_ws/src/install/my_control_package/share/my_control_package/environment/ament_prefix_path.sh
-- Up-to-date symlink: /home/vincent/ros2_ws/src/install/my_control_package/share/my_control_package/environment/ament_prefix_path.dsv
-- Up-to-date symlink: /home/vincent/ros2_ws/src/install/my_control_package/share/my_control_package/environment/path.sh
-- Up-to-date symlink: /home/vincent/ros2_ws/src/install/my_control_package/share/my_control_package/environment/path.dsv
-- Up-to-date symlink: /home/vincent/ros2_ws/src/install/my_control_package/share/my_control_package/local_setup.bash
-- Up-to-date symlink: /home/vincent/ros2_ws/src/install/my_control_package/share/my_control_package/local_setup.sh
-- Up-to-date symlink: /home/vincent/ros2_ws/src/install/my_control_package/share/my_control_package/local_setup.zsh
-- Up-to-date symlink: /home/vincent/ros2_ws/src/install/my_control_package/share/my_control_package/local_setup.dsv
-- Symlinking: /home/vincent/ros2_ws/src/install/my_control_package/share/my_control_package/package.dsv
-- Up-to-date symlink: /home/vincent/ros2_ws/src/install/my_control_package/share/ament_index/resource_index/packages/my_control_package
-- Up-to-date symlink: /home/vincent/ros2_ws/src/install/my_control_package/share/my_control_package/cmake/my_control_packageConfig.cmake
-- Up-to-date symlink: /home/vincent/ros2_ws/src/install/my_control_package/share/my_control_package/cmake/my_control_packageConfig-version.cmake
-- Up-to-date symlink: /home/vincent/ros2_ws/src/install/my_control_package/share/my_control_package/package.xml
Listing '/home/vincent/ros2_ws/src/install/my_control_package/local/lib/python3.10/dist-packages/my_control_package'...
Compiling '/home/vincent/ros2_ws/src/install/my_control_package/local/lib/python3.10/dist-packages/my_control_package/battery_reader.py'...
Compiling '/home/vincent/ros2_ws/src/install/my_control_package/local/lib/python3.10/dist-packages/my_control_package/hello_world.py'...
-- Up-to-date: /home/vincent/ros2_ws/src/install/my_control_package/lib/my_control_package/emergency_node
-- Installing: /home/vincent/ros2_ws/src/install/my_control_package/lib/my_control_package/hello_world
-- Installing: /home/vincent/ros2_ws/src/install/my_control_package/lib/my_control_package/battery_reader
