[0.032s] Invoking command in '/home/vincent/ros2_ws/src/build/my_control_package': AMENT_PREFIX_PATH=/home/vincent/ros2_ws/src/install/crazyflie:/home/vincent/ros2_ws/src/install/crazyflie_interfaces:${AMENT_PREFIX_PATH} CMAKE_PREFIX_PATH=/home/vincent/ros2_ws/src/install/crazyflie:/home/vincent/ros2_ws/src/install/crazyflie_interfaces:/home/vincent/ros2_ws/install/my_control_package:/home/vincent/ros2_ws/install/crazyflie_sim:/home/vincent/ros2_ws/install/crazyflie_examples:/home/vincent/ros2_ws/install/crazyflie:/home/vincent/ros2_ws/install/crazyflie_interfaces:/home/vincent/ros2_ws/install/crazyflie_py:/opt/ros/humble LD_LIBRARY_PATH=/home/vincent/ros2_ws/src/install/crazyflie_interfaces/lib:${LD_LIBRARY_PATH} PYTHONPATH=/home/vincent/ros2_ws/src/install/crazyflie_interfaces/local/lib/python3.10/dist-packages:${PYTHONPATH} /usr/bin/cmake --build /home/vincent/ros2_ws/src/build/my_control_package -- -j8 -l8
[0.135s] Built target ament_cmake_python_symlink_my_control_package_setup
[0.136s] Built target ament_cmake_python_symlink_my_control_package
[0.391s] running egg_info
[0.392s] writing my_control_package.egg-info/PKG-INFO
[0.392s] writing dependency_links to my_control_package.egg-info/dependency_links.txt
[0.392s] writing entry points to my_control_package.egg-info/entry_points.txt
[0.392s] writing requirements to my_control_package.egg-info/requires.txt
[0.392s] writing top-level names to my_control_package.egg-info/top_level.txt
[0.394s] reading manifest file 'my_control_package.egg-info/SOURCES.txt'
[0.395s] writing manifest file 'my_control_package.egg-info/SOURCES.txt'
[0.420s] Built target ament_cmake_python_build_my_control_package_egg
[0.429s] Invoked command in '/home/vincent/ros2_ws/src/build/my_control_package' returned '0': AMENT_PREFIX_PATH=/home/vincent/ros2_ws/src/install/crazyflie:/home/vincent/ros2_ws/src/install/crazyflie_interfaces:${AMENT_PREFIX_PATH} CMAKE_PREFIX_PATH=/home/vincent/ros2_ws/src/install/crazyflie:/home/vincent/ros2_ws/src/install/crazyflie_interfaces:/home/vincent/ros2_ws/install/my_control_package:/home/vincent/ros2_ws/install/crazyflie_sim:/home/vincent/ros2_ws/install/crazyflie_examples:/home/vincent/ros2_ws/install/crazyflie:/home/vincent/ros2_ws/install/crazyflie_interfaces:/home/vincent/ros2_ws/install/crazyflie_py:/opt/ros/humble LD_LIBRARY_PATH=/home/vincent/ros2_ws/src/install/crazyflie_interfaces/lib:${LD_LIBRARY_PATH} PYTHONPATH=/home/vincent/ros2_ws/src/install/crazyflie_interfaces/local/lib/python3.10/dist-packages:${PYTHONPATH} /usr/bin/cmake --build /home/vincent/ros2_ws/src/build/my_control_package -- -j8 -l8
[0.452s] Invoking command in '/home/vincent/ros2_ws/src/build/my_control_package': AMENT_PREFIX_PATH=/home/vincent/ros2_ws/src/install/crazyflie:/home/vincent/ros2_ws/src/install/crazyflie_interfaces:${AMENT_PREFIX_PATH} CMAKE_PREFIX_PATH=/home/vincent/ros2_ws/src/install/crazyflie:/home/vincent/ros2_ws/src/install/crazyflie_interfaces:/home/vincent/ros2_ws/install/my_control_package:/home/vincent/ros2_ws/install/crazyflie_sim:/home/vincent/ros2_ws/install/crazyflie_examples:/home/vincent/ros2_ws/install/crazyflie:/home/vincent/ros2_ws/install/crazyflie_interfaces:/home/vincent/ros2_ws/install/crazyflie_py:/opt/ros/humble LD_LIBRARY_PATH=/home/vincent/ros2_ws/src/install/crazyflie_interfaces/lib:${LD_LIBRARY_PATH} PYTHONPATH=/home/vincent/ros2_ws/src/install/crazyflie_interfaces/local/lib/python3.10/dist-packages:${PYTHONPATH} /usr/bin/cmake --install /home/vincent/ros2_ws/src/build/my_control_package
[0.458s] -- Install configuration: ""
[0.472s] -- Execute custom install script
[0.472s] -- Up-to-date symlink: /home/vincent/ros2_ws/src/install/my_control_package/share/my_control_package/environment/pythonpath.sh
[0.472s] -- Up-to-date symlink: /home/vincent/ros2_ws/src/install/my_control_package/share/my_control_package/environment/pythonpath.dsv
[0.473s] -- Up-to-date symlink: /home/vincent/ros2_ws/src/install/my_control_package/local/lib/python3.10/dist-packages/my_control_package-0.1.0-py3.10.egg-info/PKG-INFO
[0.473s] -- Up-to-date symlink: /home/vincent/ros2_ws/src/install/my_control_package/local/lib/python3.10/dist-packages/my_control_package-0.1.0-py3.10.egg-info/SOURCES.txt
[0.473s] -- Up-to-date symlink: /home/vincent/ros2_ws/src/install/my_control_package/local/lib/python3.10/dist-packages/my_control_package-0.1.0-py3.10.egg-info/dependency_links.txt
[0.473s] -- Up-to-date symlink: /home/vincent/ros2_ws/src/install/my_control_package/local/lib/python3.10/dist-packages/my_control_package-0.1.0-py3.10.egg-info/entry_points.txt
[0.473s] -- Up-to-date symlink: /home/vincent/ros2_ws/src/install/my_control_package/local/lib/python3.10/dist-packages/my_control_package-0.1.0-py3.10.egg-info/requires.txt
[0.474s] -- Up-to-date symlink: /home/vincent/ros2_ws/src/install/my_control_package/local/lib/python3.10/dist-packages/my_control_package-0.1.0-py3.10.egg-info/top_level.txt
[0.474s] -- Up-to-date symlink: /home/vincent/ros2_ws/src/install/my_control_package/local/lib/python3.10/dist-packages/my_control_package/__init__.py
[0.474s] -- Up-to-date symlink: /home/vincent/ros2_ws/src/install/my_control_package/local/lib/python3.10/dist-packages/my_control_package/battery_reader.py
[0.474s] -- Up-to-date symlink: /home/vincent/ros2_ws/src/install/my_control_package/local/lib/python3.10/dist-packages/my_control_package/emergency_node.py
[0.474s] -- Up-to-date symlink: /home/vincent/ros2_ws/src/install/my_control_package/local/lib/python3.10/dist-packages/my_control_package/hello_world.py
[0.475s] -- Up-to-date symlink: /home/vincent/ros2_ws/src/install/my_control_package/share/my_control_package//launch/launch.py
[0.475s] -- Up-to-date symlink: /home/vincent/ros2_ws/src/install/my_control_package/share/ament_index/resource_index/package_run_dependencies/my_control_package
[0.475s] -- Up-to-date symlink: /home/vincent/ros2_ws/src/install/my_control_package/share/ament_index/resource_index/parent_prefix_path/my_control_package
[0.475s] -- Up-to-date symlink: /home/vincent/ros2_ws/src/install/my_control_package/share/my_control_package/environment/ament_prefix_path.sh
[0.475s] -- Up-to-date symlink: /home/vincent/ros2_ws/src/install/my_control_package/share/my_control_package/environment/ament_prefix_path.dsv
[0.476s] -- Up-to-date symlink: /home/vincent/ros2_ws/src/install/my_control_package/share/my_control_package/environment/path.sh
[0.476s] -- Up-to-date symlink: /home/vincent/ros2_ws/src/install/my_control_package/share/my_control_package/environment/path.dsv
[0.476s] -- Up-to-date symlink: /home/vincent/ros2_ws/src/install/my_control_package/share/my_control_package/local_setup.bash
[0.476s] -- Up-to-date symlink: /home/vincent/ros2_ws/src/install/my_control_package/share/my_control_package/local_setup.sh
[0.476s] -- Up-to-date symlink: /home/vincent/ros2_ws/src/install/my_control_package/share/my_control_package/local_setup.zsh
[0.476s] -- Up-to-date symlink: /home/vincent/ros2_ws/src/install/my_control_package/share/my_control_package/local_setup.dsv
[0.477s] -- Symlinking: /home/vincent/ros2_ws/src/install/my_control_package/share/my_control_package/package.dsv
[0.485s] -- Up-to-date symlink: /home/vincent/ros2_ws/src/install/my_control_package/share/ament_index/resource_index/packages/my_control_package
[0.485s] -- Up-to-date symlink: /home/vincent/ros2_ws/src/install/my_control_package/share/my_control_package/cmake/my_control_packageConfig.cmake
[0.485s] -- Up-to-date symlink: /home/vincent/ros2_ws/src/install/my_control_package/share/my_control_package/cmake/my_control_packageConfig-version.cmake
[0.485s] -- Up-to-date symlink: /home/vincent/ros2_ws/src/install/my_control_package/share/my_control_package/package.xml
[0.546s] Listing '/home/vincent/ros2_ws/src/install/my_control_package/local/lib/python3.10/dist-packages/my_control_package'...
[0.546s] Compiling '/home/vincent/ros2_ws/src/install/my_control_package/local/lib/python3.10/dist-packages/my_control_package/battery_reader.py'...
[0.546s] Compiling '/home/vincent/ros2_ws/src/install/my_control_package/local/lib/python3.10/dist-packages/my_control_package/hello_world.py'...
[0.550s] -- Up-to-date: /home/vincent/ros2_ws/src/install/my_control_package/lib/my_control_package/emergency_node
[0.550s] -- Installing: /home/vincent/ros2_ws/src/install/my_control_package/lib/my_control_package/hello_world
[0.550s] -- Installing: /home/vincent/ros2_ws/src/install/my_control_package/lib/my_control_package/battery_reader
[0.553s] Invoked command in '/home/vincent/ros2_ws/src/build/my_control_package' returned '0': AMENT_PREFIX_PATH=/home/vincent/ros2_ws/src/install/crazyflie:/home/vincent/ros2_ws/src/install/crazyflie_interfaces:${AMENT_PREFIX_PATH} CMAKE_PREFIX_PATH=/home/vincent/ros2_ws/src/install/crazyflie:/home/vincent/ros2_ws/src/install/crazyflie_interfaces:/home/vincent/ros2_ws/install/my_control_package:/home/vincent/ros2_ws/install/crazyflie_sim:/home/vincent/ros2_ws/install/crazyflie_examples:/home/vincent/ros2_ws/install/crazyflie:/home/vincent/ros2_ws/install/crazyflie_interfaces:/home/vincent/ros2_ws/install/crazyflie_py:/opt/ros/humble LD_LIBRARY_PATH=/home/vincent/ros2_ws/src/install/crazyflie_interfaces/lib:${LD_LIBRARY_PATH} PYTHONPATH=/home/vincent/ros2_ws/src/install/crazyflie_interfaces/local/lib/python3.10/dist-packages:${PYTHONPATH} /usr/bin/cmake --install /home/vincent/ros2_ws/src/build/my_control_package
