[0.246s] Invoking command in '/home/vincent/ros2_ws/src/build/crazyflie': AMENT_PREFIX_PATH=/home/vincent/ros2_ws/src/install/crazyflie_interfaces:${AMENT_PREFIX_PATH} CMAKE_PREFIX_PATH=/home/vincent/ros2_ws/src/install/crazyflie_interfaces:/home/vincent/ros2_ws/install/crazyflie_sim:/home/vincent/ros2_ws/install/crazyflie_examples:/home/vincent/ros2_ws/install/crazyflie:/home/vincent/ros2_ws/install/crazyflie_interfaces:/home/vincent/ros2_ws/install/crazyflie_py:/opt/ros/humble LD_LIBRARY_PATH=/home/vincent/ros2_ws/src/install/crazyflie_interfaces/lib:${LD_LIBRARY_PATH} PYTHONPATH=/home/vincent/ros2_ws/src/install/crazyflie_interfaces/local/lib/python3.10/dist-packages:${PYTHONPATH} /usr/bin/cmake /home/vincent/ros2_ws/src/crazyswarm2/crazyflie -DAMENT_CMAKE_SYMLINK_INSTALL=1 -DCMAKE_INSTALL_PREFIX=/home/vincent/ros2_ws/src/install/crazyflie
[0.323s] -- The C compiler identification is GNU 11.4.0
[0.381s] -- The CXX compiler identification is GNU 11.4.0
[0.387s] -- Detecting C compiler ABI info
[0.454s] -- Detecting C compiler ABI info - done
[0.462s] -- Check for working C compiler: /usr/bin/cc - skipped
[0.462s] -- Detecting C compile features
[0.462s] -- Detecting C compile features - done
[0.465s] -- Detecting CXX compiler ABI info
[0.538s] -- Detecting CXX compiler ABI info - done
[0.546s] -- Check for working CXX compiler: /usr/bin/c++ - skipped
[0.546s] -- Detecting CXX compile features
[0.546s] -- Detecting CXX compile features - done
[0.549s] -- Found ament_cmake: 1.3.10 (/opt/ros/humble/share/ament_cmake/cmake)
[0.714s] -- Found Python3: /usr/bin/python3 (found version "3.10.12") found components: Interpreter 
[0.792s] -- Override CMake install command with custom implementation using symlinks instead of copying resources
[0.829s] -- Found rclcpp: 16.0.10 (/opt/ros/humble/share/rclcpp/cmake)
[0.870s] -- Found rosidl_generator_c: 3.1.5 (/opt/ros/humble/share/rosidl_generator_c/cmake)
[0.876s] -- Found rosidl_adapter: 3.1.5 (/opt/ros/humble/share/rosidl_adapter/cmake)
[0.884s] -- Found rosidl_generator_cpp: 3.1.5 (/opt/ros/humble/share/rosidl_generator_cpp/cmake)
[0.896s] -- Using all available rosidl_typesupport_c: rosidl_typesupport_fastrtps_c;rosidl_typesupport_introspection_c
[0.916s] -- Using all available rosidl_typesupport_cpp: rosidl_typesupport_fastrtps_cpp;rosidl_typesupport_introspection_cpp
[0.961s] -- Found rmw_implementation_cmake: 6.1.2 (/opt/ros/humble/share/rmw_implementation_cmake/cmake)
[0.964s] -- Found rmw_fastrtps_cpp: 6.2.7 (/opt/ros/humble/share/rmw_fastrtps_cpp/cmake)
[1.040s] -- Found OpenSSL: /usr/lib/x86_64-linux-gnu/libcrypto.so (found version "3.0.2")  
[1.079s] -- Found FastRTPS: /opt/ros/humble/include  
[1.119s] -- Using RMW implementation 'rmw_fastrtps_cpp' as default
[1.129s] -- Looking for pthread.h
[1.196s] -- Looking for pthread.h - found
[1.196s] -- Performing Test CMAKE_HAVE_LIBC_PTHREAD
[1.268s] -- Performing Test CMAKE_HAVE_LIBC_PTHREAD - Success
[1.269s] -- Found Threads: TRUE  
[1.357s] -- Found tf2_ros: 0.25.8 (/opt/ros/humble/share/tf2_ros/cmake)
[1.870s] -- Found rclpy: 3.3.14 (/opt/ros/humble/share/rclpy/cmake)
[1.881s] -- Found std_srvs: 4.2.4 (/opt/ros/humble/share/std_srvs/cmake)
[1.953s] -- Found sensor_msgs: 4.2.4 (/opt/ros/humble/share/sensor_msgs/cmake)
[2.107s] -- Found crazyflie_interfaces: 2.0.0 (/home/vincent/ros2_ws/src/install/crazyflie_interfaces/share/crazyflie_interfaces/cmake)
[2.150s] -- Found motion_capture_tracking_interfaces: 1.0.5 (/opt/ros/humble/share/motion_capture_tracking_interfaces/cmake)
[2.393s] -- Found Boost: /usr/lib/x86_64-linux-gnu/cmake/Boost-1.74.0/BoostConfig.cmake (found version "1.74.0") found components: program_options 
[2.455s] -- Found libusb: /usr/lib/x86_64-linux-gnu/libusb-1.0.so  
[2.535s] -- Configuring done
[2.607s] -- Generating done
[2.610s] -- Build files have been written to: /home/vincent/ros2_ws/src/build/crazyflie
[2.628s] Invoked command in '/home/vincent/ros2_ws/src/build/crazyflie' returned '0': AMENT_PREFIX_PATH=/home/vincent/ros2_ws/src/install/crazyflie_interfaces:${AMENT_PREFIX_PATH} CMAKE_PREFIX_PATH=/home/vincent/ros2_ws/src/install/crazyflie_interfaces:/home/vincent/ros2_ws/install/crazyflie_sim:/home/vincent/ros2_ws/install/crazyflie_examples:/home/vincent/ros2_ws/install/crazyflie:/home/vincent/ros2_ws/install/crazyflie_interfaces:/home/vincent/ros2_ws/install/crazyflie_py:/opt/ros/humble LD_LIBRARY_PATH=/home/vincent/ros2_ws/src/install/crazyflie_interfaces/lib:${LD_LIBRARY_PATH} PYTHONPATH=/home/vincent/ros2_ws/src/install/crazyflie_interfaces/local/lib/python3.10/dist-packages:${PYTHONPATH} /usr/bin/cmake /home/vincent/ros2_ws/src/crazyswarm2/crazyflie -DAMENT_CMAKE_SYMLINK_INSTALL=1 -DCMAKE_INSTALL_PREFIX=/home/vincent/ros2_ws/src/install/crazyflie
[2.630s] Invoking command in '/home/vincent/ros2_ws/src/build/crazyflie': AMENT_PREFIX_PATH=/home/vincent/ros2_ws/src/install/crazyflie_interfaces:${AMENT_PREFIX_PATH} CMAKE_PREFIX_PATH=/home/vincent/ros2_ws/src/install/crazyflie_interfaces:/home/vincent/ros2_ws/install/crazyflie_sim:/home/vincent/ros2_ws/install/crazyflie_examples:/home/vincent/ros2_ws/install/crazyflie:/home/vincent/ros2_ws/install/crazyflie_interfaces:/home/vincent/ros2_ws/install/crazyflie_py:/opt/ros/humble LD_LIBRARY_PATH=/home/vincent/ros2_ws/src/install/crazyflie_interfaces/lib:${LD_LIBRARY_PATH} PYTHONPATH=/home/vincent/ros2_ws/src/install/crazyflie_interfaces/local/lib/python3.10/dist-packages:${PYTHONPATH} /usr/bin/cmake --build /home/vincent/ros2_ws/src/build/crazyflie -- -j8 -l8
[2.684s] [  2%] [32mBuilding CXX object deps/crazyflie_tools/crazyflie_cpp/crazyflie-link-cpp/CMakeFiles/crazyflieLinkCpp.dir/src/Crazyradio.cpp.o[0m
[2.685s] [  5%] [32mBuilding CXX object deps/crazyflie_tools/crazyflie_cpp/crazyflie-link-cpp/CMakeFiles/crazyflieLinkCpp.dir/src/Connection.cpp.o[0m
[2.685s] [  7%] [32mBuilding CXX object deps/crazyflie_tools/crazyflie_cpp/crazyflie-link-cpp/CMakeFiles/crazyflieLinkCpp.dir/src/USBDevice.cpp.o[0m
[2.685s] [ 10%] [32mBuilding CXX object deps/crazyflie_tools/crazyflie_cpp/crazyflie-link-cpp/CMakeFiles/crazyflieLinkCpp.dir/src/USBManager.cpp.o[0m
[2.685s] [ 12%] [32mBuilding CXX object deps/crazyflie_tools/crazyflie_cpp/crazyflie-link-cpp/CMakeFiles/crazyflieLinkCpp.dir/src/CrazyflieUSBThread.cpp.o[0m
[2.685s] [ 15%] [32mBuilding CXX object CMakeFiles/teleop.dir/src/teleop.cpp.o[0m
[2.685s] [ 17%] [32mBuilding CXX object deps/crazyflie_tools/crazyflie_cpp/crazyflie-link-cpp/CMakeFiles/crazyflieLinkCpp.dir/src/CrazyflieUSB.cpp.o[0m
[2.689s] [ 20%] [32mBuilding CXX object deps/crazyflie_tools/crazyflie_cpp/crazyflie-link-cpp/CMakeFiles/crazyflieLinkCpp.dir/src/CrazyradioThread.cpp.o[0m
[3.163s] [ 22%] [32mBuilding CXX object deps/crazyflie_tools/crazyflie_cpp/crazyflie-link-cpp/CMakeFiles/crazyflieLinkCpp.dir/src/Version.cpp.o[0m
[6.524s] [ 25%] [32m[1mLinking CXX static library libcrazyflieLinkCpp.a[0m
[6.638s] [ 25%] Built target crazyflieLinkCpp
[6.657s] [ 30%] [32mBuilding CXX object deps/crazyflie_tools/crazyflie_cpp/CMakeFiles/crazyflie_cpp.dir/src/crtp.cpp.o[0m
[6.657s] [ 30%] [32mBuilding CXX object deps/crazyflie_tools/crazyflie_cpp/CMakeFiles/crazyflie_cpp.dir/src/Crazyflie.cpp.o[0m
[9.289s] [ 32%] [32m[1mLinking CXX static library libcrazyflie_cpp.a[0m
[9.346s] [ 32%] Built target crazyflie_cpp
[9.375s] [ 42%] [32mBuilding CXX object deps/crazyflie_tools/CMakeFiles/listParams.dir/src/listParams.cpp.o[0m
[9.376s] [ 42%] [32mBuilding CXX object deps/crazyflie_tools/CMakeFiles/listLogVariables.dir/src/listLogVariables.cpp.o[0m
[9.376s] [ 42%] [32mBuilding CXX object deps/crazyflie_tools/CMakeFiles/scan.dir/src/scan.cpp.o[0m
[9.376s] [ 42%] [32mBuilding CXX object deps/crazyflie_tools/CMakeFiles/listMemories.dir/src/listMemories.cpp.o[0m
[9.376s] [ 45%] [32mBuilding CXX object CMakeFiles/crazyflie_server.dir/src/crazyflie_server.cpp.o[0m
[9.376s] [ 47%] [32mBuilding CXX object deps/crazyflie_tools/CMakeFiles/reboot.dir/src/reboot.cpp.o[0m
[9.376s] [ 50%] [32mBuilding CXX object deps/crazyflie_tools/CMakeFiles/battery.dir/src/battery.cpp.o[0m
[13.126s] [ 52%] [32m[1mLinking CXX executable listMemories[0m
[13.148s] [ 55%] [32m[1mLinking CXX executable listParams[0m
[13.151s] [ 57%] [32m[1mLinking CXX executable scan[0m
[13.292s] [ 60%] [32m[1mLinking CXX executable listLogVariables[0m
[13.421s] [ 62%] [32m[1mLinking CXX executable reboot[0m
[13.555s] [ 65%] [32m[1mLinking CXX executable battery[0m
[13.573s] [ 65%] Built target listMemories
[13.583s] [ 65%] Built target listParams
[13.595s] [ 65%] Built target scan
[13.609s] [ 67%] [32mBuilding CXX object deps/crazyflie_tools/CMakeFiles/version.dir/src/version.cpp.o[0m
[13.614s] [ 70%] [32mBuilding CXX object deps/crazyflie_tools/CMakeFiles/console.dir/src/console.cpp.o[0m
[13.636s] [ 72%] [32mBuilding CXX object deps/crazyflie_tools/CMakeFiles/comCheck.dir/src/comCheck.cpp.o[0m
[13.706s] [ 72%] Built target listLogVariables
[13.736s] [ 75%] [32mBuilding CXX object deps/crazyflie_tools/CMakeFiles/log.dir/src/log.cpp.o[0m
[13.869s] [ 75%] Built target reboot
[13.898s] [ 77%] [32mBuilding CXX object deps/crazyflie_tools/CMakeFiles/downloadUSDLogfile.dir/src/downloadUSDLogfile.cpp.o[0m
[14.046s] [ 77%] Built target battery
[14.074s] [ 80%] [32mBuilding CXX object deps/crazyflie_tools/CMakeFiles/setParam.dir/src/setParam.cpp.o[0m
[16.084s] [ 82%] [32m[1mLinking CXX executable version[0m
[16.380s] [ 85%] [32m[1mLinking CXX executable console[0m
[16.477s] [ 85%] Built target version
[16.578s] [ 87%] [32m[1mLinking CXX executable downloadUSDLogfile[0m
[16.624s] [ 90%] [32m[1mLinking CXX executable comCheck[0m
[16.793s] [ 90%] Built target console
[16.926s] [ 90%] Built target comCheck
[16.978s] [ 90%] Built target downloadUSDLogfile
[17.069s] [ 92%] [32m[1mLinking CXX executable log[0m
[17.258s] [ 95%] [32m[1mLinking CXX executable setParam[0m
[17.336s] [ 95%] Built target log
[17.511s] [ 95%] Built target setParam
[22.654s] [ 97%] [32m[1mLinking CXX executable teleop[0m
[23.741s] [ 97%] Built target teleop
[43.082s] [100%] [32m[1mLinking CXX executable crazyflie_server[0m
[45.635s] [100%] Built target crazyflie_server
[45.645s] Invoked command in '/home/vincent/ros2_ws/src/build/crazyflie' returned '0': AMENT_PREFIX_PATH=/home/vincent/ros2_ws/src/install/crazyflie_interfaces:${AMENT_PREFIX_PATH} CMAKE_PREFIX_PATH=/home/vincent/ros2_ws/src/install/crazyflie_interfaces:/home/vincent/ros2_ws/install/crazyflie_sim:/home/vincent/ros2_ws/install/crazyflie_examples:/home/vincent/ros2_ws/install/crazyflie:/home/vincent/ros2_ws/install/crazyflie_interfaces:/home/vincent/ros2_ws/install/crazyflie_py:/opt/ros/humble LD_LIBRARY_PATH=/home/vincent/ros2_ws/src/install/crazyflie_interfaces/lib:${LD_LIBRARY_PATH} PYTHONPATH=/home/vincent/ros2_ws/src/install/crazyflie_interfaces/local/lib/python3.10/dist-packages:${PYTHONPATH} /usr/bin/cmake --build /home/vincent/ros2_ws/src/build/crazyflie -- -j8 -l8
[45.679s] Invoking command in '/home/vincent/ros2_ws/src/build/crazyflie': AMENT_PREFIX_PATH=/home/vincent/ros2_ws/src/install/crazyflie_interfaces:${AMENT_PREFIX_PATH} CMAKE_PREFIX_PATH=/home/vincent/ros2_ws/src/install/crazyflie_interfaces:/home/vincent/ros2_ws/install/crazyflie_sim:/home/vincent/ros2_ws/install/crazyflie_examples:/home/vincent/ros2_ws/install/crazyflie:/home/vincent/ros2_ws/install/crazyflie_interfaces:/home/vincent/ros2_ws/install/crazyflie_py:/opt/ros/humble LD_LIBRARY_PATH=/home/vincent/ros2_ws/src/install/crazyflie_interfaces/lib:${LD_LIBRARY_PATH} PYTHONPATH=/home/vincent/ros2_ws/src/install/crazyflie_interfaces/local/lib/python3.10/dist-packages:${PYTHONPATH} /usr/bin/cmake --install /home/vincent/ros2_ws/src/build/crazyflie
[45.686s] -- Install configuration: ""
[45.686s] -- Execute custom install script
[45.687s] -- Symlinking: /home/vincent/ros2_ws/src/install/crazyflie/lib/crazyflie/comCheck
[45.695s] -- Symlinking: /home/vincent/ros2_ws/src/install/crazyflie/lib/crazyflie/scan
[45.703s] -- Symlinking: /home/vincent/ros2_ws/src/install/crazyflie/lib/crazyflie/listParams
[45.710s] -- Symlinking: /home/vincent/ros2_ws/src/install/crazyflie/lib/crazyflie/listLogVariables
[45.718s] -- Symlinking: /home/vincent/ros2_ws/src/install/crazyflie/lib/crazyflie/listMemories
[45.725s] -- Symlinking: /home/vincent/ros2_ws/src/install/crazyflie/lib/crazyflie/reboot
[45.733s] -- Symlinking: /home/vincent/ros2_ws/src/install/crazyflie/lib/crazyflie/battery
[45.740s] -- Symlinking: /home/vincent/ros2_ws/src/install/crazyflie/lib/crazyflie/version
[45.747s] -- Symlinking: /home/vincent/ros2_ws/src/install/crazyflie/lib/crazyflie/console
[45.755s] -- Symlinking: /home/vincent/ros2_ws/src/install/crazyflie/lib/crazyflie/log
[45.762s] -- Symlinking: /home/vincent/ros2_ws/src/install/crazyflie/lib/crazyflie/setParam
[45.770s] -- Symlinking: /home/vincent/ros2_ws/src/install/crazyflie/lib/crazyflie/downloadUSDLogfile
[45.779s] -- Symlinking: /home/vincent/ros2_ws/src/install/crazyflie/lib/crazyflie/teleop
[45.787s] -- Symlinking: /home/vincent/ros2_ws/src/install/crazyflie/lib/crazyflie/crazyflie_server
[45.795s] -- Symlinking: /home/vincent/ros2_ws/src/install/crazyflie/lib/crazyflie/crazyflie_server.py
[45.803s] -- Symlinking: /home/vincent/ros2_ws/src/install/crazyflie/lib/crazyflie/chooser.py
[45.810s] -- Symlinking: /home/vincent/ros2_ws/src/install/crazyflie/lib/crazyflie/vel_mux.py
[45.818s] -- Symlinking: /home/vincent/ros2_ws/src/install/crazyflie/lib/crazyflie/cfmult.py
[45.825s] -- Symlinking: /home/vincent/ros2_ws/src/install/crazyflie/lib/crazyflie/simple_mapper_multiranger.py
[45.833s] -- Symlinking: /home/vincent/ros2_ws/src/install/crazyflie/lib/crazyflie/aideck_streamer.py
[45.840s] -- Symlinking: /home/vincent/ros2_ws/src/install/crazyflie/lib/crazyflie/gui.py
[45.847s] -- Symlinking: /home/vincent/ros2_ws/src/install/crazyflie/lib/crazyflie/flash.py
[45.855s] -- Symlinking: /home/vincent/ros2_ws/src/install/crazyflie/share/crazyflie//launch/launch.py
[45.862s] -- Symlinking: /home/vincent/ros2_ws/src/install/crazyflie/share/crazyflie//launch/launch_teleop2.py
[45.870s] -- Symlinking: /home/vincent/ros2_ws/src/install/crazyflie/share/crazyflie//launch/teleop_launch.py
[45.877s] -- Symlinking: /home/vincent/ros2_ws/src/install/crazyflie/share/crazyflie//config/aideck_streamer.yaml
[45.884s] -- Symlinking: /home/vincent/ros2_ws/src/install/crazyflie/share/crazyflie//config/config.rviz
[45.892s] -- Symlinking: /home/vincent/ros2_ws/src/install/crazyflie/share/crazyflie//config/crazyflies.yaml
[45.899s] -- Symlinking: /home/vincent/ros2_ws/src/install/crazyflie/share/crazyflie//config/motion_capture.yaml
[45.907s] -- Symlinking: /home/vincent/ros2_ws/src/install/crazyflie/share/crazyflie//config/server.yaml
[45.914s] -- Symlinking: /home/vincent/ros2_ws/src/install/crazyflie/share/crazyflie//config/teleop.yaml
[45.922s] -- Symlinking: /home/vincent/ros2_ws/src/install/crazyflie/share/crazyflie//urdf/cf2_assembly.stl
[45.929s] -- Symlinking: /home/vincent/ros2_ws/src/install/crazyflie/share/crazyflie//urdf/cf2_assembly_with_props.dae
[45.936s] -- Symlinking: /home/vincent/ros2_ws/src/install/crazyflie/share/crazyflie//urdf/crazyflie_description.urdf
[45.944s] -- Symlinking: /home/vincent/ros2_ws/src/install/crazyflie/share/ament_index/resource_index/package_run_dependencies/crazyflie
[45.952s] -- Symlinking: /home/vincent/ros2_ws/src/install/crazyflie/share/ament_index/resource_index/parent_prefix_path/crazyflie
[45.960s] -- Symlinking: /home/vincent/ros2_ws/src/install/crazyflie/share/crazyflie/environment/ament_prefix_path.sh
[45.968s] -- Symlinking: /home/vincent/ros2_ws/src/install/crazyflie/share/crazyflie/environment/ament_prefix_path.dsv
[45.976s] -- Symlinking: /home/vincent/ros2_ws/src/install/crazyflie/share/crazyflie/environment/path.sh
[45.983s] -- Symlinking: /home/vincent/ros2_ws/src/install/crazyflie/share/crazyflie/environment/path.dsv
[45.990s] -- Symlinking: /home/vincent/ros2_ws/src/install/crazyflie/share/crazyflie/local_setup.bash
[45.999s] -- Symlinking: /home/vincent/ros2_ws/src/install/crazyflie/share/crazyflie/local_setup.sh
[46.008s] -- Symlinking: /home/vincent/ros2_ws/src/install/crazyflie/share/crazyflie/local_setup.zsh
[46.016s] -- Symlinking: /home/vincent/ros2_ws/src/install/crazyflie/share/crazyflie/local_setup.dsv
[46.024s] -- Symlinking: /home/vincent/ros2_ws/src/install/crazyflie/share/crazyflie/package.dsv
[46.032s] -- Symlinking: /home/vincent/ros2_ws/src/install/crazyflie/share/ament_index/resource_index/packages/crazyflie
[46.040s] -- Symlinking: /home/vincent/ros2_ws/src/install/crazyflie/share/crazyflie/cmake/crazyflieConfig.cmake
[46.048s] -- Symlinking: /home/vincent/ros2_ws/src/install/crazyflie/share/crazyflie/cmake/crazyflieConfig-version.cmake
[46.056s] -- Symlinking: /home/vincent/ros2_ws/src/install/crazyflie/share/crazyflie/package.xml
[46.066s] Invoked command in '/home/vincent/ros2_ws/src/build/crazyflie' returned '0': AMENT_PREFIX_PATH=/home/vincent/ros2_ws/src/install/crazyflie_interfaces:${AMENT_PREFIX_PATH} CMAKE_PREFIX_PATH=/home/vincent/ros2_ws/src/install/crazyflie_interfaces:/home/vincent/ros2_ws/install/crazyflie_sim:/home/vincent/ros2_ws/install/crazyflie_examples:/home/vincent/ros2_ws/install/crazyflie:/home/vincent/ros2_ws/install/crazyflie_interfaces:/home/vincent/ros2_ws/install/crazyflie_py:/opt/ros/humble LD_LIBRARY_PATH=/home/vincent/ros2_ws/src/install/crazyflie_interfaces/lib:${LD_LIBRARY_PATH} PYTHONPATH=/home/vincent/ros2_ws/src/install/crazyflie_interfaces/local/lib/python3.10/dist-packages:${PYTHONPATH} /usr/bin/cmake --install /home/vincent/ros2_ws/src/build/crazyflie
