[0.015s] Invoking command in '/home/vincent/ros2_ws/src/build/my_control_package': AMENT_PREFIX_PATH=/home/vincent/ros2_ws/src/install/crazyflie:/home/vincent/ros2_ws/src/install/crazyflie_interfaces:${AMENT_PREFIX_PATH} CMAKE_PREFIX_PATH=/home/vincent/ros2_ws/src/install/crazyflie:/home/vincent/ros2_ws/src/install/crazyflie_interfaces:/home/vincent/ros2_ws/install/my_control_package:/home/vincent/ros2_ws/install/crazyflie_sim:/home/vincent/ros2_ws/install/crazyflie_examples:/home/vincent/ros2_ws/install/crazyflie:/home/vincent/ros2_ws/install/crazyflie_interfaces:/home/vincent/ros2_ws/install/crazyflie_py:/opt/ros/humble LD_LIBRARY_PATH=/home/vincent/ros2_ws/src/install/crazyflie_interfaces/lib:${LD_LIBRARY_PATH} PYTHONPATH=/home/vincent/ros2_ws/src/install/crazyflie_interfaces/local/lib/python3.10/dist-packages:${PYTHONPATH} /usr/bin/cmake --build /home/vincent/ros2_ws/src/build/my_control_package -- -j8 -l8
[0.079s] Built target ament_cmake_python_symlink_my_control_package
[0.085s] Built target ament_cmake_python_symlink_my_control_package_setup
[0.441s] running egg_info
[0.442s] writing my_control_package.egg-info/PKG-INFO
[0.447s] writing dependency_links to my_control_package.egg-info/dependency_links.txt
[0.447s] writing entry points to my_control_package.egg-info/entry_points.txt
[0.447s] writing requirements to my_control_package.egg-info/requires.txt
[0.448s] writing top-level names to my_control_package.egg-info/top_level.txt
[0.449s] reading manifest file 'my_control_package.egg-info/SOURCES.txt'
[0.450s] writing manifest file 'my_control_package.egg-info/SOURCES.txt'
[0.499s] Built target ament_cmake_python_build_my_control_package_egg
[0.513s] Invoked command in '/home/vincent/ros2_ws/src/build/my_control_package' returned '0': AMENT_PREFIX_PATH=/home/vincent/ros2_ws/src/install/crazyflie:/home/vincent/ros2_ws/src/install/crazyflie_interfaces:${AMENT_PREFIX_PATH} CMAKE_PREFIX_PATH=/home/vincent/ros2_ws/src/install/crazyflie:/home/vincent/ros2_ws/src/install/crazyflie_interfaces:/home/vincent/ros2_ws/install/my_control_package:/home/vincent/ros2_ws/install/crazyflie_sim:/home/vincent/ros2_ws/install/crazyflie_examples:/home/vincent/ros2_ws/install/crazyflie:/home/vincent/ros2_ws/install/crazyflie_interfaces:/home/vincent/ros2_ws/install/crazyflie_py:/opt/ros/humble LD_LIBRARY_PATH=/home/vincent/ros2_ws/src/install/crazyflie_interfaces/lib:${LD_LIBRARY_PATH} PYTHONPATH=/home/vincent/ros2_ws/src/install/crazyflie_interfaces/local/lib/python3.10/dist-packages:${PYTHONPATH} /usr/bin/cmake --build /home/vincent/ros2_ws/src/build/my_control_package -- -j8 -l8
[0.557s] Invoking command in '/home/vincent/ros2_ws/src/build/my_control_package': AMENT_PREFIX_PATH=/home/vincent/ros2_ws/src/install/crazyflie:/home/vincent/ros2_ws/src/install/crazyflie_interfaces:${AMENT_PREFIX_PATH} CMAKE_PREFIX_PATH=/home/vincent/ros2_ws/src/install/crazyflie:/home/vincent/ros2_ws/src/install/crazyflie_interfaces:/home/vincent/ros2_ws/install/my_control_package:/home/vincent/ros2_ws/install/crazyflie_sim:/home/vincent/ros2_ws/install/crazyflie_examples:/home/vincent/ros2_ws/install/crazyflie:/home/vincent/ros2_ws/install/crazyflie_interfaces:/home/vincent/ros2_ws/install/crazyflie_py:/opt/ros/humble LD_LIBRARY_PATH=/home/vincent/ros2_ws/src/install/crazyflie_interfaces/lib:${LD_LIBRARY_PATH} PYTHONPATH=/home/vincent/ros2_ws/src/install/crazyflie_interfaces/local/lib/python3.10/dist-packages:${PYTHONPATH} /usr/bin/cmake --install /home/vincent/ros2_ws/src/build/my_control_package
[0.566s] -- Install configuration: ""
[0.567s] -- Execute custom install script
[0.567s] -- Up-to-date symlink: /home/vincent/ros2_ws/src/install/my_control_package/share/my_control_package/environment/pythonpath.sh
[0.568s] -- Up-to-date symlink: /home/vincent/ros2_ws/src/install/my_control_package/share/my_control_package/environment/pythonpath.dsv
[0.568s] -- Up-to-date symlink: /home/vincent/ros2_ws/src/install/my_control_package/local/lib/python3.10/dist-packages/my_control_package-0.1.0-py3.10.egg-info/PKG-INFO
[0.568s] -- Up-to-date symlink: /home/vincent/ros2_ws/src/install/my_control_package/local/lib/python3.10/dist-packages/my_control_package-0.1.0-py3.10.egg-info/SOURCES.txt
[0.569s] -- Up-to-date symlink: /home/vincent/ros2_ws/src/install/my_control_package/local/lib/python3.10/dist-packages/my_control_package-0.1.0-py3.10.egg-info/dependency_links.txt
[0.569s] -- Up-to-date symlink: /home/vincent/ros2_ws/src/install/my_control_package/local/lib/python3.10/dist-packages/my_control_package-0.1.0-py3.10.egg-info/entry_points.txt
[0.569s] -- Up-to-date symlink: /home/vincent/ros2_ws/src/install/my_control_package/local/lib/python3.10/dist-packages/my_control_package-0.1.0-py3.10.egg-info/requires.txt
[0.569s] -- Up-to-date symlink: /home/vincent/ros2_ws/src/install/my_control_package/local/lib/python3.10/dist-packages/my_control_package-0.1.0-py3.10.egg-info/top_level.txt
[0.570s] -- Up-to-date symlink: /home/vincent/ros2_ws/src/install/my_control_package/local/lib/python3.10/dist-packages/my_control_package/__init__.py
[0.570s] -- Up-to-date symlink: /home/vincent/ros2_ws/src/install/my_control_package/local/lib/python3.10/dist-packages/my_control_package/emergency_node.py
[0.571s] -- Up-to-date symlink: /home/vincent/ros2_ws/src/install/my_control_package/local/lib/python3.10/dist-packages/my_control_package/hello_world.py
[0.571s] -- Up-to-date symlink: /home/vincent/ros2_ws/src/install/my_control_package/share/my_control_package//launch/launch.py
[0.571s] -- Up-to-date symlink: /home/vincent/ros2_ws/src/install/my_control_package/share/ament_index/resource_index/package_run_dependencies/my_control_package
[0.572s] -- Up-to-date symlink: /home/vincent/ros2_ws/src/install/my_control_package/share/ament_index/resource_index/parent_prefix_path/my_control_package
[0.572s] -- Up-to-date symlink: /home/vincent/ros2_ws/src/install/my_control_package/share/my_control_package/environment/ament_prefix_path.sh
[0.574s] -- Up-to-date symlink: /home/vincent/ros2_ws/src/install/my_control_package/share/my_control_package/environment/ament_prefix_path.dsv
[0.574s] -- Up-to-date symlink: /home/vincent/ros2_ws/src/install/my_control_package/share/my_control_package/environment/path.sh
[0.574s] -- Up-to-date symlink: /home/vincent/ros2_ws/src/install/my_control_package/share/my_control_package/environment/path.dsv
[0.574s] -- Up-to-date symlink: /home/vincent/ros2_ws/src/install/my_control_package/share/my_control_package/local_setup.bash
[0.574s] -- Up-to-date symlink: /home/vincent/ros2_ws/src/install/my_control_package/share/my_control_package/local_setup.sh
[0.574s] -- Up-to-date symlink: /home/vincent/ros2_ws/src/install/my_control_package/share/my_control_package/local_setup.zsh
[0.574s] -- Up-to-date symlink: /home/vincent/ros2_ws/src/install/my_control_package/share/my_control_package/local_setup.dsv
[0.574s] -- Symlinking: /home/vincent/ros2_ws/src/install/my_control_package/share/my_control_package/package.dsv
[0.586s] -- Up-to-date symlink: /home/vincent/ros2_ws/src/install/my_control_package/share/ament_index/resource_index/packages/my_control_package
[0.587s] -- Up-to-date symlink: /home/vincent/ros2_ws/src/install/my_control_package/share/my_control_package/cmake/my_control_packageConfig.cmake
[0.587s] -- Up-to-date symlink: /home/vincent/ros2_ws/src/install/my_control_package/share/my_control_package/cmake/my_control_packageConfig-version.cmake
[0.587s] -- Up-to-date symlink: /home/vincent/ros2_ws/src/install/my_control_package/share/my_control_package/package.xml
[0.635s] Listing '/home/vincent/ros2_ws/src/install/my_control_package/local/lib/python3.10/dist-packages/my_control_package'...
[0.642s] -- Up-to-date: /home/vincent/ros2_ws/src/install/my_control_package/lib/my_control_package/emergency_node
[0.642s] -- Up-to-date: /home/vincent/ros2_ws/src/install/my_control_package/lib/my_control_package/hello_world
[0.645s] Invoked command in '/home/vincent/ros2_ws/src/build/my_control_package' returned '0': AMENT_PREFIX_PATH=/home/vincent/ros2_ws/src/install/crazyflie:/home/vincent/ros2_ws/src/install/crazyflie_interfaces:${AMENT_PREFIX_PATH} CMAKE_PREFIX_PATH=/home/vincent/ros2_ws/src/install/crazyflie:/home/vincent/ros2_ws/src/install/crazyflie_interfaces:/home/vincent/ros2_ws/install/my_control_package:/home/vincent/ros2_ws/install/crazyflie_sim:/home/vincent/ros2_ws/install/crazyflie_examples:/home/vincent/ros2_ws/install/crazyflie:/home/vincent/ros2_ws/install/crazyflie_interfaces:/home/vincent/ros2_ws/install/crazyflie_py:/opt/ros/humble LD_LIBRARY_PATH=/home/vincent/ros2_ws/src/install/crazyflie_interfaces/lib:${LD_LIBRARY_PATH} PYTHONPATH=/home/vincent/ros2_ws/src/install/crazyflie_interfaces/local/lib/python3.10/dist-packages:${PYTHONPATH} /usr/bin/cmake --install /home/vincent/ros2_ws/src/build/my_control_package
