[0.630s] Invoking command in '/home/vincent/ros2_ws/src/build/crazyflie_py': AMENT_PREFIX_PATH=/home/vincent/ros2_ws/src/install/crazyflie_interfaces:${AMENT_PREFIX_PATH} CMAKE_PREFIX_PATH=/home/vincent/ros2_ws/src/install/crazyflie_interfaces:${CMAKE_PREFIX_PATH} LD_LIBRARY_PATH=/home/vincent/ros2_ws/src/install/crazyflie_interfaces/lib:${LD_LIBRARY_PATH} PYTHONPATH=/home/vincent/ros2_ws/src/build/crazyflie_py/prefix_override:/usr/lib/python3/dist-packages/colcon_core/task/python/colcon_distutils_commands:/home/vincent/ros2_ws/src/install/crazyflie_py/lib/python3.10/site-packages:/home/vincent/ros2_ws/src/install/crazyflie_interfaces/local/lib/python3.10/dist-packages:${PYTHONPATH} /usr/bin/python3 -W ignore:setup.py install is deprecated setup.py develop --editable --build-directory /home/vincent/ros2_ws/src/build/crazyflie_py/build --no-deps symlink_data
[0.903s] running develop
[0.903s] /usr/lib/python3/dist-packages/setuptools/command/easy_install.py:158: EasyInstallDeprecationWarning: easy_install command is deprecated. Use build and pip and other standards-based tools.
[0.903s]   warnings.warn(
[1.075s] running egg_info
[1.076s] creating crazyflie_py.egg-info
[1.076s] writing crazyflie_py.egg-info/PKG-INFO
[1.076s] writing dependency_links to crazyflie_py.egg-info/dependency_links.txt
[1.076s] writing entry points to crazyflie_py.egg-info/entry_points.txt
[1.076s] writing requirements to crazyflie_py.egg-info/requires.txt
[1.076s] writing top-level names to crazyflie_py.egg-info/top_level.txt
[1.076s] writing manifest file 'crazyflie_py.egg-info/SOURCES.txt'
[1.078s] reading manifest file 'crazyflie_py.egg-info/SOURCES.txt'
[1.078s] writing manifest file 'crazyflie_py.egg-info/SOURCES.txt'
[1.080s] running build_ext
[1.080s] Creating /home/vincent/ros2_ws/src/install/crazyflie_py/lib/python3.10/site-packages/crazyflie-py.egg-link (link to .)
[1.081s] 
[1.081s] Installed /home/vincent/ros2_ws/src/build/crazyflie_py
[1.081s] running symlink_data
[1.081s] creating /home/vincent/ros2_ws/src/install/crazyflie_py/share/ament_index
[1.081s] creating /home/vincent/ros2_ws/src/install/crazyflie_py/share/ament_index/resource_index
[1.081s] creating /home/vincent/ros2_ws/src/install/crazyflie_py/share/ament_index/resource_index/packages
[1.081s] symbolically linking /home/vincent/ros2_ws/src/build/crazyflie_py/resource/crazyflie_py -> /home/vincent/ros2_ws/src/install/crazyflie_py/share/ament_index/resource_index/packages
[1.081s] symbolically linking /home/vincent/ros2_ws/src/build/crazyflie_py/package.xml -> /home/vincent/ros2_ws/src/install/crazyflie_py/share/crazyflie_py
[1.111s] Invoked command in '/home/vincent/ros2_ws/src/build/crazyflie_py' returned '0': AMENT_PREFIX_PATH=/home/vincent/ros2_ws/src/install/crazyflie_interfaces:${AMENT_PREFIX_PATH} CMAKE_PREFIX_PATH=/home/vincent/ros2_ws/src/install/crazyflie_interfaces:${CMAKE_PREFIX_PATH} LD_LIBRARY_PATH=/home/vincent/ros2_ws/src/install/crazyflie_interfaces/lib:${LD_LIBRARY_PATH} PYTHONPATH=/home/vincent/ros2_ws/src/build/crazyflie_py/prefix_override:/usr/lib/python3/dist-packages/colcon_core/task/python/colcon_distutils_commands:/home/vincent/ros2_ws/src/install/crazyflie_py/lib/python3.10/site-packages:/home/vincent/ros2_ws/src/install/crazyflie_interfaces/local/lib/python3.10/dist-packages:${PYTHONPATH} /usr/bin/python3 -W ignore:setup.py install is deprecated setup.py develop --editable --build-directory /home/vincent/ros2_ws/src/build/crazyflie_py/build --no-deps symlink_data
